[0mOPTIONS /api/user/signup [32m204[0m 7.161 ms - 0[0m
[0mPOST /api/user/signup [32m200[0m 5214.919 ms - 139[0m
[0mPOST /api/user/signup [32m200[0m 4891.110 ms - 139[0m
[0mOPTIONS /api/user/verify [32m204[0m 0.095 ms - 0[0m
[0mPOST /api/user/verify [32m201[0m 830.715 ms - 178[0m
[0mPOST /api/user/signup [32m200[0m 5230.651 ms - 135[0m
[0mPOST /api/user/verify [32m201[0m 197.085 ms - 43[0m
[0mPOST /api/user/verify [33m400[0m 36.153 ms - 48[0m
[0mPOST /api/user/signup [32m200[0m 4416.262 ms - 137[0m
[0mPOST /api/user/verify [32m201[0m 177.884 ms - 43[0m
[0mGET /api/user/resendOtp [33m400[0m 393.457 ms - 48[0m
[0mOPTIONS /api/user/signup [32m204[0m 5.197 ms - 0[0m
[0mPOST /api/user/signup [32m200[0m 5537.932 ms - 133[0m
[0mOPTIONS /api/user/verify [32m204[0m 0.062 ms - 0[0m
[0mPOST /api/user/verify [32m201[0m 507.282 ms - 43[0m
[0mPOST /api/user/signup [32m200[0m 4313.299 ms - 108[0m
[0mPOST /api/user/signup [32m200[0m 4280.076 ms - 108[0m
[0mPOST /api/user/signup [32m200[0m 4234.310 ms - 108[0m
[0mPOST /api/user/signup [32m200[0m 4665.938 ms - 108[0m
[0mPOST /api/user/signup [32m200[0m 4438.105 ms - 108[0m
[0mPOST /api/user/verify [32m201[0m 192.819 ms - 43[0m
[0mPOST /api/user/signup [32m200[0m 5017.016 ms - 108[0m
[0mPOST /api/user/verify [32m201[0m 207.633 ms - 43[0m
[0mPOST /api/user/signup [32m200[0m 4288.896 ms - 108[0m
[0mPOST /api/user/verify [32m201[0m 179.399 ms - 43[0m
[0mOPTIONS /api/user/login [32m204[0m 1.000 ms - 0[0m
[0mPOST /api/user/login [32m200[0m 215.431 ms - 467[0m
[0mOPTIONS /api/user/vendors?limit=5 [32m204[0m 0.115 ms - 0[0m
[0mGET /api/user/vendors?limit=5 [32m200[0m 167.549 ms - 21029[0m
[0mGET /api/user/vendors?limit=5 [32m200[0m 140.875 ms - 21029[0m
[0mGET /api/user/vendors?limit=5 [32m200[0m 131.905 ms - 21029[0m
[0mOPTIONS /api/user/viewposts [32m204[0m 0.814 ms - 0[0m
[0mGET /api/user/viewposts [32m200[0m 213.596 ms - 28714[0m
[0mGET /api/user/vendors?limit=5 [32m200[0m 226.695 ms - 21029[0m
[0mGET /api/user/vendors?limit=5 [32m200[0m 823.083 ms - 21029[0m
[0mGET /api/user/vendors?limit=5 [32m200[0m 146.946 ms - 21029[0m
[0mGET /api/user/vendors?limit=5 [32m200[0m 163.394 ms - 21029[0m
[0mGET /api/user/viewposts [32m200[0m 193.006 ms - 28714[0m
[0mOPTIONS /api/user/vendors?page=1&limit=3&search= [32m204[0m 0.135 ms - 0[0m
[0mGET /api/user/vendors?page=1&limit=3&search= [32m200[0m 152.090 ms - 13790[0m
[0mGET /api/user/viewposts [32m200[0m 188.781 ms - 28714[0m
[0mGET /api/user/vendors?limit=5 [32m200[0m 145.534 ms - 21029[0m
[0mGET /api/user/viewposts [32m200[0m 188.441 ms - 28714[0m
[0mGET /api/user/vendors?page=1&limit=3&search= [32m200[0m 138.298 ms - 13790[0m
[0mGET /api/user/vendors?limit=5 [32m200[0m 145.708 ms - 21029[0m
[0mGET /api/user/vendors?limit=5 [32m200[0m 157.379 ms - 21029[0m
[0mGET /api/user/vendors?limit=5 [32m200[0m 231.584 ms - 21029[0m
[0mGET /api/user/viewposts [32m200[0m 165.181 ms - 28714[0m
[0mGET /api/user/vendors?limit=5 [32m200[0m 119.624 ms - 21029[0m
[0mGET /api/user/viewposts [32m200[0m 189.784 ms - 28714[0m
[0mGET /api/user/vendors?limit=5 [32m200[0m 139.583 ms - 21029[0m
[0mGET /api/user/viewposts [32m200[0m 153.413 ms - 28714[0m
[0mGET /api/user/vendors?limit=5 [32m200[0m 111.497 ms - 21029[0m
[0mOPTIONS /api/user/vendors?limit=5 [32m204[0m 7.845 ms - 0[0m
[0mGET /api/user/vendors?limit=5 [33m401[0m 748.428 ms - 42[0m
[0mOPTIONS /api/user/refresh-token [32m204[0m 0.133 ms - 0[0m
[0mPOST /api/user/refresh-token [32m200[0m 468.641 ms - 203[0m
[0mGET /api/user/vendors?limit=5 [32m200[0m 190.747 ms - 21029[0m
[0mOPTIONS /api/user/logout [32m204[0m 0.884 ms - 0[0m
[0mPOST /api/user/logout [32m200[0m 56.591 ms - 41[0m
[0mOPTIONS /api/user/login [32m204[0m 0.894 ms - 0[0m
[0mPOST /api/user/login [32m200[0m 236.923 ms - 467[0m
[0mGET /api/user/vendors?limit=5 [32m200[0m 178.874 ms - 21029[0m
[0mOPTIONS /api/user/profile [32m204[0m 1.359 ms - 0[0m
[0mPUT /api/user/profile [32m200[0m 682.252 ms - 719[0m
[0mGET /api/user/vendors?limit=5 [32m200[0m 138.999 ms - 21029[0m
[0mPOST /api/user/logout [32m200[0m 44.539 ms - 41[0m
[0mPOST /api/user/login [32m200[0m 197.482 ms - 945[0m
[0mGET /api/user/vendors?limit=5 [32m200[0m 176.472 ms - 21029[0m
[0mOPTIONS /api/user/vendors?limit=5 [32m204[0m 1.524 ms - 0[0m
[0mGET /api/user/vendors?limit=5 [33m401[0m 46.801 ms - 42[0m
[0mOPTIONS /api/user/refresh-token [32m204[0m 0.084 ms - 0[0m
[0mPOST /api/user/refresh-token [32m200[0m 121.627 ms - 203[0m
[0mGET /api/user/vendors?limit=5 [32m200[0m 188.320 ms - 21029[0m
[0mOPTIONS /api/user/logout [32m204[0m 0.078 ms - 0[0m
[0mPOST /api/user/logout [32m200[0m 32.577 ms - 41[0m
[0mOPTIONS /api/user/login [32m204[0m 0.051 ms - 0[0m
[0mPOST /api/user/login [32m200[0m 181.158 ms - 804[0m
[0mGET /api/user/vendors?limit=5 [32m200[0m 128.382 ms - 21029[0m
[0mPOST /api/user/logout [32m200[0m 30.916 ms - 41[0m
[0mPOST /api/user/login [32m200[0m 172.430 ms - 804[0m
[0mGET /api/user/vendors?limit=5 [32m200[0m 132.515 ms - 21029[0m
[0mPOST /api/user/logout [32m200[0m 50.303 ms - 41[0m
[0mPOST /api/user/login [32m200[0m 212.796 ms - 804[0m
[0mGET /api/user/vendors?limit=5 [32m200[0m 145.658 ms - 21029[0m
[0mPOST /api/user/logout [32m200[0m 33.614 ms - 41[0m
[0mPOST /api/user/login [32m200[0m 172.554 ms - 804[0m
[0mGET /api/user/vendors?limit=5 [32m200[0m 131.985 ms - 21029[0m
[0mOPTIONS /api/user/viewposts [32m204[0m 0.448 ms - 0[0m
[0mGET /api/user/viewposts [32m200[0m 180.585 ms - 28714[0m
[0mGET /api/user/vendors?limit=5 [32m200[0m 122.822 ms - 21029[0m
[0mGET /api/user/viewposts [32m200[0m 155.780 ms - 28714[0m
[0mGET /api/user/vendors?limit=5 [32m200[0m 120.362 ms - 21029[0m
[0mGET /api/user/viewposts [32m200[0m 256.629 ms - 28714[0m
[0mGET /api/user/vendors?limit=5 [32m200[0m 125.040 ms - 21029[0m
[0mGET /api/user/viewposts [32m200[0m 151.577 ms - 28714[0m
[0mOPTIONS /api/user/vendors?page=1&limit=3&search= [32m204[0m 0.046 ms - 0[0m
[0mGET /api/user/vendors?page=1&limit=3&search= [32m200[0m 115.982 ms - 13790[0m
[0mGET /api/user/vendors?limit=5 [32m200[0m 120.618 ms - 21029[0m
[0mGET /api/user/viewposts [32m200[0m 154.151 ms - 28714[0m
[0mGET /api/user/vendors?page=1&limit=3&search= [32m200[0m 111.426 ms - 13790[0m
[0mGET /api/user/vendors?limit=5 [32m200[0m 124.931 ms - 21029[0m
[0mOPTIONS /api/user/portfolio/69b1449a7bea23099ba43554 [32m204[0m 0.063 ms - 0[0m
[0mGET /api/user/portfolio/69b1449a7bea23099ba43554 [32m200[0m 80.749 ms - 1483[0m
[0mGET /api/user/vendors?limit=5 [32m200[0m 125.238 ms - 21029[0m
[0mOPTIONS /api/user/portfolio/69b2700791355507c55a54e0 [32m204[0m 0.076 ms - 0[0m
[0mGET /api/user/portfolio/69b2700791355507c55a54e0 [32m200[0m 69.206 ms - 1861[0m
[0mGET /api/user/vendors?limit=5 [32m200[0m 125.650 ms - 21029[0m
[0mOPTIONS /api/user/portfolio/69a6c2ca05e53388a6059fd0 [32m204[0m 0.080 ms - 0[0m
[0mGET /api/user/portfolio/69a6c2ca05e53388a6059fd0 [32m200[0m 141.622 ms - 12939[0m
[0mGET /api/user/vendors?limit=5 [32m200[0m 138.970 ms - 21029[0m
[0mOPTIONS /api/user/portfolio/69b1222c017afb8b8f438763 [32m204[0m 0.055 ms - 0[0m
[0mGET /api/user/portfolio/69b1222c017afb8b8f438763 [32m200[0m 153.887 ms - 9367[0m
[0mGET /api/user/vendors?limit=5 [32m200[0m 133.169 ms - 21029[0m
[0mGET /api/user/vendors?limit=5 [32m200[0m 28591.688 ms - 21029[0m
[0mGET /api/user/vendors?limit=5 [32m200[0m 135.322 ms - 21029[0m
[0mGET /api/user/viewposts [32m200[0m 151.822 ms - 28714[0m
[0mGET /api/user/vendors?limit=5 [32m200[0m 109.354 ms - 21029[0m
[0mGET /api/user/viewposts [32m200[0m 145.178 ms - 28714[0m
[0mGET /api/user/vendors?limit=5 [32m200[0m 117.327 ms - 21029[0m
[0mGET /api/user/viewposts [32m200[0m 144.961 ms - 28714[0m
[0mGET /api/user/vendors?page=1&limit=3&search= [32m200[0m 129.222 ms - 13790[0m
[0mGET /api/user/viewposts [32m200[0m 147.345 ms - 28714[0m
[0mGET /api/user/vendors?limit=5 [32m200[0m 112.509 ms - 21029[0m
