[0mOPTIONS /api/admin/login [32m204[0m 1.231 ms - 0[0m
[0mPOST /api/admin/login [32m200[0m 141.576 ms - 762[0m
[0mOPTIONS /api/admin/dashboard [32m204[0m 0.119 ms - 0[0m
[0mGET /api/admin/dashboard [32m200[0m 42.769 ms - 133[0m
[0mOPTIONS /api/admin/users?page=1&limit=5&search= [32m204[0m 0.090 ms - 0[0m
[0mGET /api/admin/users?page=1&limit=5&search= [32m200[0m 76.281 ms - 1098[0m
[0mOPTIONS /api/admin/vendors?page=1&limit=5&search= [32m204[0m 0.106 ms - 0[0m
[0mGET /api/admin/vendors?page=1&limit=5&search= [32m200[0m 145.314 ms - 9274[0m
[0mGET /api/admin/dashboard [36m304[0m 39.049 ms - -[0m
[0mOPTIONS /api/vendor/login [32m204[0m 0.104 ms - 0[0m
[0mPOST /api/vendor/login [32m200[0m 174.729 ms - 2005[0m
[0mOPTIONS /api/vendor/vendorDetails [32m204[0m 0.082 ms - 0[0m
[0mGET /api/vendor/vendorDetails [32m200[0m 89.489 ms - 5511[0m
[0mOPTIONS /api/vendor/profile [32m204[0m 0.063 ms - 0[0m
[0mGET /api/vendor/profile [32m200[0m 47.423 ms - 1693[0m
[0mGET /api/vendor/vendorDetails [32m200[0m 102.840 ms - 5511[0m
[0mGET /api/vendor/profile [32m200[0m 40.259 ms - 1693[0m
[0mOPTIONS /api/admin/login [32m204[0m 1.063 ms - 0[0m
[0mPOST /api/admin/login [32m200[0m 122.833 ms - 762[0m
[0mOPTIONS /api/admin/dashboard [32m204[0m 0.074 ms - 0[0m
[0mGET /api/admin/dashboard [32m200[0m 109.166 ms - 133[0m
[0mOPTIONS /api/admin/users?page=1&limit=5&search= [32m204[0m 0.099 ms - 0[0m
[0mGET /api/admin/users?page=1&limit=5&search= [32m200[0m 75.057 ms - 1098[0m
[0mOPTIONS /api/admin/vendors?page=1&limit=5&search= [32m204[0m 0.085 ms - 0[0m
[0mGET /api/admin/vendors?page=1&limit=5&search= [32m200[0m 100.945 ms - 9274[0m
[0mGET /api/admin/users?page=1&limit=5&search= [36m304[0m 94.823 ms - -[0m
[0mGET /api/admin/vendors?page=1&limit=5&search= [32m200[0m 181.544 ms - 9274[0m
[0mGET /api/admin/dashboard [36m304[0m 38.363 ms - -[0m
[0mGET /api/admin/vendors?page=1&limit=5&search= [32m200[0m 81.404 ms - 9274[0m
[0mOPTIONS /api/user/login [32m204[0m 0.070 ms - 0[0m
[0mPOST /api/user/login [32m200[0m 145.095 ms - 947[0m
[0mOPTIONS /api/user/vendors?limit=5 [32m204[0m 0.068 ms - 0[0m
[0mGET /api/user/vendors?limit=5 [32m200[0m 77.034 ms - 9274[0m
[0mOPTIONS /api/vendor/login [32m204[0m 0.069 ms - 0[0m
[0mPOST /api/vendor/login [32m200[0m 138.223 ms - 2005[0m
[0mOPTIONS /api/vendor/vendorDetails [32m204[0m 0.055 ms - 0[0m
[0mGET /api/vendor/vendorDetails [32m200[0m 82.368 ms - 5511[0m
[0mOPTIONS /api/vendor/profile [32m204[0m 0.057 ms - 0[0m
[0mGET /api/vendor/profile [32m200[0m 43.384 ms - 1693[0m
[0mGET /api/vendor/vendorDetails [32m200[0m 76.151 ms - 5511[0m
[0mOPTIONS /api/user/logout [32m204[0m 0.118 ms - 0[0m
[0mPOST /api/user/logout [32m200[0m 1.691 ms - 41[0m
[0mOPTIONS /api/user/forgot-password [32m204[0m 0.061 ms - 0[0m
[0mPOST /api/user/forgot-password [33m400[0m 57.654 ms - 34[0m
[0mPOST /api/user/forgot-password [33m400[0m 88.666 ms - 34[0m
[0mOPTIONS /api/user/google/register [32m204[0m 2.831 ms - 0[0m
[0mPOST /api/user/google/register [33m400[0m 41.432 ms - 27[0m
[0mPOST /api/user/google/register [33m400[0m 1.121 ms - 27[0m
[0mPOST /api/user/google/register [33m400[0m 1.397 ms - 27[0m
[0mPOST /api/user/google/register [33m400[0m 0.751 ms - 27[0m
[0mPOST /api/user/google/register [33m400[0m 25.753 ms - 27[0m
[0mOPTIONS /api/user/vendors?limit=5 [32m204[0m 0.189 ms - 0[0m
[0mGET /api/user/vendors?limit=5 [31m500[0m 11.066 ms - 1109[0m
[0mGET /api/user/vendors?limit=5 [31m500[0m 3.740 ms - 1109[0m
[0mOPTIONS /api/user/logout [32m204[0m 0.102 ms - 0[0m
[0mPOST /api/user/logout [32m200[0m 1.836 ms - 41[0m
[0mOPTIONS /api/user/google/login [32m204[0m 0.105 ms - 0[0m
[0mPOST /api/user/google/login [32m200[0m 143.414 ms - 583[0m
[0mGET /api/user/vendors?limit=5 [32m200[0m 120.925 ms - 9274[0m
[0mPOST /api/user/logout [32m200[0m 0.766 ms - 41[0m
[0mOPTIONS /api/admin/vendors?page=1&limit=5&search= [32m204[0m 6.628 ms - 0[0m
[0mGET /api/admin/vendors?page=1&limit=5&search= [31m500[0m 73.830 ms - 1109[0m
[0mOPTIONS /api/vendor/vendorDetails [32m204[0m 0.106 ms - 0[0m
[0mGET /api/vendor/vendorDetails [31m500[0m 11.916 ms - 1109[0m
[0mOPTIONS /api/vendor/logout [32m204[0m 1.764 ms - 0[0m
[0mPOST /api/vendor/logout [32m200[0m 45.282 ms - 44[0m
[0mPOST /api/vendor/signup [31m500[0m 47.588 ms - 1141[0m
[0mPOST /api/vendor/signup [31m500[0m 2580.056 ms - 52[0m
[0mPOST /api/vendor/signup [31m500[0m 3450.375 ms - 52[0m
[0mPOST /api/vendor/signup [31m500[0m 2753.197 ms - 52[0m
[0mPOST /api/vendor/signup [32m200[0m 5971.247 ms - 133[0m
[0mOPTIONS /api/vendor/verify-email [32m204[0m 0.351 ms - 0[0m
[0mPOST /api/vendor/verify-email [32m201[0m 551.707 ms - 318[0m
[0mOPTIONS /api/admin/vendors?page=1&limit=5&search= [32m204[0m 0.068 ms - 0[0m
[0mGET /api/admin/vendors?page=1&limit=5&search= [31m500[0m 36.738 ms - 1109[0m
[0mOPTIONS /api/admin/logout [32m204[0m 0.070 ms - 0[0m
[0mGET /api/admin/logout [31m500[0m 2.684 ms - 1109[0m
[0mOPTIONS /api/admin/login [32m204[0m 0.097 ms - 0[0m
[0mPOST /api/admin/login [32m200[0m 96.277 ms - 762[0m
[0mOPTIONS /api/admin/dashboard [32m204[0m 0.056 ms - 0[0m
[0mGET /api/admin/dashboard [32m200[0m 45.112 ms - 133[0m
[0mOPTIONS /api/admin/vendors?page=1&limit=5&search= [32m204[0m 0.045 ms - 0[0m
[0mGET /api/admin/vendors?page=1&limit=5&search= [32m200[0m 108.143 ms - 11502[0m
[0mGET /api/admin/vendors?page=1&limit=5&search= [32m200[0m 184.687 ms - 11502[0m
[0mOPTIONS /api/admin/login [32m204[0m 0.716 ms - 0[0m
[0mPOST /api/admin/login [32m200[0m 102.374 ms - 762[0m
[0mOPTIONS /api/admin/dashboard [32m204[0m 0.062 ms - 0[0m
[0mGET /api/admin/dashboard [32m200[0m 37.295 ms - 133[0m
[0mOPTIONS /api/admin/vendors?page=1&limit=5&search= [32m204[0m 0.071 ms - 0[0m
[0mGET /api/admin/vendors?page=1&limit=5&search= [32m200[0m 102.337 ms - 12428[0m
[0mOPTIONS /api/admin/vendors/69af97e4871a31f5074917ee/status [32m204[0m 0.118 ms - 0[0m
[0mPUT /api/admin/vendors/69af97e4871a31f5074917ee/status [32m200[0m 3301.883 ms - 61[0m
[0mOPTIONS /api/admin/vendorblock-unblock?vendorId=69af97e4871a31f5074917ee [32m204[0m 0.119 ms - 0[0m
[0mPATCH /api/admin/vendorblock-unblock?vendorId=69af97e4871a31f5074917ee [32m200[0m 70.095 ms - 86[0m
[0mPATCH /api/admin/vendorblock-unblock?vendorId=69af97e4871a31f5074917ee [32m200[0m 67.828 ms - 88[0m
[0mGET /api/admin/vendors?page=1&limit=5&search= [32m200[0m 942.878 ms - 12425[0m
[0mOPTIONS /api/admin/vendors?page=1&limit=5&search= [32m204[0m 2.934 ms - 0[0m
[0mGET /api/admin/vendors?page=1&limit=5&search= [31m500[0m 128.241 ms - 1109[0m
[0mOPTIONS /api/admin/login [32m204[0m 0.217 ms - 0[0m
[0mPOST /api/admin/login [32m200[0m 523.969 ms - 762[0m
[0mOPTIONS /api/admin/dashboard [32m204[0m 0.085 ms - 0[0m
[0mGET /api/admin/dashboard [32m200[0m 271.746 ms - 133[0m
[0mOPTIONS /api/admin/vendors?page=1&limit=5&search= [32m204[0m 0.076 ms - 0[0m
[0mGET /api/admin/vendors?page=1&limit=5&search= [32m200[0m 156.405 ms - 12425[0m
[0mGET /api/admin/dashboard [36m304[0m 36.100 ms - -[0m
[0mOPTIONS /api/admin/users?page=1&limit=5&search= [32m204[0m 0.062 ms - 0[0m
[0mGET /api/admin/users?page=1&limit=5&search= [32m200[0m 111.443 ms - 609[0m
[0mOPTIONS /api/admin/users?page=1&limit=5&search= [32m204[0m 2.022 ms - 0[0m
[0mGET /api/admin/users?page=1&limit=5&search= [31m500[0m 102.374 ms - 1109[0m
[0mOPTIONS /api/admin/vendors?page=1&limit=5&search= [32m204[0m 0.089 ms - 0[0m
[0mGET /api/admin/vendors?page=1&limit=5&search= [31m500[0m 14.502 ms - 1109[0m
[0mOPTIONS /api/admin/login [32m204[0m 1.196 ms - 0[0m
[0mPOST /api/admin/login [33m401[0m 596.786 ms - 32[0m
[0mPOST /api/admin/login [33m401[0m 33.934 ms - 32[0m
[0mPOST /api/admin/login [32m200[0m 114.966 ms - 762[0m
[0mOPTIONS /api/admin/dashboard [32m204[0m 0.041 ms - 0[0m
[0mGET /api/admin/dashboard [32m200[0m 267.587 ms - 133[0m
[0mOPTIONS /api/admin/users?page=1&limit=5&search= [32m204[0m 0.040 ms - 0[0m
[0mGET /api/admin/users?page=1&limit=5&search= [32m200[0m 86.645 ms - 609[0m
[0mOPTIONS /api/admin/vendors?page=1&limit=5&search= [32m204[0m 0.037 ms - 0[0m
[0mGET /api/admin/vendors?page=1&limit=5&search= [32m200[0m 139.125 ms - 12425[0m
[0mGET /api/admin/dashboard [36m304[0m 36.844 ms - -[0m
[0mOPTIONS /api/vendor/login [32m204[0m 0.063 ms - 0[0m
[0mPOST /api/vendor/login [33m401[0m 455.309 ms - 35[0m
[0mOPTIONS /api/user/login [32m204[0m 0.057 ms - 0[0m
[0mPOST /api/user/login [32m200[0m 182.821 ms - 947[0m
[0mOPTIONS /api/user/vendors?limit=5 [32m204[0m 0.140 ms - 0[0m
[0mGET /api/user/vendors?limit=5 [32m200[0m 131.366 ms - 12425[0m
[0mGET /api/user/vendors?limit=5 [32m200[0m 117.655 ms - 12425[0m
[0mOPTIONS /api/user/portfolio/69af97e4871a31f5074917ee [32m204[0m 0.059 ms - 0[0m
[0mGET /api/user/portfolio/69af97e4871a31f5074917ee [32m200[0m 112.091 ms - 936[0m
[0mGET /api/user/portfolio/69af97e4871a31f5074917ee [36m304[0m 69.578 ms - -[0m
[0mOPTIONS /api/admin/login [32m204[0m 40.785 ms - 0[0m
[0mPOST /api/admin/login [32m200[0m 537.564 ms - 762[0m
[0mOPTIONS /api/admin/dashboard [32m204[0m 0.135 ms - 0[0m
[0mGET /api/admin/dashboard [32m200[0m 67.727 ms - 133[0m
[0mOPTIONS /api/admin/vendors?page=1&limit=5&search= [32m204[0m 0.090 ms - 0[0m
[0mGET /api/admin/vendors?page=1&limit=5&search= [32m200[0m 238.991 ms - 12425[0m
[0mPOST /api/vendor/signup [32m200[0m 7164.863 ms - 134[0m
[0mOPTIONS /api/vendor/verify-email [32m204[0m 0.066 ms - 0[0m
[0mPOST /api/vendor/verify-email [32m201[0m 217.799 ms - 300[0m
[0mOPTIONS /api/vendor/login [32m204[0m 0.048 ms - 0[0m
[0mPOST /api/vendor/login [33m403[0m 165.621 ms - 48[0m
[0mPOST /api/vendor/login [33m403[0m 151.695 ms - 48[0m
[0mGET /api/admin/vendors?page=1&limit=5&search= [32m200[0m 130.418 ms - 15507[0m
[0mGET /api/admin/vendors?page=1&limit=5&search= [32m200[0m 152.876 ms - 15687[0m
[0mGET /api/admin/vendors?page=1&limit=5&search= [32m200[0m 134.619 ms - 15687[0m
[0mGET /api/admin/vendors?page=1&limit=5&search= [32m200[0m 90.916 ms - 15687[0m
[0mGET /api/admin/vendors?page=1&limit=5&search= [32m200[0m 97.804 ms - 15687[0m
[0mGET /api/admin/vendors?page=1&limit=5&search= [32m200[0m 77.286 ms - 15687[0m
[0mGET /api/admin/vendors?page=1&limit=5&search= [32m200[0m 98.057 ms - 15687[0m
[0mGET /api/admin/vendors?page=1&limit=5&search= [32m200[0m 149.463 ms - 15687[0m
[0mGET /api/admin/vendors?page=1&limit=5&search= [32m200[0m 87.098 ms - 15687[0m
[0mGET /api/admin/vendors?page=1&limit=5&search= [32m200[0m 126.012 ms - 15687[0m
[0mOPTIONS /api/admin/vendors/69b0e769c4abc23d90105d9c/status [32m204[0m 2.011 ms - 0[0m
[0mPUT /api/admin/vendors/69b0e769c4abc23d90105d9c/status [32m200[0m 3614.254 ms - 61[0m
[0mPOST /api/vendor/login [33m403[0m 175.505 ms - 41[0m
[0mPOST /api/vendor/login [32m200[0m 2132.620 ms - 663[0m
[0mOPTIONS /api/vendor/profile [32m204[0m 0.317 ms - 0[0m
[0mGET /api/vendor/profile [32m200[0m 80.048 ms - 298[0m
[0mGET /api/vendor/profile [36m304[0m 73.858 ms - -[0m
[0mOPTIONS /api/vendor/posts [32m204[0m 0.076 ms - 0[0m
[0mGET /api/vendor/posts [32m200[0m 179.424 ms - 81[0m
[0mGET /api/vendor/posts [36m304[0m 68.932 ms - -[0m
[0mOPTIONS /api/vendor/reapply [32m204[0m 4.757 ms - 0[0m
[0mPOST /api/vendor/reapply [31m500[0m 179.537 ms - 1109[0m
[0mPOST /api/vendor/reapply [31m500[0m 49.956 ms - 1109[0m
[0mPOST /api/vendor/reapply [31m500[0m 49.143 ms - 1109[0m
[0mPOST /api/vendor/reapply [31m500[0m 51.759 ms - 1109[0m
[0mPOST /api/vendor/reapply [31m500[0m 47.197 ms - 1109[0m
[0mPOST /api/vendor/reapply [31m500[0m 41.031 ms - 1109[0m
[0mPOST /api/vendor/reapply [31m500[0m 34.265 ms - 1109[0m
[0mOPTIONS /api/admin/vendors?page=1&limit=5&search= [32m204[0m 1.421 ms - 0[0m
[0mGET /api/admin/vendors?page=1&limit=5&search= [33m401[0m 8.037 ms - 42[0m
[0mOPTIONS /api/admin/refresh-token [32m204[0m 0.060 ms - 0[0m
[0mPOST /api/admin/refresh-token [33m401[0m 17.114 ms - 36[0m
[0mPOST /api/vendor/reapply [33m401[0m 47.736 ms - 42[0m
[0mOPTIONS /api/vendor/refresh-token [32m204[0m 0.117 ms - 0[0m
[0mPOST /api/vendor/refresh-token [32m200[0m 102.380 ms - 205[0m
[0mPOST /api/vendor/reapply [32m200[0m 3320.142 ms - 95[0m
[0mOPTIONS /api/admin/login [32m204[0m 0.089 ms - 0[0m
[0mPOST /api/admin/login [33m401[0m 110.692 ms - 32[0m
[0mPOST /api/admin/login [32m200[0m 94.842 ms - 762[0m
[0mOPTIONS /api/admin/dashboard [32m204[0m 0.061 ms - 0[0m
[0mGET /api/admin/dashboard [32m200[0m 41.328 ms - 133[0m
[0mGET /api/admin/vendors?page=1&limit=5&search= [32m200[0m 118.498 ms - 15899[0m
[0mOPTIONS /api/admin/vendorblock-unblock?vendorId=69b0e769c4abc23d90105d9c [32m204[0m 0.057 ms - 0[0m
[0mPATCH /api/admin/vendorblock-unblock?vendorId=69b0e769c4abc23d90105d9c [32m200[0m 81.165 ms - 88[0m
[0mPATCH /api/admin/vendorblock-unblock?vendorId=69b0e769c4abc23d90105d9c [32m200[0m 88.171 ms - 86[0m
[0mGET /api/admin/vendors?page=1&limit=5&search= [32m200[0m 163.068 ms - 15899[0m
[0mGET /api/admin/vendors?page=1&limit=5&search= [32m200[0m 198.701 ms - 15899[0m
[0mOPTIONS /api/admin/vendors?page=1&limit=5&search=&status=accepted [32m204[0m 0.926 ms - 0[0m
[0mGET /api/admin/vendors?page=1&limit=5&search=&status=accepted [32m200[0m 150.079 ms - 12569[0m
[0mOPTIONS /api/admin/vendors?page=1&limit=5&search=&status=requested [32m204[0m 0.069 ms - 0[0m
[0mGET /api/admin/vendors?page=1&limit=5&search=&status=requested [32m200[0m 319.265 ms - 62[0m
[0mOPTIONS /api/admin/vendors?page=1&limit=5&search=&status=rejected [32m204[0m 0.056 ms - 0[0m
[0mGET /api/admin/vendors?page=1&limit=5&search=&status=rejected [32m200[0m 139.870 ms - 62[0m
[0mOPTIONS /api/admin/vendors?page=1&limit=5&search=&status=reapplied [32m204[0m 0.064 ms - 0[0m
[0mGET /api/admin/vendors?page=1&limit=5&search=&status=reapplied [32m200[0m 103.606 ms - 15899[0m
[0mGET /api/admin/vendors?page=1&limit=5&search= [32m200[0m 193.559 ms - 15899[0m
[0mGET /api/admin/vendors?page=1&limit=5&search=&status=accepted [32m200[0m 135.335 ms - 12569[0m
[0mGET /api/admin/vendors?page=1&limit=5&search= [32m200[0m 128.181 ms - 15899[0m
[0mGET /api/admin/vendors?page=1&limit=5&search= [32m200[0m 133.576 ms - 15899[0m
[0mGET /api/admin/vendors?page=1&limit=5&search=&status=reapplied [32m200[0m 71.078 ms - 3391[0m
[0mGET /api/admin/vendors?page=1&limit=5&search= [32m200[0m 90.681 ms - 15899[0m
[0mOPTIONS /api/admin/vendors/69b0e769c4abc23d90105d9c/status [32m204[0m 0.156 ms - 0[0m
[0mPUT /api/admin/vendors/69b0e769c4abc23d90105d9c/status [32m200[0m 3766.281 ms - 61[0m
[0mGET /api/admin/vendors?page=1&limit=5&search=&status=reapplied [32m200[0m 62.280 ms - 62[0m
[0mGET /api/admin/vendors?page=1&limit=5&search= [32m200[0m 86.061 ms - 15874[0m
[0mOPTIONS /api/vendor/profile [32m204[0m 0.120 ms - 0[0m
[0mGET /api/vendor/profile [32m200[0m 77.859 ms - 297[0m
[0mGET /api/vendor/profile [36m304[0m 68.448 ms - -[0m
[0mOPTIONS /api/vendor/logout [32m204[0m 0.076 ms - 0[0m
[0mPOST /api/vendor/logout [32m200[0m 38.837 ms - 44[0m
[0mOPTIONS /api/vendor/login [32m204[0m 0.070 ms - 0[0m
[0mPOST /api/vendor/login [32m200[0m 172.195 ms - 626[0m
[0mOPTIONS /api/vendor/vendorDetails [32m204[0m 0.080 ms - 0[0m
[0mGET /api/vendor/profile [32m200[0m 80.005 ms - 297[0m
[0mGET /api/vendor/vendorDetails [32m200[0m 373.560 ms - 981[0m
[0mGET /api/vendor/profile [36m304[0m 62.010 ms - -[0m
[0mGET /api/vendor/profile [36m304[0m 71.472 ms - -[0m
[0mGET /api/vendor/vendorDetails [36m304[0m 93.286 ms - -[0m
[0mOPTIONS /api/user/login [32m204[0m 0.072 ms - 0[0m
[0mPOST /api/user/login [32m200[0m 136.757 ms - 947[0m
[0mOPTIONS /api/user/vendors?limit=5 [32m204[0m 0.087 ms - 0[0m
[0mGET /api/user/vendors?limit=5 [32m200[0m 91.242 ms - 15874[0m
[0mOPTIONS /api/user/viewposts [32m204[0m 0.094 ms - 0[0m
[0mGET /api/user/viewposts [32m200[0m 393.373 ms - 17568[0m
[0mOPTIONS /api/user/vendors?page=1&limit=3&search= [32m204[0m 0.084 ms - 0[0m
[0mGET /api/user/vendors?page=1&limit=3&search= [32m200[0m 118.264 ms - 8648[0m
[0mOPTIONS /api/user/vendors?page=2&limit=3&search= [32m204[0m 0.098 ms - 0[0m
[0mGET /api/user/vendors?page=2&limit=3&search= [32m200[0m 70.259 ms - 7287[0m
[0mGET /api/user/viewposts [32m200[0m 102.723 ms - 17568[0m
[0mGET /api/user/vendors?page=1&limit=3&search= [32m200[0m 82.215 ms - 8648[0m
[0mOPTIONS /api/admin/login [32m204[0m 1.174 ms - 0[0m
[0mPOST /api/admin/login [32m200[0m 126.194 ms - 762[0m
[0mOPTIONS /api/admin/dashboard [32m204[0m 0.098 ms - 0[0m
[0mGET /api/admin/dashboard [32m200[0m 39.837 ms - 133[0m
[0mOPTIONS /api/admin/vendors?page=1&limit=5&search= [32m204[0m 0.056 ms - 0[0m
[0mGET /api/admin/vendors?page=1&limit=5&search= [32m200[0m 112.206 ms - 7287[0m
[0mOPTIONS /api/admin/users?page=1&limit=5&search= [32m204[0m 0.069 ms - 0[0m
[0mGET /api/admin/users?page=1&limit=5&search= [32m200[0m 171.311 ms - 609[0m
[0mGET /api/admin/vendors?page=1&limit=5&search= [32m200[0m 101.131 ms - 7287[0m
[0mPOST /api/vendor/signup [32m200[0m 6243.689 ms - 143[0m
[0mOPTIONS /api/vendor/verify-email [32m204[0m 0.082 ms - 0[0m
[0mPOST /api/vendor/verify-email [32m201[0m 336.163 ms - 1526[0m
[0mOPTIONS /api/vendor/login [32m204[0m 0.054 ms - 0[0m
[0mPOST /api/vendor/login [33m401[0m 107.434 ms - 35[0m
[0mPOST /api/vendor/login [33m403[0m 143.625 ms - 56[0m
[0mPOST /api/vendor/login [33m403[0m 136.064 ms - 56[0m
[0mPOST /api/vendor/login [33m403[0m 151.565 ms - 56[0m
[0mGET /api/admin/vendors?page=1&limit=5&search= [32m200[0m 97.673 ms - 12649[0m
[0mOPTIONS /api/admin/vendors?page=1&limit=5&search=&status=requested [32m204[0m 0.071 ms - 0[0m
[0mGET /api/admin/vendors?page=1&limit=5&search=&status=requested [32m200[0m 105.043 ms - 5423[0m
[0mOPTIONS /api/admin/vendors/69b1222c017afb8b8f438763/status [32m204[0m 0.053 ms - 0[0m
[0mPUT /api/admin/vendors/69b1222c017afb8b8f438763/status [32m200[0m 2876.259 ms - 61[0m
[0mPOST /api/vendor/login [32m200[0m 363.259 ms - 1907[0m
[0mOPTIONS /api/vendor/profile [32m204[0m 0.052 ms - 0[0m
[0mGET /api/vendor/profile [32m200[0m 171.373 ms - 1524[0m
[0mOPTIONS /api/vendor/reapply [32m204[0m 0.057 ms - 0[0m
[0mPOST /api/vendor/reapply [32m200[0m 3333.536 ms - 95[0m
[0mGET /api/admin/vendors?page=1&limit=5&search= [32m200[0m 81.766 ms - 12860[0m
[0mPUT /api/admin/vendors/69b1222c017afb8b8f438763/status [32m200[0m 3051.892 ms - 61[0m
[0mGET /api/vendor/profile [32m200[0m 78.023 ms - 1523[0m
[0mOPTIONS /api/vendor/logout [32m204[0m 0.047 ms - 0[0m
[0mPOST /api/vendor/logout [32m200[0m 46.601 ms - 44[0m
[0mPOST /api/vendor/login [32m200[0m 289.415 ms - 1852[0m
[0mOPTIONS /api/vendor/vendorDetails [32m204[0m 0.060 ms - 0[0m
[0mGET /api/vendor/profile [32m200[0m 310.416 ms - 1523[0m
[0mGET /api/vendor/vendorDetails [32m200[0m 925.055 ms - 2293[0m
[0mGET /api/vendor/profile [36m304[0m 74.734 ms - -[0m
[0mPUT /api/vendor/profile [32m201[0m 691.725 ms - 2025[0m
[0mGET /api/vendor/profile [32m200[0m 76.204 ms - 2025[0m
[0mGET /api/vendor/vendorDetails [32m200[0m 106.572 ms - 2333[0m
[0mGET /api/vendor/vendorDetails [32m200[0m 140.566 ms - 2333[0m
[0mGET /api/vendor/profile [32m200[0m 363.174 ms - 2025[0m
[0mGET /api/vendor/profile [32m200[0m 72.154 ms - 2025[0m
[0mGET /api/vendor/profile [32m200[0m 184.962 ms - 2025[0m
[0mGET /api/vendor/vendorDetails [36m304[0m 321.177 ms - -[0m
[0mOPTIONS /api/vendor/dateAvailabilty [32m204[0m 0.238 ms - 0[0m
[0mGET /api/vendor/profile [32m200[0m 76.116 ms - 2025[0m
[0mGET /api/vendor/dateAvailabilty [32m200[0m 78.321 ms - 2470[0m
[0mGET /api/vendor/dateAvailabilty [36m304[0m 70.688 ms - -[0m
[0mGET /api/vendor/profile [32m200[0m 102.615 ms - 2025[0m
[0mGET /api/vendor/vendorDetails [36m304[0m 117.458 ms - -[0m
[0mGET /api/vendor/vendorDetails [36m304[0m 137.354 ms - -[0m
[0mGET /api/vendor/profile [32m200[0m 354.277 ms - 2025[0m
[0mGET /api/vendor/profile [32m200[0m 71.513 ms - 2025[0m
[0mGET /api/vendor/vendorDetails [36m304[0m 97.694 ms - -[0m
[0mGET /api/vendor/profile [32m200[0m 251.491 ms - 2025[0m
[0mGET /api/vendor/vendorDetails [32m200[0m 269.576 ms - 2333[0m
[0mGET /api/vendor/vendorDetails [36m304[0m 238.199 ms - -[0m
[0mGET /api/vendor/profile [32m200[0m 610.096 ms - 2025[0m
[0mGET /api/vendor/profile [32m200[0m 79.424 ms - 2025[0m
[0mGET /api/vendor/profile [32m200[0m 72.565 ms - 2025[0m
[0mGET /api/vendor/profile [32m200[0m 73.853 ms - 2025[0m
[0mGET /api/vendor/vendorDetails [36m304[0m 100.971 ms - -[0m
[0mGET /api/vendor/vendorDetails [32m200[0m 243.129 ms - 2333[0m
[0mGET /api/vendor/profile [32m200[0m 666.945 ms - 2025[0m
[0mGET /api/vendor/vendorDetails [36m304[0m 127.334 ms - -[0m
[0mGET /api/vendor/profile [32m200[0m 372.258 ms - 2025[0m
[0mPOST /api/vendor/logout [32m200[0m 39.570 ms - 44[0m
[0mPOST /api/vendor/login [32m200[0m 221.801 ms - 2355[0m
[0mGET /api/vendor/profile [32m200[0m 82.816 ms - 2025[0m
[0mGET /api/vendor/vendorDetails [32m200[0m 100.062 ms - 2333[0m
[0mGET /api/vendor/profile [36m304[0m 76.175 ms - -[0m
[0mGET /api/vendor/profile [32m200[0m 93.012 ms - 2025[0m
[0mGET /api/vendor/profile [32m200[0m 79.263 ms - 2025[0m
[0mGET /api/vendor/vendorDetails [36m304[0m 106.460 ms - -[0m
[0mOPTIONS /api/vendor/posts [32m204[0m 0.862 ms - 0[0m
[0mGET /api/vendor/posts [32m200[0m 81.739 ms - 81[0m
[0mOPTIONS /api/vendor/add-post [32m204[0m 0.100 ms - 0[0m
[0mPOST /api/vendor/add-post [32m200[0m 555.476 ms - 792[0m
[0mGET /api/vendor/posts [32m200[0m 101.925 ms - 3598[0m
[0mOPTIONS /api/vendor/edit-post/69b12995351223a588a8ed3a [32m204[0m 0.058 ms - 0[0m
[0mPUT /api/vendor/edit-post/69b12995351223a588a8ed3a [33m404[0m 165.704 ms - 184[0m
[0mOPTIONS /api/user/login [32m204[0m 0.052 ms - 0[0m
[0mPOST /api/user/login [32m200[0m 134.212 ms - 947[0m
[0mOPTIONS /api/user/vendors?limit=5 [32m204[0m 0.096 ms - 0[0m
[0mGET /api/user/vendors?limit=5 [32m200[0m 86.312 ms - 13338[0m
[0mOPTIONS /api/user/viewposts [32m204[0m 0.078 ms - 0[0m
[0mGET /api/user/viewposts [32m200[0m 147.057 ms - 24068[0m
[0mGET /api/user/viewposts [32m200[0m 108.753 ms - 24068[0m
[0mOPTIONS /api/user/vendors?page=1&limit=3&search= [32m204[0m 0.051 ms - 0[0m
[0mGET /api/user/vendors?page=1&limit=3&search= [32m200[0m 163.985 ms - 13338[0m
[0mOPTIONS /api/user/portfolio/69b1222c017afb8b8f438763 [32m204[0m 0.077 ms - 0[0m
[0mGET /api/user/portfolio/69b1222c017afb8b8f438763 [32m200[0m 105.993 ms - 9355[0m
[0mGET /api/user/portfolio/69b1222c017afb8b8f438763 [32m200[0m 97.189 ms - 9355[0m
[0mGET /api/vendor/dateAvailabilty [32m200[0m 175.188 ms - 2470[0m
[0mGET /api/vendor/profile [32m200[0m 179.165 ms - 2025[0m
[0mGET /api/vendor/dateAvailabilty [36m304[0m 76.838 ms - -[0m
[0mPOST /api/vendor/dateAvailabilty [32m200[0m 114.049 ms - 107[0m
[0mGET /api/user/portfolio/69b1222c017afb8b8f438763 [32m200[0m 95.532 ms - 9367[0m
[0mGET /api/user/vendors?limit=5 [32m200[0m 82.210 ms - 13350[0m
[0mGET /api/user/vendors?limit=5 [32m200[0m 71.055 ms - 13350[0m
[0mGET /api/user/vendors?page=1&limit=3&search= [32m200[0m 148.742 ms - 13350[0m
[0mOPTIONS /api/user/portfolio/69a6c2ca05e53388a6059fd0 [32m204[0m 0.110 ms - 0[0m
[0mGET /api/user/portfolio/69a6c2ca05e53388a6059fd0 [32m200[0m 98.809 ms - 8394[0m
[0mGET /api/user/vendors?limit=5 [32m200[0m 74.601 ms - 13350[0m
[0mGET /api/admin/dashboard [32m200[0m 36.960 ms - 133[0m
[0mGET /api/admin/users?page=1&limit=5&search= [32m200[0m 75.333 ms - 609[0m
[0mGET /api/admin/vendors?page=1&limit=5&search= [32m200[0m 72.539 ms - 13350[0m
[0mOPTIONS /api/admin/vendors?page=1&limit=5&search=&status=reapplied [32m204[0m 0.071 ms - 0[0m
[0mGET /api/admin/vendors?page=1&limit=5&search=&status=reapplied [32m200[0m 61.624 ms - 62[0m
[0mGET /api/admin/vendors?page=1&limit=5&search= [32m200[0m 104.654 ms - 13350[0m
[0mOPTIONS /api/vendor/dateAvailabilty [32m204[0m 6.554 ms - 0[0m
[0mOPTIONS /api/vendor/profile [32m204[0m 0.336 ms - 0[0m
[0mGET /api/vendor/profile [32m200[0m 896.422 ms - 2025[0m
[0mGET /api/vendor/dateAvailabilty [32m200[0m 909.872 ms - 2482[0m
[0mGET /api/vendor/dateAvailabilty [36m304[0m 74.741 ms - -[0m
[0mOPTIONS /api/vendor/logout [32m204[0m 0.067 ms - 0[0m
[0mPOST /api/vendor/logout [32m200[0m 48.321 ms - 44[0m
[0mPOST /api/vendor/signup [32m200[0m 5635.749 ms - 135[0m
[0mOPTIONS /api/vendor/verify-email [32m204[0m 0.076 ms - 0[0m
[0mPOST /api/vendor/verify-email [32m201[0m 314.109 ms - 638[0m
[0mOPTIONS /api/vendor/login [32m204[0m 0.065 ms - 0[0m
[0mPOST /api/vendor/login [33m401[0m 155.632 ms - 35[0m
[0mPOST /api/vendor/login [33m403[0m 138.073 ms - 56[0m
[0mOPTIONS /api/admin/vendors?page=1&limit=5&search= [32m204[0m 0.047 ms - 0[0m
[0mGET /api/admin/vendors?page=1&limit=5&search= [33m401[0m 2.575 ms - 42[0m
[0mOPTIONS /api/admin/refresh-token [32m204[0m 0.048 ms - 0[0m
[0mPOST /api/admin/refresh-token [33m401[0m 2.864 ms - 36[0m
[0mOPTIONS /api/admin/login [32m204[0m 0.070 ms - 0[0m
[0mPOST /api/admin/login [32m200[0m 86.330 ms - 762[0m
[0mOPTIONS /api/admin/dashboard [32m204[0m 0.067 ms - 0[0m
[0mGET /api/admin/dashboard [32m200[0m 42.957 ms - 133[0m
[0mGET /api/admin/vendors?page=1&limit=5&search= [32m200[0m 94.114 ms - 16806[0m
[0mOPTIONS /api/admin/vendors/69b1449a7bea23099ba43554/status [32m204[0m 0.079 ms - 0[0m
[0mPUT /api/admin/vendors/69b1449a7bea23099ba43554/status [32m200[0m 3555.231 ms - 61[0m
[0mPOST /api/vendor/login [32m200[0m 189.106 ms - 1035[0m
[0mGET /api/vendor/profile [32m200[0m 70.165 ms - 636[0m
[0mGET /api/vendor/profile [36m304[0m 90.225 ms - -[0m
[0mGET /api/vendor/profile [36m304[0m 71.162 ms - -[0m
[0mOPTIONS /api/vendor/posts [32m204[0m 0.297 ms - 0[0m
[0mGET /api/vendor/posts [32m200[0m 86.578 ms - 81[0m
[0mGET /api/vendor/profile [36m304[0m 74.588 ms - -[0m
[0mGET /api/vendor/profile [36m304[0m 71.020 ms - -[0m
[0mOPTIONS /api/vendor/reapply [32m204[0m 0.060 ms - 0[0m
[0mPOST /api/vendor/reapply [32m200[0m 2199.240 ms - 95[0m
[0mGET /api/admin/vendors?page=1&limit=5&search= [32m200[0m 103.861 ms - 17017[0m
[0mGET /api/admin/vendors?page=1&limit=5&search=&status=reapplied [32m200[0m 70.675 ms - 3728[0m
[0mGET /api/admin/vendors?page=1&limit=5&search= [32m200[0m 116.881 ms - 17017[0m
[0mPUT /api/admin/vendors/69b1449a7bea23099ba43554/status [32m200[0m 2848.536 ms - 61[0m
[0mGET /api/vendor/profile [32m200[0m 77.140 ms - 635[0m
[0mPOST /api/vendor/logout [32m200[0m 35.300 ms - 44[0m
[0mPOST /api/vendor/login [32m200[0m 167.754 ms - 965[0m
[0mOPTIONS /api/vendor/vendorDetails [32m204[0m 0.098 ms - 0[0m
[0mGET /api/vendor/profile [32m200[0m 82.231 ms - 635[0m
[0mGET /api/vendor/vendorDetails [32m200[0m 117.286 ms - 1319[0m
[0mGET /api/vendor/profile [36m304[0m 79.920 ms - -[0m
[0mPOST /api/vendor/logout [32m200[0m 35.485 ms - 44[0m
[0mGET /api/user/vendors?limit=5 [32m200[0m 201.825 ms - 16993[0m
[0mOPTIONS /api/user/profile [32m204[0m 0.056 ms - 0[0m
[0mPUT /api/user/profile [32m200[0m 409.512 ms - 721[0m
[0mGET /api/user/vendors?limit=5 [32m200[0m 97.065 ms - 16993[0m
[0mGET /api/user/viewposts [32m200[0m 177.506 ms - 24068[0m
[0mGET /api/user/vendors?page=1&limit=3&search= [32m200[0m 100.515 ms - 13278[0m
[0mGET /api/user/portfolio/69b1222c017afb8b8f438763 [32m200[0m 124.880 ms - 9367[0m
[0mGET /api/user/portfolio/69b1222c017afb8b8f438763 [32m200[0m 122.053 ms - 9367[0m
[0mGET /api/admin/dashboard [32m200[0m 59.572 ms - 133[0m
[0mOPTIONS /api/admin/users?page=1&limit=5&search= [32m204[0m 0.236 ms - 0[0m
[0mGET /api/admin/users?page=1&limit=5&search= [32m200[0m 80.062 ms - 609[0m
[0mGET /api/admin/vendors?page=1&limit=5&search= [32m200[0m 154.693 ms - 16993[0m
[0mGET /api/admin/users?page=1&limit=5&search= [36m304[0m 78.061 ms - -[0m
[0mGET /api/admin/vendors?page=1&limit=5&search= [32m200[0m 116.510 ms - 16993[0m
[0mGET /api/admin/users?page=1&limit=5&search= [36m304[0m 81.693 ms - -[0m
[0mGET /api/admin/vendors?page=1&limit=5&search= [32m200[0m 97.619 ms - 16993[0m
[0mGET /api/admin/users?page=1&limit=5&search= [36m304[0m 69.102 ms - -[0m
[0mGET /api/admin/vendors?page=1&limit=5&search= [32m200[0m 87.046 ms - 16993[0m
[0mGET /api/admin/users?page=1&limit=5&search= [36m304[0m 73.214 ms - -[0m
[0mGET /api/admin/vendors?page=1&limit=5&search= [32m200[0m 108.127 ms - 16993[0m
[0mGET /api/admin/users?page=1&limit=5&search= [36m304[0m 140.161 ms - -[0m
[0mGET /api/admin/vendors?page=1&limit=5&search= [32m200[0m 100.638 ms - 16993[0m
[0mOPTIONS /api/admin/vendorblock-unblock?vendorId=69b1449a7bea23099ba43554 [32m204[0m 4.564 ms - 0[0m
[0mPATCH /api/admin/vendorblock-unblock?vendorId=69b1449a7bea23099ba43554 [32m200[0m 270.935 ms - 86[0m
[0mGET /api/admin/vendors?page=1&limit=5&search= [32m200[0m 90.025 ms - 16994[0m
[0mGET /api/admin/vendors?page=1&limit=5&search= [32m200[0m 98.777 ms - 16994[0m
[0mOPTIONS /api/user/vendors?limit=5 [32m204[0m 0.094 ms - 0[0m
[0mGET /api/user/vendors?limit=5 [33m401[0m 15.015 ms - 42[0m
[0mOPTIONS /api/user/refresh-token [32m204[0m 0.104 ms - 0[0m
[0mPOST /api/user/refresh-token [33m401[0m 85.774 ms - 35[0m
[0mOPTIONS /api/user/login [32m204[0m 0.075 ms - 0[0m
[0mPOST /api/user/login [32m200[0m 175.887 ms - 947[0m
[0mGET /api/user/vendors?limit=5 [32m200[0m 132.796 ms - 16994[0m
[0mGET /api/user/vendors?limit=5 [32m200[0m 104.666 ms - 16994[0m
[0mGET /api/user/vendors?limit=5 [32m200[0m 115.350 ms - 16994[0m
[0mGET /api/user/vendors?limit=5 [32m200[0m 86.868 ms - 16994[0m
[0mOPTIONS /api/user/viewposts [32m204[0m 0.178 ms - 0[0m
[0mGET /api/user/viewposts [32m200[0m 193.696 ms - 24068[0m
[0mPOST /api/vendor/login [32m200[0m 278.783 ms - 2023[0m
[0mGET /api/vendor/profile [32m200[0m 113.583 ms - 1693[0m
[0mGET /api/vendor/profile [32m200[0m 747.368 ms - 1693[0m
[0mGET /api/vendor/vendorDetails [32m200[0m 1110.388 ms - 5546[0m
[0mGET /api/vendor/posts [32m200[0m 130.478 ms - 3791[0m
[0mOPTIONS /api/vendor/add-post [32m204[0m 0.135 ms - 0[0m
[0mPOST /api/vendor/add-post [32m200[0m 692.971 ms - 524[0m
[0mGET /api/vendor/posts [32m200[0m 115.246 ms - 6119[0m
[0mGET /api/vendor/dateAvailabilty [32m200[0m 79.622 ms - 1992[0m
[0mGET /api/vendor/profile [32m200[0m 102.653 ms - 1693[0m
[0mGET /api/vendor/dateAvailabilty [36m304[0m 86.570 ms - -[0m
[0mPOST /api/vendor/dateAvailabilty [32m200[0m 147.240 ms - 107[0m
[0mOPTIONS /api/user/vendors?page=1&limit=3&search= [32m204[0m 0.111 ms - 0[0m
[0mGET /api/user/vendors?page=1&limit=3&search= [32m200[0m 99.251 ms - 13279[0m
[0mOPTIONS /api/user/portfolio/69b1222c017afb8b8f438763 [32m204[0m 0.116 ms - 0[0m
[0mGET /api/user/portfolio/69b1222c017afb8b8f438763 [32m200[0m 131.257 ms - 9367[0m
[0mGET /api/user/portfolio/69b1222c017afb8b8f438763 [32m200[0m 187.348 ms - 9367[0m
[0mGET /api/user/portfolio/69b1222c017afb8b8f438763 [32m200[0m 145.977 ms - 9367[0m
[0mOPTIONS /api/user/vendors?limit=5 [32m204[0m 7.642 ms - 0[0m
[0mGET /api/user/vendors?limit=5 [33m401[0m 66.785 ms - 42[0m
[0mOPTIONS /api/user/refresh-token [32m204[0m 0.335 ms - 0[0m
[0mPOST /api/user/refresh-token [32m200[0m 430.844 ms - 203[0m
[0mGET /api/user/vendors?limit=5 [32m200[0m 165.176 ms - 17007[0m
[0mOPTIONS /api/user/login [32m204[0m 8.606 ms - 0[0m
[0mPOST /api/user/login [32m200[0m 521.648 ms - 947[0m
[0mOPTIONS /api/user/vendors?limit=5 [32m204[0m 0.137 ms - 0[0m
[0mGET /api/user/vendors?limit=5 [32m200[0m 170.097 ms - 17007[0m
[0mOPTIONS /api/user/vendors?page=1&limit=3&search= [32m204[0m 0.110 ms - 0[0m
[0mGET /api/user/vendors?page=1&limit=3&search= [32m200[0m 166.768 ms - 13279[0m
[0mOPTIONS /api/user/portfolio/69a7c6f401e5286aab7f9943 [32m204[0m 0.144 ms - 0[0m
[0mGET /api/user/portfolio/69a7c6f401e5286aab7f9943 [32m200[0m 210.356 ms - 13558[0m
[0mGET /api/user/portfolio/69a7c6f401e5286aab7f9943 [32m200[0m 225.913 ms - 13558[0m
[0mOPTIONS /api/admin/login [32m204[0m 0.073 ms - 0[0m
[0mPOST /api/admin/login [32m200[0m 203.281 ms - 762[0m
[0mOPTIONS /api/admin/dashboard [32m204[0m 0.065 ms - 0[0m
[0mGET /api/admin/dashboard [32m200[0m 38.519 ms - 133[0m
[0mOPTIONS /api/admin/users?page=1&limit=5&search= [32m204[0m 0.053 ms - 0[0m
[0mGET /api/admin/users?page=1&limit=5&search= [32m200[0m 78.012 ms - 609[0m
[0mOPTIONS /api/admin/vendors?page=1&limit=5&search= [32m204[0m 0.048 ms - 0[0m
[0mGET /api/admin/vendors?page=1&limit=5&search= [32m200[0m 139.694 ms - 17007[0m
[0mGET /api/admin/users?page=1&limit=5&search= [36m304[0m 87.898 ms - -[0m
[0mGET /api/admin/vendors?page=1&limit=5&search= [32m200[0m 93.909 ms - 17007[0m
[0mGET /api/admin/users?page=1&limit=5&search= [36m304[0m 97.698 ms - -[0m
[0mGET /api/admin/vendors?page=1&limit=5&search= [32m200[0m 95.531 ms - 17007[0m
[0mOPTIONS /api/admin/vendors?page=1&limit=5&search=&status=accepted [32m204[0m 0.081 ms - 0[0m
[0mGET /api/admin/vendors?page=1&limit=5&search=&status=accepted [32m200[0m 93.198 ms - 17007[0m
[0mGET /api/admin/vendors?page=1&limit=5&search= [32m200[0m 106.349 ms - 17007[0m
[0mPOST /api/vendor/signup [32m200[0m 5587.486 ms - 140[0m
[0mOPTIONS /api/vendor/verify-email [32m204[0m 0.163 ms - 0[0m
[0mPOST /api/vendor/verify-email [31m500[0m 360.365 ms - 43[0m
[0mPOST /api/vendor/signup [32m200[0m 11306.864 ms - 140[0m
[0mPOST /api/vendor/signup [32m200[0m 15131.565 ms - 140[0m
[0mPOST /api/vendor/verify-email [33m400[0m 34.249 ms - 25[0m
[0mPOST /api/vendor/verify-email [32m201[0m 209.987 ms - 515[0m
[0mGET /api/admin/vendors?page=1&limit=5&search= [32m200[0m 114.528 ms - 20340[0m
[0mOPTIONS /api/admin/vendors/69b2700791355507c55a54e0/status [32m204[0m 0.209 ms - 0[0m
[0mPUT /api/admin/vendors/69b2700791355507c55a54e0/status [32m200[0m 3174.650 ms - 61[0m
[0mOPTIONS /api/vendor/login [32m204[0m 0.052 ms - 0[0m
[0mPOST /api/vendor/login [32m200[0m 185.951 ms - 896[0m
[0mOPTIONS /api/vendor/profile [32m204[0m 0.054 ms - 0[0m
[0mGET /api/vendor/profile [32m200[0m 67.648 ms - 513[0m
[0mGET /api/vendor/profile [36m304[0m 364.309 ms - -[0m
[0mGET /api/vendor/profile [36m304[0m 67.459 ms - -[0m
[0mGET /api/vendor/profile [36m304[0m 110.858 ms - -[0m
[0mOPTIONS /api/vendor/reapply [32m204[0m 0.044 ms - 0[0m
[0mPOST /api/vendor/reapply [32m200[0m 1954.518 ms - 95[0m
[0mGET /api/admin/vendors?page=1&limit=5&search= [32m200[0m 140.419 ms - 20551[0m
[0mOPTIONS /api/admin/vendors?page=1&limit=5&search=&status=reapplied [32m204[0m 0.053 ms - 0[0m
[0mGET /api/admin/vendors?page=1&limit=5&search=&status=reapplied [32m200[0m 79.306 ms - 3605[0m
[0mGET /api/admin/vendors?page=1&limit=5&search= [32m200[0m 93.031 ms - 20551[0m
[0mPUT /api/admin/vendors/69b2700791355507c55a54e0/status [32m200[0m 3295.598 ms - 61[0m
[0mGET /api/vendor/profile [32m200[0m 83.035 ms - 512[0m
[0mOPTIONS /api/vendor/logout [32m204[0m 0.052 ms - 0[0m
[0mPOST /api/vendor/logout [32m200[0m 31.600 ms - 44[0m
[0mPOST /api/vendor/login [32m200[0m 182.569 ms - 842[0m
[0mOPTIONS /api/vendor/vendorDetails [32m204[0m 0.101 ms - 0[0m
[0mGET /api/vendor/profile [32m200[0m 74.562 ms - 512[0m
[0mGET /api/vendor/vendorDetails [32m200[0m 112.464 ms - 1196[0m
[0mGET /api/vendor/profile [36m304[0m 65.736 ms - -[0m
[0mOPTIONS /api/vendor/dateAvailabilty [32m204[0m 0.051 ms - 0[0m
[0mGET /api/vendor/profile [36m304[0m 64.790 ms - -[0m
[0mGET /api/vendor/dateAvailabilty [32m200[0m 64.734 ms - 1333[0m
[0mGET /api/vendor/dateAvailabilty [36m304[0m 64.627 ms - -[0m
[0mGET /api/vendor/profile [36m304[0m 162.139 ms - -[0m
[0mGET /api/vendor/vendorDetails [36m304[0m 196.258 ms - -[0m
[0mGET /api/vendor/profile [36m304[0m 250.345 ms - -[0m
[0mGET /api/vendor/profile [36m304[0m 71.644 ms - -[0m
[0mGET /api/vendor/vendorDetails [36m304[0m 101.392 ms - -[0m
[0mGET /api/vendor/profile [36m304[0m 67.147 ms - -[0m
[0mPUT /api/vendor/profile [32m201[0m 337.530 ms - 1014[0m
[0mGET /api/admin/dashboard [32m200[0m 43.261 ms - 133[0m
[0mGET /api/admin/users?page=1&limit=5&search= [32m200[0m 79.034 ms - 609[0m
[0mGET /api/admin/vendors?page=1&limit=5&search= [32m200[0m 137.721 ms - 21029[0m
[0mGET /api/admin/users?page=1&limit=5&search= [36m304[0m 167.498 ms - -[0m
[0mGET /api/admin/vendors?page=1&limit=5&search= [32m200[0m 94.968 ms - 21029[0m
[0mGET /api/admin/users?page=1&limit=5&search= [36m304[0m 68.311 ms - -[0m
[0mGET /api/admin/vendors?page=1&limit=5&search= [32m200[0m 97.968 ms - 21029[0m
[0mGET /api/admin/users?page=1&limit=5&search= [36m304[0m 169.366 ms - -[0m
[0mGET /api/admin/vendors?page=1&limit=5&search= [32m200[0m 86.585 ms - 21029[0m
[0mGET /api/admin/dashboard [36m304[0m 37.338 ms - -[0m
[0mGET /api/admin/vendors?page=1&limit=5&search= [32m200[0m 154.934 ms - 21029[0m
[0mGET /api/vendor/profile [32m200[0m 161.087 ms - 1014[0m
[0mGET /api/vendor/vendorDetails [32m200[0m 198.843 ms - 1236[0m
[0mPOST /api/vendor/logout [32m200[0m 144.879 ms - 44[0m
[0mOPTIONS /api/user/login [32m204[0m 1.823 ms - 0[0m
[0mPOST /api/user/login [33m401[0m 378.752 ms - 32[0m
[0mPOST /api/user/login [33m401[0m 84.488 ms - 32[0m
[0mPOST /api/user/login [33m401[0m 81.920 ms - 32[0m
[0mPOST /api/user/login [32m200[0m 237.972 ms - 947[0m
[0mOPTIONS /api/user/vendors?limit=5 [32m204[0m 0.073 ms - 0[0m
[0mGET /api/user/vendors?limit=5 [32m200[0m 393.525 ms - 21029[0m
[0mOPTIONS /api/user/viewposts [32m204[0m 0.060 ms - 0[0m
[0mGET /api/user/viewposts [32m200[0m 279.275 ms - 28714[0m
[0mGET /api/user/vendors?limit=5 [32m200[0m 185.697 ms - 21029[0m
[0mGET /api/admin/users?page=1&limit=5&search= [32m200[0m 405.105 ms - 609[0m
[0mGET /api/admin/vendors?page=1&limit=5&search= [32m200[0m 124.963 ms - 21029[0m
[0mGET /api/admin/users?page=1&limit=5&search= [36m304[0m 103.464 ms - -[0m
[0mGET /api/admin/vendors?page=1&limit=5&search= [32m200[0m 196.879 ms - 21029[0m
[0mGET /api/admin/users?page=1&limit=5&search= [36m304[0m 76.025 ms - -[0m
[0mGET /api/admin/vendors?page=1&limit=5&search= [32m200[0m 103.385 ms - 21029[0m
[0mGET /api/admin/users?page=1&limit=5&search= [36m304[0m 72.173 ms - -[0m
[0mGET /api/admin/vendors?page=1&limit=5&search= [32m200[0m 86.229 ms - 21029[0m
[0mGET /api/admin/users?page=1&limit=5&search= [36m304[0m 71.391 ms - -[0m
[0mGET /api/admin/vendors?page=1&limit=5&search= [32m200[0m 1021.938 ms - 21029[0m
[0mGET /api/admin/users?page=1&limit=5&search= [36m304[0m 64.764 ms - -[0m
[0mOPTIONS /api/admin/users?page=1&limit=5&search=&status=active [32m204[0m 0.139 ms - 0[0m
[0mGET /api/admin/users?page=1&limit=5&search=&status=active [32m200[0m 278.554 ms - 609[0m
[0mOPTIONS /api/admin/users?page=1&limit=5&search=&status=inactive [32m204[0m 0.035 ms - 0[0m
[0mGET /api/admin/users?page=1&limit=5&search=&status=inactive [32m200[0m 122.880 ms - 58[0m
[0mGET /api/admin/users?page=1&limit=5&search= [36m304[0m 227.686 ms - -[0m
[0mGET /api/admin/users?page=1&limit=5&search=&status=active [36m304[0m 166.641 ms - -[0m
[0mGET /api/admin/users?page=1&limit=5&search= [36m304[0m 83.199 ms - -[0m
[0mGET /api/admin/users?page=1&limit=5&search=&status=active [36m304[0m 67.210 ms - -[0m
[0mGET /api/admin/users?page=1&limit=5&search= [36m304[0m 67.450 ms - -[0m
[0mGET /api/admin/users?page=1&limit=5&search=&status=active [36m304[0m 81.253 ms - -[0m
[0mGET /api/admin/users?page=1&limit=5&search= [36m304[0m 70.404 ms - -[0m
[0mGET /api/admin/users?page=1&limit=5&search=&status=active [36m304[0m 82.433 ms - -[0m
[0mGET /api/admin/users?page=1&limit=5&search=&status=inactive [36m304[0m 65.088 ms - -[0m
[0mGET /api/admin/users?page=1&limit=5&search=&status=active [36m304[0m 63.891 ms - -[0m
[0mGET /api/admin/users?page=1&limit=5&search= [36m304[0m 173.365 ms - -[0m
[0mOPTIONS /api/admin/block-unblock?userId=69a6c6448507532348028e4d [32m204[0m 0.048 ms - 0[0m
[0mPATCH /api/admin/block-unblock?userId=69a6c6448507532348028e4d [32m200[0m 218.595 ms - 84[0m
[0mPATCH /api/admin/block-unblock?userId=69a6c6448507532348028e4d [32m200[0m 96.120 ms - 86[0m
[0mGET /api/admin/vendors?page=1&limit=5&search= [32m200[0m 132.663 ms - 21029[0m
[0mOPTIONS /api/admin/vendorblock-unblock?vendorId=69b2700791355507c55a54e0 [32m204[0m 0.053 ms - 0[0m
[0mPATCH /api/admin/vendorblock-unblock?vendorId=69b2700791355507c55a54e0 [32m200[0m 211.559 ms - 86[0m
[0mPATCH /api/admin/vendorblock-unblock?vendorId=69b2700791355507c55a54e0 [32m200[0m 190.118 ms - 88[0m
[0mOPTIONS /api/user/vendors?limit=5 [32m204[0m 1.344 ms - 0[0m
[0mGET /api/user/vendors?limit=5 [33m401[0m 68.865 ms - 42[0m
[0mOPTIONS /api/user/refresh-token [32m204[0m 0.095 ms - 0[0m
[0mPOST /api/user/refresh-token [32m200[0m 131.500 ms - 203[0m
[0mGET /api/user/vendors?limit=5 [32m200[0m 148.909 ms - 21029[0m
[0mOPTIONS /api/user/logout [32m204[0m 0.085 ms - 0[0m
[0mPOST /api/user/logout [32m200[0m 37.083 ms - 41[0m
[0mOPTIONS /api/user/login [32m204[0m 1.185 ms - 0[0m
[0mPOST /api/user/login [32m200[0m 474.443 ms - 947[0m
[0mOPTIONS /api/user/vendors?limit=5 [32m204[0m 0.131 ms - 0[0m
[0mGET /api/user/vendors?limit=5 [32m200[0m 159.514 ms - 21029[0m
[0mOPTIONS /api/user/vendors?page=1&limit=3&search= [32m204[0m 0.278 ms - 0[0m
[0mGET /api/user/vendors?page=1&limit=3&search= [32m200[0m 105.823 ms - 13790[0m
[0mOPTIONS /api/user/portfolio/69b2700791355507c55a54e0 [32m204[0m 0.187 ms - 0[0m
[0mGET /api/user/portfolio/69b2700791355507c55a54e0 [32m200[0m 150.745 ms - 1861[0m
[0mGET /api/user/portfolio/69b2700791355507c55a54e0 [32m200[0m 661.639 ms - 1861[0m
[0mGET /api/user/portfolio/69b2700791355507c55a54e0 [32m200[0m 54.875 ms - 1861[0m
[0mGET /api/user/vendors?page=1&limit=3&search= [32m200[0m 344.067 ms - 13790[0m
[0mOPTIONS /api/admin/login [32m204[0m 4.400 ms - 0[0m
[0mPOST /api/admin/login [33m401[0m 106.973 ms - 32[0m
[0mPOST /api/admin/login [32m200[0m 267.255 ms - 762[0m
[0mOPTIONS /api/admin/dashboard [32m204[0m 0.106 ms - 0[0m
[0mGET /api/admin/dashboard [32m200[0m 55.462 ms - 133[0m
[0mOPTIONS /api/admin/users?page=1&limit=5&search= [32m204[0m 0.115 ms - 0[0m
[0mGET /api/admin/users?page=1&limit=5&search= [32m200[0m 122.561 ms - 609[0m
[0mOPTIONS /api/admin/vendors?page=1&limit=5&search= [32m204[0m 0.105 ms - 0[0m
[0mGET /api/admin/vendors?page=1&limit=5&search= [32m200[0m 347.168 ms - 21029[0m
[0mOPTIONS /api/user/signup [32m204[0m 1.418 ms - 0[0m
[0mPOST /api/user/signup [32m200[0m 5960.101 ms - 133[0m
[0mOPTIONS /api/user/verify [32m204[0m 0.098 ms - 0[0m
[0mPOST /api/user/verify [32m201[0m 285.608 ms - 166[0m
[0mOPTIONS /api/user/vendors?limit=5 [32m204[0m 0.712 ms - 0[0m
[0mGET /api/user/vendors?limit=5 [33m401[0m 6.907 ms - 42[0m
[0mOPTIONS /api/user/refresh-token [32m204[0m 0.103 ms - 0[0m
[0mPOST /api/user/refresh-token [33m401[0m 20.192 ms - 39[0m
[0mOPTIONS /api/user/signup [32m204[0m 0.671 ms - 0[0m
[0mPOST /api/user/signup [32m200[0m 6782.452 ms - 136[0m
[0mOPTIONS /api/user/verify [32m204[0m 0.073 ms - 0[0m
[0mPOST /api/user/verify [32m201[0m 189.029 ms - 173[0m
