[0mOPTIONS /api/user/vendors?limit=5 [32m204[0m 6.930 ms - 0[0m
[0mGET /api/user/vendors?limit=5 [33m401[0m 488.688 ms - 42[0m
[0mOPTIONS /api/user/refresh-token [32m204[0m 0.062 ms - 0[0m
[0mPOST /api/user/refresh-token [32m200[0m 412.932 ms - 203[0m
[0mGET /api/user/vendors?limit=5 [32m200[0m 181.278 ms - 21029[0m
[0mGET /api/user/vendors?limit=5 [32m200[0m 169.247 ms - 21029[0m
[0mOPTIONS /api/user/logout [32m204[0m 0.192 ms - 0[0m
[0mPOST /api/user/logout [32m200[0m 32.022 ms - 41[0m
[0mOPTIONS /api/user/login [32m204[0m 0.068 ms - 0[0m
[0mPOST /api/user/login [32m200[0m 190.809 ms - 804[0m
[0mGET /api/user/vendors?limit=5 [32m200[0m 205.008 ms - 21029[0m
[0mPOST /api/user/logout [32m200[0m 178.109 ms - 41[0m
[0mOPTIONS /api/user/google/login [32m204[0m 0.713 ms - 0[0m
[0mPOST /api/user/google/login [33m404[0m 118.890 ms - 161[0m
[0mPOST /api/user/google/login [33m404[0m 48.737 ms - 161[0m
[0mPOST /api/user/google/login [33m404[0m 49.384 ms - 161[0m
[0mOPTIONS /api/user/google/auth [32m204[0m 1.534 ms - 0[0m
[0mPOST /api/user/google/auth [32m200[0m 448.298 ms - 460[0m
[0mGET /api/user/vendors?limit=5 [32m200[0m 251.787 ms - 21029[0m
[0mGET /api/user/vendors?limit=5 [32m200[0m 137.271 ms - 21029[0m
[0mOPTIONS /api/user/vendors?limit=5 [32m204[0m 0.960 ms - 0[0m
[0mGET /api/user/vendors?limit=5 [32m200[0m 636.550 ms - 21029[0m
[0mOPTIONS /api/user/logout [32m204[0m 6.081 ms - 0[0m
[0mPOST /api/user/logout [32m200[0m 104.060 ms - 41[0m
[0mOPTIONS /api/user/login [32m204[0m 0.150 ms - 0[0m
[0mPOST /api/user/login [32m200[0m 561.363 ms - 804[0m
[0mOPTIONS /api/user/vendors?limit=5 [32m204[0m 0.137 ms - 0[0m
[0mGET /api/user/vendors?limit=5 [32m200[0m 237.566 ms - 21029[0m
[0mGET /api/user/vendors?limit=5 [32m200[0m 562.722 ms - 21029[0m
[0mGET /api/user/vendors?limit=5 [32m200[0m 133.434 ms - 21029[0m
[0mGET /api/user/vendors?limit=5 [32m200[0m 146.764 ms - 21029[0m
[0mGET /api/user/vendors?limit=5 [32m200[0m 121.386 ms - 21029[0m
[0mGET /api/user/vendors?limit=5 [32m200[0m 122.290 ms - 21029[0m
[0mGET /api/user/vendors?limit=5 [32m200[0m 112.523 ms - 21029[0m
[0mGET /api/user/vendors?limit=5 [32m200[0m 110.992 ms - 21029[0m
[0mGET /api/user/vendors?limit=5 [32m200[0m 111.682 ms - 21029[0m
[0mGET /api/user/vendors?limit=5 [32m200[0m 142.794 ms - 21029[0m
[0mPOST /api/user/logout [32m200[0m 32.531 ms - 41[0m
[0mPOST /api/user/login [32m200[0m 199.835 ms - 804[0m
[0mGET /api/user/vendors?limit=5 [32m200[0m 123.726 ms - 21029[0m
[0mGET /api/user/vendors?limit=5 [32m200[0m 141.712 ms - 21029[0m
[0mPOST /api/user/logout [32m200[0m 31.021 ms - 41[0m
[0mPOST /api/user/login [32m200[0m 161.100 ms - 804[0m
[0mGET /api/user/vendors?limit=5 [32m200[0m 126.976 ms - 21029[0m
[0mOPTIONS /api/user/vendors?limit=5 [32m204[0m 0.772 ms - 0[0m
[0mGET /api/user/vendors?limit=5 [32m200[0m 128.976 ms - 21029[0m
[0mOPTIONS /api/user/vendors?limit=5 [32m204[0m 0.069 ms - 0[0m
[0mGET /api/user/vendors?limit=5 [32m200[0m 150.661 ms - 21029[0m
[0mOPTIONS /api/user/vendors?limit=5 [32m204[0m 0.107 ms - 0[0m
[0mGET /api/user/vendors?limit=5 [32m200[0m 121.365 ms - 21029[0m
[0mOPTIONS /api/user/vendors?limit=5 [32m204[0m 0.079 ms - 0[0m
[0mGET /api/user/vendors?limit=5 [32m200[0m 117.780 ms - 21029[0m
[0mOPTIONS /api/user/vendors?limit=5 [32m204[0m 0.099 ms - 0[0m
[0mGET /api/user/vendors?limit=5 [32m200[0m 126.351 ms - 21029[0m
[0mOPTIONS /api/user/vendors?limit=5 [32m204[0m 0.090 ms - 0[0m
[0mGET /api/user/vendors?limit=5 [32m200[0m 116.551 ms - 21029[0m
[0mOPTIONS /api/user/vendors?limit=5 [32m204[0m 0.097 ms - 0[0m
[0mGET /api/user/vendors?limit=5 [32m200[0m 205.507 ms - 21029[0m
[0mOPTIONS /api/user/vendors?limit=5 [32m204[0m 0.055 ms - 0[0m
[0mGET /api/user/vendors?limit=5 [32m200[0m 282.469 ms - 21029[0m
[0mOPTIONS /api/user/vendors?limit=5 [32m204[0m 0.129 ms - 0[0m
[0mGET /api/user/vendors?limit=5 [32m200[0m 110.373 ms - 21029[0m
[0mOPTIONS /api/user/vendors?limit=5 [32m204[0m 0.040 ms - 0[0m
[0mGET /api/user/vendors?limit=5 [32m200[0m 120.750 ms - 21029[0m
[0mOPTIONS /api/user/vendors?limit=5 [32m204[0m 0.104 ms - 0[0m
[0mGET /api/user/vendors?limit=5 [32m200[0m 154.996 ms - 21029[0m
[0mPOST /api/user/logout [32m200[0m 60.089 ms - 41[0m
[0mOPTIONS /api/user/login [32m204[0m 0.058 ms - 0[0m
[0mPOST /api/user/login [32m200[0m 172.399 ms - 804[0m
[0mOPTIONS /api/user/vendors?limit=5 [32m204[0m 0.075 ms - 0[0m
[0mGET /api/user/vendors?limit=5 [32m200[0m 224.095 ms - 21029[0m
[0mGET /api/user/vendors?limit=5 [32m200[0m 376.561 ms - 21029[0m
[0mPOST /api/user/logout [32m200[0m 45.184 ms - 41[0m
[0mOPTIONS /api/user/login [32m204[0m 0.076 ms - 0[0m
[0mPOST /api/user/login [32m200[0m 389.954 ms - 804[0m
[0mOPTIONS /api/user/vendors?limit=5 [32m204[0m 0.048 ms - 0[0m
[0mGET /api/user/vendors?limit=5 [32m200[0m 253.963 ms - 21029[0m
[0mPOST /api/user/logout [32m200[0m 32.777 ms - 41[0m
[0mPOST /api/user/login [32m200[0m 157.251 ms - 804[0m
[0mGET /api/user/vendors?limit=5 [32m200[0m 129.423 ms - 21029[0m
[0mGET /api/user/vendors?limit=5 [32m200[0m 134.953 ms - 21029[0m
[0mOPTIONS /api/user/viewposts [32m204[0m 0.111 ms - 0[0m
[0mGET /api/user/viewposts [32m200[0m 285.117 ms - 28714[0m
[0mGET /api/user/vendors?limit=5 [32m200[0m 201.175 ms - 21029[0m
[0mGET /api/user/vendors?limit=5 [32m200[0m 122.022 ms - 21029[0m
[0mPOST /api/user/logout [32m200[0m 67.661 ms - 41[0m
[0mPOST /api/user/login [32m200[0m 189.880 ms - 804[0m
[0mGET /api/user/vendors?limit=5 [32m200[0m 138.645 ms - 21029[0m
[0mGET /api/user/vendors?limit=5 [32m200[0m 141.726 ms - 21029[0m
[0mGET /api/user/vendors?limit=5 [32m200[0m 178.737 ms - 21029[0m
[0mOPTIONS /api/user/vendors?limit=5 [32m204[0m 1.099 ms - 0[0m
[0mGET /api/user/vendors?limit=5 [33m401[0m 76.832 ms - 42[0m
[0mOPTIONS /api/user/refresh-token [32m204[0m 0.140 ms - 0[0m
[0mPOST /api/user/refresh-token [32m200[0m 211.708 ms - 203[0m
[0mGET /api/user/vendors?limit=5 [32m200[0m 665.935 ms - 21029[0m
[0mOPTIONS /api/user/logout [32m204[0m 0.091 ms - 0[0m
[0mPOST /api/user/logout [32m200[0m 33.888 ms - 41[0m
[0mOPTIONS /api/user/login [32m204[0m 0.078 ms - 0[0m
[0mPOST /api/user/login [32m200[0m 179.489 ms - 804[0m
[0mGET /api/user/vendors?limit=5 [32m200[0m 138.183 ms - 21029[0m
[0mOPTIONS /api/user/vendors?limit=5 [32m204[0m 25.170 ms - 0[0m
[0mGET /api/user/vendors?limit=5 [33m401[0m 191.404 ms - 42[0m
[0mOPTIONS /api/user/refresh-token [32m204[0m 0.072 ms - 0[0m
[0mPOST /api/user/refresh-token [32m200[0m 301.893 ms - 203[0m
[0mGET /api/user/vendors?limit=5 [32m200[0m 413.949 ms - 21029[0m
[0mGET /api/user/vendors?limit=5 [32m200[0m 122.991 ms - 21029[0m
[0mGET /api/user/vendors?limit=5 [32m200[0m 729.457 ms - 21029[0m
[0mOPTIONS /api/user/vendors?limit=5 [32m204[0m 1.082 ms - 0[0m
[0mGET /api/user/vendors?limit=5 [33m401[0m 45.897 ms - 42[0m
[0mOPTIONS /api/user/refresh-token [32m204[0m 0.127 ms - 0[0m
[0mPOST /api/user/refresh-token [32m200[0m 124.030 ms - 203[0m
[0mGET /api/user/vendors?limit=5 [32m200[0m 174.591 ms - 21029[0m
[0mOPTIONS /api/user/logout [32m204[0m 0.083 ms - 0[0m
[0mPOST /api/user/logout [32m200[0m 34.704 ms - 41[0m
[0mOPTIONS /api/user/login [32m204[0m 0.053 ms - 0[0m
[0mPOST /api/user/login [32m200[0m 188.666 ms - 804[0m
[0mGET /api/user/vendors?limit=5 [32m200[0m 146.014 ms - 21029[0m
[0mOPTIONS /api/user/vendors?limit=5 [32m204[0m 1.063 ms - 0[0m
[0mGET /api/user/vendors?limit=5 [33m401[0m 11.161 ms - 42[0m
[0mOPTIONS /api/user/refresh-token [32m204[0m 0.106 ms - 0[0m
[0mPOST /api/user/refresh-token [32m200[0m 82.387 ms - 203[0m
[0mGET /api/user/vendors?limit=5 [32m200[0m 138.420 ms - 21029[0m
[0mOPTIONS /api/user/logout [32m204[0m 0.118 ms - 0[0m
[0mPOST /api/user/logout [32m200[0m 1.355 ms - 41[0m
[0mOPTIONS /api/user/signup [32m204[0m 0.083 ms - 0[0m
[0mPOST /api/user/signup [31m500[0m 1195.762 ms - 52[0m
[0mPOST /api/user/signup [32m200[0m 4708.702 ms - 108[0m
[0mOPTIONS /api/user/verify [32m204[0m 0.161 ms - 0[0m
[0mPOST /api/user/verify [32m201[0m 203.780 ms - 43[0m
[0mOPTIONS /api/user/login [32m204[0m 0.071 ms - 0[0m
[0mPOST /api/user/login [32m200[0m 203.640 ms - 327[0m
[0mGET /api/user/vendors?limit=5 [32m200[0m 187.883 ms - 21029[0m
[0mGET /api/user/vendors?limit=5 [32m200[0m 140.880 ms - 21029[0m
[0mOPTIONS /api/user/viewposts [32m204[0m 0.086 ms - 0[0m
[0mGET /api/user/viewposts [32m200[0m 223.762 ms - 28714[0m
[0mGET /api/user/vendors?limit=5 [32m200[0m 127.215 ms - 21029[0m
