[0mOPTIONS /api/user/vendors?limit=5 [32m204[0m 6.930 ms - 0[0m
[0mGET /api/user/vendors?limit=5 [33m401[0m 488.688 ms - 42[0m
[0mOPTIONS /api/user/refresh-token [32m204[0m 0.062 ms - 0[0m
[0mPOST /api/user/refresh-token [32m200[0m 412.932 ms - 203[0m
[0mGET /api/user/vendors?limit=5 [32m200[0m 181.278 ms - 21029[0m
[0mGET /api/user/vendors?limit=5 [32m200[0m 169.247 ms - 21029[0m
[0mOPTIONS /api/user/logout [32m204[0m 0.192 ms - 0[0m
[0mPOST /api/user/logout [32m200[0m 32.022 ms - 41[0m
[0mOPTIONS /api/user/login [32m204[0m 0.068 ms - 0[0m
[0mPOST /api/user/login [32m200[0m 190.809 ms - 804[0m
[0mGET /api/user/vendors?limit=5 [32m200[0m 205.008 ms - 21029[0m
[0mPOST /api/user/logout [32m200[0m 178.109 ms - 41[0m
[0mOPTIONS /api/user/google/login [32m204[0m 0.713 ms - 0[0m
[0mPOST /api/user/google/login [33m404[0m 118.890 ms - 161[0m
[0mPOST /api/user/google/login [33m404[0m 48.737 ms - 161[0m
[0mPOST /api/user/google/login [33m404[0m 49.384 ms - 161[0m
[0mOPTIONS /api/user/google/auth [32m204[0m 1.534 ms - 0[0m
[0mPOST /api/user/google/auth [32m200[0m 448.298 ms - 460[0m
[0mGET /api/user/vendors?limit=5 [32m200[0m 251.787 ms - 21029[0m
[0mGET /api/user/vendors?limit=5 [32m200[0m 137.271 ms - 21029[0m
[0mOPTIONS /api/user/vendors?limit=5 [32m204[0m 0.960 ms - 0[0m
[0mGET /api/user/vendors?limit=5 [32m200[0m 636.550 ms - 21029[0m
[0mOPTIONS /api/user/logout [32m204[0m 6.081 ms - 0[0m
[0mPOST /api/user/logout [32m200[0m 104.060 ms - 41[0m
[0mOPTIONS /api/user/login [32m204[0m 0.150 ms - 0[0m
[0mPOST /api/user/login [32m200[0m 561.363 ms - 804[0m
[0mOPTIONS /api/user/vendors?limit=5 [32m204[0m 0.137 ms - 0[0m
[0mGET /api/user/vendors?limit=5 [32m200[0m 237.566 ms - 21029[0m
[0mGET /api/user/vendors?limit=5 [32m200[0m 562.722 ms - 21029[0m
[0mGET /api/user/vendors?limit=5 [32m200[0m 133.434 ms - 21029[0m
[0mGET /api/user/vendors?limit=5 [32m200[0m 146.764 ms - 21029[0m
[0mGET /api/user/vendors?limit=5 [32m200[0m 121.386 ms - 21029[0m
[0mGET /api/user/vendors?limit=5 [32m200[0m 122.290 ms - 21029[0m
[0mGET /api/user/vendors?limit=5 [32m200[0m 112.523 ms - 21029[0m
[0mGET /api/user/vendors?limit=5 [32m200[0m 110.992 ms - 21029[0m
[0mGET /api/user/vendors?limit=5 [32m200[0m 111.682 ms - 21029[0m
[0mGET /api/user/vendors?limit=5 [32m200[0m 142.794 ms - 21029[0m
[0mPOST /api/user/logout [32m200[0m 32.531 ms - 41[0m
[0mPOST /api/user/login [32m200[0m 199.835 ms - 804[0m
[0mGET /api/user/vendors?limit=5 [32m200[0m 123.726 ms - 21029[0m
[0mGET /api/user/vendors?limit=5 [32m200[0m 141.712 ms - 21029[0m
[0mPOST /api/user/logout [32m200[0m 31.021 ms - 41[0m
[0mPOST /api/user/login [32m200[0m 161.100 ms - 804[0m
[0mGET /api/user/vendors?limit=5 [32m200[0m 126.976 ms - 21029[0m
[0mOPTIONS /api/user/vendors?limit=5 [32m204[0m 0.772 ms - 0[0m
[0mGET /api/user/vendors?limit=5 [32m200[0m 128.976 ms - 21029[0m
[0mOPTIONS /api/user/vendors?limit=5 [32m204[0m 0.069 ms - 0[0m
[0mGET /api/user/vendors?limit=5 [32m200[0m 150.661 ms - 21029[0m
[0mOPTIONS /api/user/vendors?limit=5 [32m204[0m 0.107 ms - 0[0m
[0mGET /api/user/vendors?limit=5 [32m200[0m 121.365 ms - 21029[0m
[0mOPTIONS /api/user/vendors?limit=5 [32m204[0m 0.079 ms - 0[0m
[0mGET /api/user/vendors?limit=5 [32m200[0m 117.780 ms - 21029[0m
[0mOPTIONS /api/user/vendors?limit=5 [32m204[0m 0.099 ms - 0[0m
[0mGET /api/user/vendors?limit=5 [32m200[0m 126.351 ms - 21029[0m
[0mOPTIONS /api/user/vendors?limit=5 [32m204[0m 0.090 ms - 0[0m
[0mGET /api/user/vendors?limit=5 [32m200[0m 116.551 ms - 21029[0m
[0mOPTIONS /api/user/vendors?limit=5 [32m204[0m 0.097 ms - 0[0m
[0mGET /api/user/vendors?limit=5 [32m200[0m 205.507 ms - 21029[0m
[0mOPTIONS /api/user/vendors?limit=5 [32m204[0m 0.055 ms - 0[0m
[0mGET /api/user/vendors?limit=5 [32m200[0m 282.469 ms - 21029[0m
[0mOPTIONS /api/user/vendors?limit=5 [32m204[0m 0.129 ms - 0[0m
[0mGET /api/user/vendors?limit=5 [32m200[0m 110.373 ms - 21029[0m
[0mOPTIONS /api/user/vendors?limit=5 [32m204[0m 0.040 ms - 0[0m
[0mGET /api/user/vendors?limit=5 [32m200[0m 120.750 ms - 21029[0m
[0mOPTIONS /api/user/vendors?limit=5 [32m204[0m 0.104 ms - 0[0m
[0mGET /api/user/vendors?limit=5 [32m200[0m 154.996 ms - 21029[0m
[0mPOST /api/user/logout [32m200[0m 60.089 ms - 41[0m
[0mOPTIONS /api/user/login [32m204[0m 0.058 ms - 0[0m
[0mPOST /api/user/login [32m200[0m 172.399 ms - 804[0m
[0mOPTIONS /api/user/vendors?limit=5 [32m204[0m 0.075 ms - 0[0m
[0mGET /api/user/vendors?limit=5 [32m200[0m 224.095 ms - 21029[0m
[0mGET /api/user/vendors?limit=5 [32m200[0m 376.561 ms - 21029[0m
[0mPOST /api/user/logout [32m200[0m 45.184 ms - 41[0m
[0mOPTIONS /api/user/login [32m204[0m 0.076 ms - 0[0m
[0mPOST /api/user/login [32m200[0m 389.954 ms - 804[0m
[0mOPTIONS /api/user/vendors?limit=5 [32m204[0m 0.048 ms - 0[0m
[0mGET /api/user/vendors?limit=5 [32m200[0m 253.963 ms - 21029[0m
[0mPOST /api/user/logout [32m200[0m 32.777 ms - 41[0m
[0mPOST /api/user/login [32m200[0m 157.251 ms - 804[0m
[0mGET /api/user/vendors?limit=5 [32m200[0m 129.423 ms - 21029[0m
[0mGET /api/user/vendors?limit=5 [32m200[0m 134.953 ms - 21029[0m
[0mOPTIONS /api/user/viewposts [32m204[0m 0.111 ms - 0[0m
[0mGET /api/user/viewposts [32m200[0m 285.117 ms - 28714[0m
[0mGET /api/user/vendors?limit=5 [32m200[0m 201.175 ms - 21029[0m
[0mGET /api/user/vendors?limit=5 [32m200[0m 122.022 ms - 21029[0m
[0mPOST /api/user/logout [32m200[0m 67.661 ms - 41[0m
[0mPOST /api/user/login [32m200[0m 189.880 ms - 804[0m
[0mGET /api/user/vendors?limit=5 [32m200[0m 138.645 ms - 21029[0m
[0mGET /api/user/vendors?limit=5 [32m200[0m 141.726 ms - 21029[0m
[0mGET /api/user/vendors?limit=5 [32m200[0m 178.737 ms - 21029[0m
[0mOPTIONS /api/user/vendors?limit=5 [32m204[0m 1.099 ms - 0[0m
[0mGET /api/user/vendors?limit=5 [33m401[0m 76.832 ms - 42[0m
[0mOPTIONS /api/user/refresh-token [32m204[0m 0.140 ms - 0[0m
[0mPOST /api/user/refresh-token [32m200[0m 211.708 ms - 203[0m
[0mGET /api/user/vendors?limit=5 [32m200[0m 665.935 ms - 21029[0m
[0mOPTIONS /api/user/logout [32m204[0m 0.091 ms - 0[0m
[0mPOST /api/user/logout [32m200[0m 33.888 ms - 41[0m
[0mOPTIONS /api/user/login [32m204[0m 0.078 ms - 0[0m
[0mPOST /api/user/login [32m200[0m 179.489 ms - 804[0m
[0mGET /api/user/vendors?limit=5 [32m200[0m 138.183 ms - 21029[0m
[0mOPTIONS /api/user/vendors?limit=5 [32m204[0m 25.170 ms - 0[0m
[0mGET /api/user/vendors?limit=5 [33m401[0m 191.404 ms - 42[0m
[0mOPTIONS /api/user/refresh-token [32m204[0m 0.072 ms - 0[0m
[0mPOST /api/user/refresh-token [32m200[0m 301.893 ms - 203[0m
[0mGET /api/user/vendors?limit=5 [32m200[0m 413.949 ms - 21029[0m
[0mGET /api/user/vendors?limit=5 [32m200[0m 122.991 ms - 21029[0m
[0mGET /api/user/vendors?limit=5 [32m200[0m 729.457 ms - 21029[0m
[0mOPTIONS /api/user/vendors?limit=5 [32m204[0m 1.082 ms - 0[0m
[0mGET /api/user/vendors?limit=5 [33m401[0m 45.897 ms - 42[0m
[0mOPTIONS /api/user/refresh-token [32m204[0m 0.127 ms - 0[0m
[0mPOST /api/user/refresh-token [32m200[0m 124.030 ms - 203[0m
[0mGET /api/user/vendors?limit=5 [32m200[0m 174.591 ms - 21029[0m
[0mOPTIONS /api/user/logout [32m204[0m 0.083 ms - 0[0m
[0mPOST /api/user/logout [32m200[0m 34.704 ms - 41[0m
[0mOPTIONS /api/user/login [32m204[0m 0.053 ms - 0[0m
[0mPOST /api/user/login [32m200[0m 188.666 ms - 804[0m
[0mGET /api/user/vendors?limit=5 [32m200[0m 146.014 ms - 21029[0m
[0mOPTIONS /api/user/vendors?limit=5 [32m204[0m 1.063 ms - 0[0m
[0mGET /api/user/vendors?limit=5 [33m401[0m 11.161 ms - 42[0m
[0mOPTIONS /api/user/refresh-token [32m204[0m 0.106 ms - 0[0m
[0mPOST /api/user/refresh-token [32m200[0m 82.387 ms - 203[0m
[0mGET /api/user/vendors?limit=5 [32m200[0m 138.420 ms - 21029[0m
[0mOPTIONS /api/user/logout [32m204[0m 0.118 ms - 0[0m
[0mPOST /api/user/logout [32m200[0m 1.355 ms - 41[0m
[0mOPTIONS /api/user/signup [32m204[0m 0.083 ms - 0[0m
[0mPOST /api/user/signup [31m500[0m 1195.762 ms - 52[0m
[0mPOST /api/user/signup [32m200[0m 4708.702 ms - 108[0m
[0mOPTIONS /api/user/verify [32m204[0m 0.161 ms - 0[0m
[0mPOST /api/user/verify [32m201[0m 203.780 ms - 43[0m
[0mOPTIONS /api/user/login [32m204[0m 0.071 ms - 0[0m
[0mPOST /api/user/login [32m200[0m 203.640 ms - 327[0m
[0mGET /api/user/vendors?limit=5 [32m200[0m 187.883 ms - 21029[0m
[0mGET /api/user/vendors?limit=5 [32m200[0m 140.880 ms - 21029[0m
[0mOPTIONS /api/user/viewposts [32m204[0m 0.086 ms - 0[0m
[0mGET /api/user/viewposts [32m200[0m 223.762 ms - 28714[0m
[0mGET /api/user/vendors?limit=5 [32m200[0m 127.215 ms - 21029[0m
[0mOPTIONS /api/user/vendors?limit=5 [32m204[0m 0.586 ms - 0[0m
[0mGET /api/user/vendors?limit=5 [33m401[0m 56.311 ms - 42[0m
[0mOPTIONS /api/user/refresh-token [32m204[0m 0.068 ms - 0[0m
[0mPOST /api/user/refresh-token [32m200[0m 88.389 ms - 203[0m
[0mGET /api/user/vendors?limit=5 [32m200[0m 133.265 ms - 21029[0m
[0mOPTIONS /api/admin/dashboard [32m204[0m 0.059 ms - 0[0m
[0mGET /api/admin/dashboard [33m401[0m 36.621 ms - 42[0m
[0mOPTIONS /api/admin/refresh-token [32m204[0m 0.049 ms - 0[0m
[0mPOST /api/admin/refresh-token [33m401[0m 33.478 ms - 39[0m
[0mOPTIONS /api/admin/login [32m204[0m 0.106 ms - 0[0m
[0mPOST /api/admin/login [32m200[0m 131.313 ms - 762[0m
[0mGET /api/admin/dashboard [32m200[0m 73.996 ms - 134[0m
[0mOPTIONS /api/admin/users?page=1&limit=5&search= [32m204[0m 0.089 ms - 0[0m
[0mGET /api/admin/users?page=1&limit=5&search= [32m200[0m 103.993 ms - 2240[0m
[0mOPTIONS /api/admin/logout [32m204[0m 0.787 ms - 0[0m
[0mGET /api/admin/logout [32m200[0m 47.938 ms - 42[0m
[0mOPTIONS /api/admin/login [32m204[0m 0.066 ms - 0[0m
[0mPOST /api/admin/login [32m200[0m 138.394 ms - 762[0m
[0mOPTIONS /api/admin/dashboard [32m204[0m 0.112 ms - 0[0m
[0mGET /api/admin/dashboard [32m200[0m 168.429 ms - 134[0m
[0mOPTIONS /api/admin/users?page=1&limit=5&search= [32m204[0m 0.098 ms - 0[0m
[0mGET /api/admin/users?page=1&limit=5&search= [32m200[0m 115.665 ms - 1134[0m
[0mOPTIONS /api/admin/users?page=1&limit=5&search=&status=active [32m204[0m 0.062 ms - 0[0m
[0mGET /api/admin/users?page=1&limit=5&search=&status=active [32m200[0m 112.682 ms - 1134[0m
[0mOPTIONS /api/admin/users?page=1&limit=5&search=&status=inactive [32m204[0m 0.074 ms - 0[0m
[0mGET /api/admin/users?page=1&limit=5&search=&status=inactive [32m200[0m 111.486 ms - 58[0m
[0mOPTIONS /api/admin/users?page=1&limit=5&search= [32m204[0m 0.127 ms - 0[0m
[0mGET /api/admin/users?page=1&limit=5&search= [32m200[0m 118.320 ms - 1134[0m
[0mGET /api/admin/logout [36m304[0m 42.830 ms - -[0m
[0mOPTIONS /api/admin/login [32m204[0m 0.129 ms - 0[0m
[0mPOST /api/admin/login [32m200[0m 116.091 ms - 762[0m
[0mOPTIONS /api/admin/dashboard [32m204[0m 0.100 ms - 0[0m
[0mGET /api/admin/dashboard [32m200[0m 71.599 ms - 134[0m
[0mOPTIONS /api/admin/dashboard [32m204[0m 0.098 ms - 0[0m
[0mGET /api/admin/dashboard [32m200[0m 81.060 ms - 134[0m
[0mOPTIONS /api/admin/logout [32m204[0m 0.051 ms - 0[0m
[0mGET /api/admin/logout [32m200[0m 31.635 ms - 42[0m
[0mOPTIONS /api/admin/login [32m204[0m 0.056 ms - 0[0m
[0mPOST /api/admin/login [32m200[0m 107.876 ms - 762[0m
[0mOPTIONS /api/admin/dashboard [32m204[0m 0.069 ms - 0[0m
[0mGET /api/admin/dashboard [32m200[0m 69.874 ms - 134[0m
[0mOPTIONS /api/admin/users?page=1&limit=5&search= [32m204[0m 0.117 ms - 0[0m
[0mGET /api/admin/users?page=1&limit=5&search= [32m200[0m 113.555 ms - 1134[0m
[0mGET /api/admin/users?page=1&limit=5&search= [33m401[0m 32.048 ms - 37[0m
[0mGET /favicon.ico [33m404[0m 38.456 ms - 150[0m
[0mGET /api/admin/logout [36m304[0m 54.071 ms - -[0m
[0mOPTIONS /api/admin/login [32m204[0m 0.255 ms - 0[0m
[0mPOST /api/admin/login [32m200[0m 142.627 ms - 762[0m
[0mOPTIONS /api/admin/dashboard [32m204[0m 0.117 ms - 0[0m
[0mGET /api/admin/dashboard [32m200[0m 90.694 ms - 134[0m
[0mOPTIONS /api/admin/logout [32m204[0m 0.109 ms - 0[0m
[0mGET /api/admin/logout [32m200[0m 36.948 ms - 42[0m
[0mOPTIONS /api/admin/login [32m204[0m 0.066 ms - 0[0m
[0mPOST /api/admin/login [32m200[0m 125.536 ms - 762[0m
[0mOPTIONS /api/admin/dashboard [32m204[0m 0.151 ms - 0[0m
[0mGET /api/admin/dashboard [32m200[0m 68.775 ms - 134[0m
[0mOPTIONS /api/admin/users?page=1&limit=5&search= [32m204[0m 0.065 ms - 0[0m
[0mGET /api/admin/users?page=1&limit=5&search= [32m200[0m 218.814 ms - 1064[0m
[0mOPTIONS /api/admin/block-unblock [32m204[0m 0.070 ms - 0[0m
[0mPATCH /api/admin/block-unblock [33m400[0m 32.631 ms - 32[0m
[0mGET /api/admin/logout [36m304[0m 420.867 ms - -[0m
[0mGET /api/admin/users?page=1&limit=5&search= [0m-[0m - ms - -[0m
[0mPOST /api/admin/login [0m-[0m - ms - -[0m
[0mOPTIONS /api/admin/login [32m204[0m 0.302 ms - 0[0m
[0mPOST /api/admin/login [33m404[0m 35.656 ms - 32[0m
[0mGET /api/user/vendors?limit=5 [32m200[0m 193.473 ms - 21029[0m
[0mPOST /api/admin/login [32m200[0m 67.438 ms - 762[0m
[0mOPTIONS /api/admin/dashboard [32m204[0m 0.099 ms - 0[0m
[0mGET /api/admin/dashboard [32m200[0m 35.811 ms - 134[0m
[0mOPTIONS /api/admin/users?page=1&limit=5&search= [32m204[0m 0.104 ms - 0[0m
[0mGET /api/admin/users?page=1&limit=5&search= [32m200[0m 61.939 ms - 1064[0m
[0mOPTIONS /api/admin/block-unblock [32m204[0m 0.050 ms - 0[0m
[0mPATCH /api/admin/block-unblock [33m400[0m 5.516 ms - 32[0m
[0mPOST /api/admin/login [32m200[0m 113.535 ms - 762[0m
[0mGET /api/admin/dashboard [36m304[0m 68.059 ms - -[0m
[0mOPTIONS /api/admin/logout [32m204[0m 0.078 ms - 0[0m
[0mGET /api/admin/logout [32m200[0m 35.361 ms - 42[0m
[0mOPTIONS /api/admin/login [32m204[0m 0.107 ms - 0[0m
[0mPOST /api/admin/login [32m200[0m 138.821 ms - 762[0m
[0mOPTIONS /api/admin/dashboard [32m204[0m 0.097 ms - 0[0m
[0mGET /api/admin/dashboard [32m200[0m 67.778 ms - 134[0m
[0mOPTIONS /api/admin/users?page=1&limit=5&search= [32m204[0m 0.054 ms - 0[0m
[0mGET /api/admin/users?page=1&limit=5&search= [32m200[0m 114.829 ms - 1064[0m
[0mOPTIONS /api/admin/block-unblock [32m204[0m 0.207 ms - 0[0m
[0mPATCH /api/admin/block-unblock [33m400[0m 36.432 ms - 32[0m
[0mOPTIONS /api/admin/users?page=1&limit=5&search= [32m204[0m 0.122 ms - 0[0m
[0mGET /api/admin/users?page=1&limit=5&search= [32m200[0m 97.756 ms - 1064[0m
[0mOPTIONS /api/admin/block-unblock [32m204[0m 0.080 ms - 0[0m
[0mPATCH /api/admin/block-unblock [33m400[0m 34.014 ms - 32[0m
[0mOPTIONS /api/admin/users?page=1&limit=5&search= [32m204[0m 2.009 ms - 0[0m
[0mGET /api/admin/users?page=1&limit=5&search= [32m200[0m 216.934 ms - 1064[0m
[0mOPTIONS /api/admin/block-unblock [32m204[0m 0.072 ms - 0[0m
[0mPATCH /api/admin/block-unblock [33m400[0m 61.518 ms - 32[0m
[0mOPTIONS /api/admin/users?page=1&limit=5&search= [32m204[0m 0.983 ms - 0[0m
[0mGET /api/admin/users?page=1&limit=5&search= [32m200[0m 150.100 ms - 1064[0m
[0mOPTIONS /api/admin/users?page=1&limit=5&search= [32m204[0m 0.092 ms - 0[0m
[0mGET /api/admin/users?page=1&limit=5&search= [32m200[0m 127.262 ms - 1064[0m
[0mOPTIONS /api/admin/users?page=1&limit=5&search= [32m204[0m 0.050 ms - 0[0m
[0mGET /api/admin/users?page=1&limit=5&search= [32m200[0m 121.952 ms - 1064[0m
[0mOPTIONS /api/admin/users?page=1&limit=5&search= [32m204[0m 0.076 ms - 0[0m
[0mGET /api/admin/users?page=1&limit=5&search= [32m200[0m 123.726 ms - 1064[0m
[0mOPTIONS /api/admin/users?page=1&limit=5&search= [32m204[0m 0.087 ms - 0[0m
[0mGET /api/admin/users?page=1&limit=5&search= [32m200[0m 123.407 ms - 1064[0m
[0mOPTIONS /api/admin/block-unblock?userId=69c200d4b95a653ac3a4a5a4 [32m204[0m 0.072 ms - 0[0m
[0mPATCH /api/admin/block-unblock?userId=69c200d4b95a653ac3a4a5a4 [32m200[0m 170.475 ms - 84[0m
[0mOPTIONS /api/admin/block-unblock?userId=69c200d4b95a653ac3a4a5a4 [32m204[0m 0.192 ms - 0[0m
[0mPATCH /api/admin/block-unblock?userId=69c200d4b95a653ac3a4a5a4 [32m200[0m 132.226 ms - 86[0m
[0mGET /api/admin/users?page=1&limit=5&search= [36m304[0m 139.390 ms - -[0m
[0mGET /api/admin/users?page=1&limit=5&search= [36m304[0m 191.183 ms - -[0m
[0mPATCH /api/admin/block-unblock?userId=69c200d4b95a653ac3a4a5a4 [32m200[0m 160.772 ms - 135[0m
[0mPATCH /api/admin/block-unblock?userId=69c200d4b95a653ac3a4a5a4 [32m200[0m 115.529 ms - 136[0m
[0mOPTIONS /api/user/vendors?limit=5 [32m204[0m 1.638 ms - 0[0m
[0mGET /api/user/vendors?limit=5 [33m401[0m 46.343 ms - 42[0m
[0mOPTIONS /api/user/refresh-token [32m204[0m 0.052 ms - 0[0m
[0mPOST /api/user/refresh-token [32m200[0m 104.533 ms - 203[0m
[0mGET /api/user/vendors?limit=5 [32m200[0m 141.285 ms - 21029[0m
[0mGET /api/user/vendors?limit=5 [32m200[0m 130.621 ms - 21029[0m
[0mOPTIONS /api/user/logout [32m204[0m 0.629 ms - 0[0m
[0mPOST /api/user/logout [32m200[0m 35.292 ms - 41[0m
[0mOPTIONS /api/user/login [32m204[0m 0.078 ms - 0[0m
[0mPOST /api/user/login [32m200[0m 198.632 ms - 806[0m
[0mGET /api/user/vendors?limit=5 [32m200[0m 127.192 ms - 21029[0m
[0mPOST /api/user/logout [32m200[0m 41.185 ms - 41[0m
[0mPOST /api/user/login [32m200[0m 195.154 ms - 806[0m
[0mGET /api/user/vendors?limit=5 [32m200[0m 130.607 ms - 21029[0m
[0mPOST /api/user/logout [32m200[0m 31.836 ms - 41[0m
[0mOPTIONS /api/user/login [32m204[0m 0.273 ms - 0[0m
[0mPOST /api/user/login [32m200[0m 162.267 ms - 806[0m
[0mOPTIONS /api/user/vendors?limit=5 [32m204[0m 0.095 ms - 0[0m
[0mGET /api/user/vendors?limit=5 [32m200[0m 128.642 ms - 21029[0m
[0mGET /api/admin/users?page=1&limit=5&search= [36m304[0m 128.533 ms - -[0m
[0mOPTIONS /api/user/logout [32m204[0m 0.212 ms - 0[0m
[0mPOST /api/user/logout [32m200[0m 30.570 ms - 41[0m
[0mOPTIONS /api/user/login [32m204[0m 0.054 ms - 0[0m
[0mPOST /api/user/login [32m200[0m 168.104 ms - 806[0m
[0mOPTIONS /api/user/vendors?limit=5 [32m204[0m 0.075 ms - 0[0m
[0mGET /api/user/vendors?limit=5 [32m200[0m 127.218 ms - 21029[0m
[0mOPTIONS /api/user/logout [32m204[0m 0.270 ms - 0[0m
[0mPOST /api/user/logout [32m200[0m 44.353 ms - 41[0m
[0mOPTIONS /api/user/login [32m204[0m 0.072 ms - 0[0m
[0mPOST /api/user/login [32m200[0m 175.830 ms - 806[0m
[0mOPTIONS /api/user/vendors?limit=5 [32m204[0m 0.134 ms - 0[0m
[0mGET /api/user/vendors?limit=5 [32m200[0m 140.106 ms - 21029[0m
[0mOPTIONS /api/user/logout [32m204[0m 0.070 ms - 0[0m
[0mPOST /api/user/logout [32m200[0m 31.001 ms - 41[0m
[0mOPTIONS /api/user/login [32m204[0m 0.069 ms - 0[0m
[0mPOST /api/user/login [32m200[0m 160.334 ms - 806[0m
[0mOPTIONS /api/user/vendors?limit=5 [32m204[0m 0.155 ms - 0[0m
[0mGET /api/user/vendors?limit=5 [32m200[0m 123.456 ms - 21029[0m
[0mOPTIONS /api/user/logout [32m204[0m 1.441 ms - 0[0m
[0mPOST /api/user/logout [32m200[0m 42.135 ms - 41[0m
[0mOPTIONS /api/user/login [32m204[0m 0.063 ms - 0[0m
[0mPOST /api/user/login [32m200[0m 289.973 ms - 921[0m
[0mOPTIONS /api/user/vendors?limit=5 [32m204[0m 0.115 ms - 0[0m
[0mGET /api/user/vendors?limit=5 [32m200[0m 181.191 ms - 21029[0m
[0mOPTIONS /api/user/logout [32m204[0m 0.081 ms - 0[0m
[0mPOST /api/user/logout [32m200[0m 34.325 ms - 41[0m
[0mOPTIONS /api/user/login [32m204[0m 0.105 ms - 0[0m
[0mPOST /api/user/login [32m200[0m 165.407 ms - 921[0m
[0mOPTIONS /api/user/vendors?limit=5 [32m204[0m 0.153 ms - 0[0m
[0mGET /api/user/vendors?limit=5 [32m200[0m 148.965 ms - 21029[0m
[0mOPTIONS /api/user/logout [32m204[0m 0.880 ms - 0[0m
[0mPOST /api/user/logout [32m200[0m 40.504 ms - 41[0m
[0mOPTIONS /api/user/login [32m204[0m 0.057 ms - 0[0m
[0mPOST /api/user/login [32m200[0m 199.590 ms - 948[0m
[0mOPTIONS /api/user/vendors?limit=5 [32m204[0m 0.100 ms - 0[0m
[0mGET /api/user/vendors?limit=5 [32m200[0m 164.301 ms - 21029[0m
[0mOPTIONS /api/admin/users?page=1&limit=5&search= [32m204[0m 4.336 ms - 0[0m
[0mGET /api/admin/users?page=1&limit=5&search= [33m401[0m 85.074 ms - 42[0m
[0mOPTIONS /api/admin/refresh-token [32m204[0m 0.068 ms - 0[0m
[0mPOST /api/admin/refresh-token [33m401[0m 63.200 ms - 36[0m
[0mOPTIONS /api/admin/login [32m204[0m 0.084 ms - 0[0m
[0mPOST /api/admin/login [32m200[0m 185.658 ms - 762[0m
[0mOPTIONS /api/admin/dashboard [32m204[0m 0.070 ms - 0[0m
[0mGET /api/admin/dashboard [32m200[0m 73.338 ms - 134[0m
[0mOPTIONS /api/admin/vendors?page=1&limit=5&search= [32m204[0m 0.048 ms - 0[0m
[0mGET /api/admin/users?page=1&limit=5&search= [36m304[0m 5202.993 ms - -[0m
[0mGET /api/admin/vendors?page=1&limit=5&search= [32m200[0m 559.500 ms - 21029[0m
[0mGET /api/admin/users?page=1&limit=5&search= [36m304[0m 104.899 ms - -[0m
[0mGET /api/admin/vendors?page=1&limit=5&search= [32m200[0m 213.628 ms - 21029[0m
[0mGET /api/admin/users?page=1&limit=5&search= [36m304[0m 106.123 ms - -[0m
[0mGET /api/admin/vendors?page=1&limit=5&search= [32m200[0m 120.453 ms - 21029[0m
[0mGET /api/admin/users?page=1&limit=5&search= [36m304[0m 105.777 ms - -[0m
[0mGET /api/admin/vendors?page=1&limit=5&search= [32m200[0m 129.732 ms - 21029[0m
[0mOPTIONS /api/admin/vendors?page=1&limit=5&search=&status=accepted [32m204[0m 0.053 ms - 0[0m
[0mGET /api/admin/vendors?page=1&limit=5&search=&status=accepted [32m200[0m 120.610 ms - 21029[0m
[0mOPTIONS /api/admin/vendors?page=1&limit=5&search=&status=requested [32m204[0m 0.068 ms - 0[0m
[0mGET /api/admin/vendors?page=1&limit=5&search=&status=requested [32m200[0m 105.638 ms - 62[0m
[0mOPTIONS /api/admin/vendors?page=1&limit=5&search=&status=rejected [32m204[0m 0.048 ms - 0[0m
[0mGET /api/admin/vendors?page=1&limit=5&search=&status=rejected [32m200[0m 103.498 ms - 62[0m
[0mOPTIONS /api/admin/vendors?page=1&limit=5&search=&status=reapplied [32m204[0m 0.062 ms - 0[0m
[0mGET /api/admin/vendors?page=1&limit=5&search=&status=reapplied [32m200[0m 110.304 ms - 62[0m
[0mGET /api/admin/vendors?page=1&limit=5&search=&status=accepted [32m200[0m 119.296 ms - 21029[0m
[0mOPTIONS /api/admin/vendorblock-unblock?vendorId=69b1449a7bea23099ba43554 [32m204[0m 0.066 ms - 0[0m
[0mPATCH /api/admin/vendorblock-unblock?vendorId=69b1449a7bea23099ba43554 [32m200[0m 113.027 ms - 88[0m
[0mGET /api/admin/vendors?page=1&limit=5&search=&status=requested [36m304[0m 113.680 ms - -[0m
[0mGET /api/admin/vendors?page=1&limit=5&search= [32m200[0m 118.054 ms - 21028[0m
[0mGET /api/admin/users?page=1&limit=5&search= [36m304[0m 113.282 ms - -[0m
[0mOPTIONS /api/admin/users?page=1&limit=5&search=&status=active [32m204[0m 0.050 ms - 0[0m
[0mGET /api/admin/users?page=1&limit=5&search=&status=active [32m200[0m 107.761 ms - 1064[0m
[0mOPTIONS /api/admin/users?page=1&limit=5&search=&status=inactive [32m204[0m 0.036 ms - 0[0m
[0mGET /api/admin/users?page=1&limit=5&search=&status=inactive [32m200[0m 103.622 ms - 58[0m
[0mGET /api/admin/users?page=1&limit=5&search=&status=active [36m304[0m 106.400 ms - -[0m
[0mGET /api/admin/users?page=1&limit=5&search= [36m304[0m 105.142 ms - -[0m
[0mOPTIONS /api/admin/users?page=2&limit=5&search= [32m204[0m 0.038 ms - 0[0m
[0mGET /api/admin/users?page=2&limit=5&search= [32m200[0m 109.084 ms - 903[0m
[0mOPTIONS /api/admin/users?page=3&limit=5&search= [32m204[0m 0.070 ms - 0[0m
[0mGET /api/admin/users?page=3&limit=5&search= [32m200[0m 104.781 ms - 446[0m
[0mGET /api/admin/users?page=1&limit=5&search=&status=active [36m304[0m 104.211 ms - -[0m
[0mOPTIONS /api/user/vendors?limit=5 [32m204[0m 0.715 ms - 0[0m
[0mGET /api/user/vendors?limit=5 [33m401[0m 57.233 ms - 42[0m
[0mOPTIONS /api/user/refresh-token [32m204[0m 0.066 ms - 0[0m
[0mPOST /api/user/refresh-token [32m200[0m 112.346 ms - 203[0m
[0mGET /api/user/vendors?limit=5 [32m200[0m 172.440 ms - 21028[0m
[0mOPTIONS /api/user/logout [32m204[0m 0.162 ms - 0[0m
[0mPOST /api/user/logout [32m200[0m 48.819 ms - 41[0m
[0mOPTIONS /api/user/login [32m204[0m 0.161 ms - 0[0m
[0mPOST /api/user/login [32m200[0m 203.424 ms - 948[0m
[0mGET /api/user/vendors?limit=5 [32m200[0m 168.610 ms - 21028[0m
[0mOPTIONS /api/user/vendors?limit=5 [32m204[0m 1.495 ms - 0[0m
[0mGET /api/user/vendors?limit=5 [33m401[0m 52.627 ms - 42[0m
[0mOPTIONS /api/user/refresh-token [32m204[0m 0.112 ms - 0[0m
[0mPOST /api/user/refresh-token [32m200[0m 137.226 ms - 203[0m
[0mGET /api/user/vendors?limit=5 [32m200[0m 245.049 ms - 21028[0m
[0mGET /api/user/vendors?limit=5 [32m200[0m 130.215 ms - 21028[0m
[0mOPTIONS /api/user/logout [32m204[0m 0.051 ms - 0[0m
[0mPOST /api/user/logout [32m200[0m 50.462 ms - 41[0m
[0mOPTIONS /api/user/signup [32m204[0m 0.069 ms - 0[0m
[0mPOST /api/user/signup [32m200[0m 5518.804 ms - 108[0m
[0mOPTIONS /api/user/verify [32m204[0m 0.059 ms - 0[0m
[0mPOST /api/user/verify [32m201[0m 174.776 ms - 43[0m
[0mOPTIONS /api/user/login [32m204[0m 0.048 ms - 0[0m
[0mPOST /api/user/login [32m200[0m 286.101 ms - 477[0m
[0mGET /api/user/vendors?limit=5 [32m200[0m 151.130 ms - 21028[0m
[0mOPTIONS /api/user/profile [32m204[0m 0.061 ms - 0[0m
[0mPUT /api/user/profile [32m200[0m 196.690 ms - 249[0m
[0mPUT /api/user/profile [32m200[0m 562.351 ms - 727[0m
[0mOPTIONS /api/user/change-password [32m204[0m 0.064 ms - 0[0m
[0mPUT /api/user/change-password [32m200[0m 1486.584 ms - 42[0m
[0mGET /api/user/vendors?limit=5 [32m200[0m 135.750 ms - 21028[0m
[0mPOST /api/vendor/signup [32m200[0m 5552.711 ms - 134[0m
[0mOPTIONS /api/vendor/verify-email [32m204[0m 0.164 ms - 0[0m
[0mPOST /api/vendor/verify-email [32m201[0m 181.189 ms - 483[0m
[0mOPTIONS /api/vendor/login [32m204[0m 0.085 ms - 0[0m
[0mPOST /api/vendor/login [33m403[0m 148.073 ms - 56[0m
[0mOPTIONS /api/admin/login [32m204[0m 0.375 ms - 0[0m
[0mPOST /api/admin/login [32m200[0m 150.860 ms - 762[0m
[0mOPTIONS /api/admin/dashboard [32m204[0m 0.046 ms - 0[0m
[0mGET /api/admin/dashboard [32m200[0m 49.619 ms - 134[0m
[0mOPTIONS /api/admin/users?page=1&limit=5&search= [32m204[0m 0.061 ms - 0[0m
[0mGET /api/admin/users?page=1&limit=5&search= [32m200[0m 189.408 ms - 1121[0m
[0mOPTIONS /api/admin/vendors?page=1&limit=5&search= [32m204[0m 0.051 ms - 0[0m
[0mGET /api/admin/vendors?page=1&limit=5&search= [32m200[0m 123.743 ms - 20601[0m
[0mGET /api/admin/vendors?page=1&limit=5&search= [32m200[0m 112.331 ms - 20601[0m
[0mGET /api/admin/vendors?page=1&limit=5&search= [32m200[0m 208.657 ms - 20601[0m
[0mOPTIONS /api/admin/vendors/69c4ac528aa3561374b2fad1/status [32m204[0m 0.036 ms - 0[0m
[0mPUT /api/admin/vendors/69c4ac528aa3561374b2fad1/status [32m200[0m 1501.626 ms - 61[0m
[0mGET /api/admin/vendors?page=1&limit=5&search= [32m200[0m 97.591 ms - 20598[0m
[0mPOST /api/vendor/login [32m200[0m 194.628 ms - 810[0m
[0mOPTIONS /api/vendor/profile [32m204[0m 0.040 ms - 0[0m
[0mOPTIONS /api/vendor/vendorDetails [32m204[0m 0.044 ms - 0[0m
[0mGET /api/vendor/profile [32m200[0m 82.042 ms - 480[0m
[0mGET /api/vendor/profile [36m304[0m 83.821 ms - -[0m
[0mGET /api/vendor/vendorDetails [32m200[0m 123.890 ms - 1164[0m
[0mGET /api/user/dateAvailabilty [33m404[0m 142.326 ms - 163[0m
[0mGET /api/vendor/profile [36m304[0m 159.592 ms - -[0m
[0mGET /api/user/dateAvailabilty [33m404[0m 32.022 ms - 163[0m
[0mOPTIONS /api/vendor/dateAvailabilty [32m204[0m 2.446 ms - 0[0m
[0mGET /api/vendor/dateAvailabilty [32m200[0m 109.664 ms - 1301[0m
[0mGET /api/vendor/dateAvailabilty [36m304[0m 72.381 ms - -[0m
[0mGET /api/vendor/dateAvailabilty [36m304[0m 70.333 ms - -[0m
[0mGET /api/user/dateAvailabilty [33m404[0m 51.545 ms - 163[0m
[0mGET /api/vendor/dateAvailabilty [32m200[0m 96.817 ms - 1301[0m
[0mGET /api/vendor/dateAvailabilty [36m304[0m 69.557 ms - -[0m
[0mGET /api/vendor/dateAvailabilty [32m200[0m 73.042 ms - 1301[0m
[0mGET /api/vendor/profile [32m200[0m 76.825 ms - 480[0m
[0mGET /api/vendor/dateAvailabilty [36m304[0m 76.229 ms - -[0m
[0mPOST /api/vendor/dateAvailabilty [32m200[0m 388.759 ms - 107[0m
[0mGET /api/user/vendors?limit=5 [32m200[0m 241.230 ms - 20800[0m
[0mOPTIONS /api/user/vendors?page=1&limit=3&search= [32m204[0m 0.302 ms - 0[0m
[0mGET /api/user/vendors?page=1&limit=3&search= [32m200[0m 119.713 ms - 11226[0m
[0mOPTIONS /api/user/portfolio/69c4ac528aa3561374b2fad1 [32m204[0m 0.053 ms - 0[0m
[0mGET /api/user/portfolio/69c4ac528aa3561374b2fad1 [32m200[0m 85.999 ms - 1339[0m
[0mGET /api/user/vendors?page=1&limit=3&search= [32m200[0m 110.237 ms - 11226[0m
[0mGET /api/user/portfolio/69c4ac528aa3561374b2fad1 [36m304[0m 84.132 ms - -[0m
[0mGET /api/user/portfolio/69c4ac528aa3561374b2fad1 [36m304[0m 66.950 ms - -[0m
[0mGET /api/user/portfolio/69c4ac528aa3561374b2fad1 [36m304[0m 75.968 ms - -[0m
[0mGET /api/user/portfolio/69c4ac528aa3561374b2fad1 [36m304[0m 69.737 ms - -[0m
[0mGET /api/vendor/dateAvailabilty [32m200[0m 70.549 ms - 1313[0m
[0mGET /api/vendor/profile [32m200[0m 72.324 ms - 480[0m
[0mGET /api/vendor/dateAvailabilty [36m304[0m 67.617 ms - -[0m
[0mOPTIONS /api/vendor/dateAvailabilty/unblock [32m204[0m 0.061 ms - 0[0m
[0mPOST /api/vendor/dateAvailabilty/unblock [32m200[0m 124.051 ms - 85[0m
[0mGET /api/user/portfolio/69c4ac528aa3561374b2fad1 [32m200[0m 73.878 ms - 1327[0m
[0mGET /api/vendor/dateAvailabilty [32m200[0m 79.389 ms - 1301[0m
[0mGET /api/vendor/profile [32m200[0m 74.965 ms - 480[0m
[0mGET /api/vendor/dateAvailabilty [36m304[0m 78.616 ms - -[0m
[0mGET /api/user/portfolio/69c4ac528aa3561374b2fad1 [36m304[0m 419.883 ms - -[0m
[0mGET /api/vendor/profile [36m304[0m 74.569 ms - -[0m
[0mGET /api/vendor/dateAvailabilty [36m304[0m 78.106 ms - -[0m
[0mGET /api/vendor/dateAvailabilty [36m304[0m 76.479 ms - -[0m
[0mGET /api/user/portfolio/69c4ac528aa3561374b2fad1 [36m304[0m 312.317 ms - -[0m
[0mGET /api/vendor/profile [36m304[0m 63.987 ms - -[0m
[0mGET /api/user/portfolio/69c4ac528aa3561374b2fad1 [36m304[0m 71.263 ms - -[0m
[0mGET /api/vendor/dateAvailabilty [36m304[0m 74.883 ms - -[0m
[0mGET /api/vendor/dateAvailabilty [36m304[0m 71.168 ms - -[0m
[0mGET /api/vendor/dateAvailabilty [36m304[0m 77.587 ms - -[0m
[0mGET /api/vendor/profile [36m304[0m 77.599 ms - -[0m
[0mGET /api/user/portfolio/69c4ac528aa3561374b2fad1 [36m304[0m 73.383 ms - -[0m
[0mGET /api/vendor/dateAvailabilty [36m304[0m 69.246 ms - -[0m
[0mGET /api/vendor/dateAvailabilty [36m304[0m 92.413 ms - -[0m
[0mGET /api/vendor/dateAvailabilty [36m304[0m 70.394 ms - -[0m
[0mGET /api/vendor/dateAvailabilty [36m304[0m 102.943 ms - -[0m
[0mGET /api/vendor/dateAvailabilty [36m304[0m 164.773 ms - -[0m
[0mGET /api/vendor/dateAvailabilty [36m304[0m 81.628 ms - -[0m
[0mGET /api/vendor/dateAvailabilty [36m304[0m 76.337 ms - -[0m
[0mGET /api/vendor/dateAvailabilty [36m304[0m 75.482 ms - -[0m
[0mGET /api/vendor/dateAvailabilty [36m304[0m 67.240 ms - -[0m
[0mGET /api/vendor/profile [32m200[0m 66.653 ms - 480[0m
[0mGET /api/user/portfolio/69c4ac528aa3561374b2fad1 [36m304[0m 69.871 ms - -[0m
[0mGET /api/vendor/dateAvailabilty [36m304[0m 65.328 ms - -[0m
[0mGET /api/user/portfolio/69c4ac528aa3561374b2fad1 [36m304[0m 75.880 ms - -[0m
[0mGET /api/admin/vendors?page=1&limit=5&search= [32m200[0m 110.354 ms - 20788[0m
[0mGET /api/user/portfolio/69c4ac528aa3561374b2fad1 [36m304[0m 66.711 ms - -[0m
[0mGET /api/admin/vendors?page=1&limit=5&search= [32m200[0m 101.047 ms - 20788[0m
[0mGET /api/user/portfolio/69c4ac528aa3561374b2fad1 [36m304[0m 69.044 ms - -[0m
[0mGET /api/admin/vendors?page=1&limit=5&search= [32m200[0m 86.683 ms - 20788[0m
[0mGET /api/user/portfolio/69c4ac528aa3561374b2fad1 [36m304[0m 65.990 ms - -[0m
[0mGET /api/admin/vendors?page=1&limit=5&search= [32m200[0m 84.295 ms - 20788[0m
[0mGET /api/user/portfolio/69c4ac528aa3561374b2fad1 [36m304[0m 66.610 ms - -[0m
[0mGET /api/admin/vendors?page=1&limit=5&search= [32m200[0m 90.668 ms - 20788[0m
[0mGET /api/user/portfolio/69c4ac528aa3561374b2fad1 [32m200[0m 71.021 ms - 1327[0m
[0mGET /api/admin/vendors?page=1&limit=5&search= [32m200[0m 82.310 ms - 20788[0m
[0mGET /api/user/portfolio/69c4ac528aa3561374b2fad1 [36m304[0m 67.858 ms - -[0m
[0mGET /api/admin/vendors?page=1&limit=5&search= [32m200[0m 80.327 ms - 20788[0m
[0mGET /api/user/portfolio/69c4ac528aa3561374b2fad1 [36m304[0m 150.423 ms - -[0m
[0mOPTIONS /api/vendor/logout [32m204[0m 1.503 ms - 0[0m
[0mPOST /api/vendor/logout [32m200[0m 43.153 ms - 44[0m
[0mOPTIONS /api/vendor/login [32m204[0m 0.278 ms - 0[0m
[0mPOST /api/vendor/login [32m200[0m 235.124 ms - 810[0m
[0mOPTIONS /api/vendor/profile [32m204[0m 0.113 ms - 0[0m
[0mOPTIONS /api/vendor/vendorDetails [32m204[0m 0.130 ms - 0[0m
[0mGET /api/vendor/profile [32m200[0m 79.958 ms - 480[0m
[0mGET /api/vendor/vendorDetails [32m200[0m 362.027 ms - 1164[0m
[0mGET /api/vendor/profile [36m304[0m 317.477 ms - -[0m
[0mGET /api/vendor/profile [36m304[0m 69.924 ms - -[0m
[0mGET /api/vendor/profile [36m304[0m 77.665 ms - -[0m
[0mGET /api/vendor/vendorDetails [36m304[0m 101.842 ms - -[0m
[0mOPTIONS /api/user/logout [32m204[0m 0.092 ms - 0[0m
[0mPOST /api/user/logout [32m200[0m 32.646 ms - 41[0m
[0mOPTIONS /api/user/login [32m204[0m 0.074 ms - 0[0m
[0mPOST /api/user/login [33m401[0m 139.850 ms - 32[0m
[0mPOST /api/user/login [32m200[0m 216.678 ms - 954[0m
[0mOPTIONS /api/user/vendors?limit=5 [32m204[0m 0.115 ms - 0[0m
[0mGET /api/user/vendors?limit=5 [32m200[0m 146.334 ms - 20788[0m
[0mOPTIONS /api/user/profile [32m204[0m 1.289 ms - 0[0m
[0mPUT /api/user/profile [32m200[0m 252.660 ms - 728[0m
[0mPOST /api/vendor/logout [32m200[0m 73.103 ms - 44[0m
[0mPOST /api/vendor/login [32m200[0m 255.099 ms - 810[0m
[0mGET /api/vendor/profile [32m200[0m 93.525 ms - 480[0m
[0mGET /api/vendor/profile [36m304[0m 413.724 ms - -[0m
[0mGET /api/vendor/vendorDetails [32m200[0m 478.569 ms - 1164[0m
[0mOPTIONS /api/admin/vendors?page=1&limit=5&search= [32m204[0m 1.262 ms - 0[0m
[0mGET /api/admin/vendors?page=1&limit=5&search= [33m401[0m 9.788 ms - 42[0m
[0mOPTIONS /api/admin/refresh-token [32m204[0m 0.050 ms - 0[0m
[0mPOST /api/admin/refresh-token [33m401[0m 15.714 ms - 36[0m
[0mOPTIONS /api/user/signup [32m204[0m 0.140 ms - 0[0m
[0mPOST /api/user/signup [32m200[0m 4776.446 ms - 108[0m
[0mOPTIONS /api/user/verify [32m204[0m 0.119 ms - 0[0m
[0mPOST /api/user/verify [32m201[0m 239.120 ms - 43[0m
[0mOPTIONS /api/user/login [32m204[0m 0.045 ms - 0[0m
[0mPOST /api/user/login [32m200[0m 162.129 ms - 464[0m
[0mOPTIONS /api/user/vendors?limit=5 [32m204[0m 0.085 ms - 0[0m
[0mGET /api/user/vendors?limit=5 [32m200[0m 181.795 ms - 20788[0m
[0mOPTIONS /api/user/profile [32m204[0m 0.206 ms - 0[0m
[0mPUT /api/user/profile [32m200[0m 427.859 ms - 725[0m
[0mOPTIONS /api/user/change-password [32m204[0m 0.062 ms - 0[0m
[0mPUT /api/user/change-password [32m200[0m 1067.443 ms - 42[0m
[0mGET /api/user/vendors?limit=5 [32m200[0m 130.978 ms - 20788[0m
[0mOPTIONS /api/user/viewposts [32m204[0m 0.063 ms - 0[0m
[0mGET /api/user/viewposts [32m200[0m 187.875 ms - 28714[0m
[0mGET /api/user/vendors?limit=5 [32m200[0m 123.864 ms - 20788[0m
[0mOPTIONS /api/user/vendors?page=1&limit=3&search= [32m204[0m 0.169 ms - 0[0m
[0mGET /api/user/vendors?page=1&limit=3&search= [32m200[0m 116.656 ms - 11214[0m
[0mOPTIONS /api/user/portfolio/69b2700791355507c55a54e0 [32m204[0m 0.064 ms - 0[0m
[0mGET /api/user/portfolio/69b2700791355507c55a54e0 [32m200[0m 71.619 ms - 1861[0m
[0mGET /api/user/portfolio/69b2700791355507c55a54e0 [32m200[0m 67.297 ms - 1861[0m
[0mGET /api/user/portfolio/69b2700791355507c55a54e0 [32m200[0m 71.959 ms - 1861[0m
[0mGET /api/user/vendors?limit=5 [32m200[0m 119.237 ms - 20788[0m
[0mPOST /api/vendor/signup [32m200[0m 6343.772 ms - 139[0m
[0mPOST /api/vendor/signup [32m200[0m 6683.760 ms - 139[0m
[0mPOST /api/vendor/signup [32m200[0m 4788.671 ms - 139[0m
[0mPOST /api/vendor/signup [32m200[0m 4619.293 ms - 135[0m
[0mGET /api/user/vendors?limit=5 [32m200[0m 265.070 ms - 20788[0m
[0mOPTIONS /api/user/signup [32m204[0m 0.229 ms - 0[0m
[0mPOST /api/user/signup [32m200[0m 4977.342 ms - 108[0m
[0mOPTIONS /api/user/verify [32m204[0m 0.103 ms - 0[0m
[0mPOST /api/user/verify [32m201[0m 198.852 ms - 43[0m
[0mPOST /api/vendor/signup [32m200[0m 4920.794 ms - 143[0m
[0mPOST /api/vendor/signup [32m200[0m 4444.339 ms - 143[0m
[0mPOST /api/vendor/signup [32m200[0m 4715.210 ms - 143[0m
[0mPOST /api/vendor/signup [32m200[0m 5281.726 ms - 143[0m
[0mPOST /api/vendor/signup [32m200[0m 4771.828 ms - 133[0m
[0mOPTIONS /api/vendor/verify-email [32m204[0m 2.349 ms - 0[0m
[0mPOST /api/vendor/verify-email [32m201[0m 370.253 ms - 275[0m
[0mOPTIONS /api/user/forgot-password [32m204[0m 1.144 ms - 0[0m
[0mPOST /api/user/forgot-password [33m400[0m 119.637 ms - 34[0m
[0mPOST /api/user/forgot-password [32m200[0m 1368.119 ms - 52[0m
[0mPOST /api/user/forgot-password [33m400[0m 130.628 ms - 34[0m
[0mOPTIONS /api/user/login [32m204[0m 0.112 ms - 0[0m
[0mPOST /api/user/login [32m200[0m 198.062 ms - 948[0m
[0mOPTIONS /api/user/vendors?limit=5 [32m204[0m 0.143 ms - 0[0m
[0mGET /api/user/vendors?limit=5 [32m200[0m 169.287 ms - 20370[0m
[0mGET /api/user/vendors?limit=5 [32m200[0m 144.377 ms - 20370[0m
[0mOPTIONS /api/user/viewposts [32m204[0m 0.094 ms - 0[0m
[0mGET /api/user/viewposts [32m200[0m 209.454 ms - 28714[0m
[0mOPTIONS /api/user/vendors?page=1&limit=3&search= [32m204[0m 0.066 ms - 0[0m
[0mGET /api/user/vendors?page=1&limit=3&search= [32m200[0m 155.542 ms - 10664[0m
[0mOPTIONS /api/user/vendors?page=1&limit=3&search=jish [32m204[0m 0.065 ms - 0[0m
[0mGET /api/user/vendors?page=1&limit=3&search=jish [32m200[0m 139.592 ms - 4083[0m
[0mGET /api/user/vendors?page=1&limit=3&search= [32m200[0m 123.338 ms - 10664[0m
[0mOPTIONS /api/user/portfolio/69b2700791355507c55a54e0 [32m204[0m 0.099 ms - 0[0m
[0mGET /api/user/portfolio/69b2700791355507c55a54e0 [32m200[0m 80.492 ms - 1861[0m
[0mGET /api/user/vendors?page=1&limit=3&search= [32m200[0m 144.866 ms - 10664[0m
[0mGET /api/user/portfolio/69b2700791355507c55a54e0 [32m200[0m 75.838 ms - 1861[0m
[0mGET /api/user/portfolio/69b2700791355507c55a54e0 [32m200[0m 76.305 ms - 1861[0m
[0mGET /api/user/portfolio/69b2700791355507c55a54e0 [32m200[0m 76.051 ms - 1861[0m
[0mOPTIONS /api/user/profile [32m204[0m 0.087 ms - 0[0m
[0mPUT /api/user/profile [32m200[0m 516.473 ms - 724[0m
[0mOPTIONS /api/user/change-password [32m204[0m 0.132 ms - 0[0m
[0mPUT /api/user/change-password [32m200[0m 1559.296 ms - 42[0m
[0mGET /api/user/vendors?limit=5 [32m200[0m 129.065 ms - 20370[0m
[0mPOST /api/vendor/signup [32m200[0m 5243.711 ms - 135[0m
[0mGET /api/user/vendors?limit=5 [32m200[0m 175.716 ms - 20370[0m
[0mGET /api/user/vendors?limit=5 [32m200[0m 129.093 ms - 20370[0m
[0mPOST /api/vendor/signup [32m200[0m 5478.146 ms - 135[0m
[0mPOST /api/vendor/signup [32m200[0m 5149.865 ms - 135[0m
[0mOPTIONS /api/vendor/login [32m204[0m 0.167 ms - 0[0m
[0mOPTIONS /api/vendor/login [32m204[0m 0.064 ms - 0[0m
[0mOPTIONS /api/vendor/login [32m204[0m 1.413 ms - 0[0m
[0mOPTIONS /api/vendor/login [32m204[0m 0.317 ms - 0[0m
[0mOPTIONS /api/vendor/login [32m204[0m 0.124 ms - 0[0m
[0mOPTIONS /api/vendor/login [32m204[0m 0.086 ms - 0[0m
[0mOPTIONS /api/user/vendors?limit=5 [32m204[0m 0.129 ms - 0[0m
[0mGET /api/user/vendors?limit=5 [33m401[0m 84.540 ms - 42[0m
[0mOPTIONS /api/user/refresh-token [32m204[0m 0.092 ms - 0[0m
[0mPOST /api/user/refresh-token [32m200[0m 142.193 ms - 203[0m
[0mGET /api/user/vendors?limit=5 [32m200[0m 250.073 ms - 20370[0m
[0mOPTIONS /api/user/logout [32m204[0m 0.080 ms - 0[0m
[0mPOST /api/user/logout [32m200[0m 36.924 ms - 41[0m
[0mOPTIONS /api/vendor/login [32m204[0m 0.092 ms - 0[0m
[0mPOST /api/vendor/login [32m200[0m 214.647 ms - 810[0m
[0mOPTIONS /api/vendor/profile [32m204[0m 0.140 ms - 0[0m
[0mOPTIONS /api/vendor/vendorDetails [32m204[0m 0.081 ms - 0[0m
[0mGET /api/vendor/profile [32m200[0m 78.700 ms - 480[0m
[0mGET /api/vendor/profile [36m304[0m 356.686 ms - -[0m
[0mGET /api/vendor/vendorDetails [32m200[0m 441.575 ms - 1164[0m
[0mOPTIONS /api/vendor/logout [32m204[0m 0.127 ms - 0[0m
[0mPOST /api/vendor/logout [32m200[0m 37.573 ms - 44[0m
[0mPOST /api/vendor/signup [32m200[0m 5792.711 ms - 135[0m
[0mPOST /api/vendor/signup [32m200[0m 4748.091 ms - 135[0m
[0mOPTIONS /api/vendor/verify-email [32m204[0m 0.053 ms - 0[0m
[0mPOST /api/vendor/verify-email [33m400[0m 35.889 ms - 25[0m
[0mPOST /api/vendor/verify-email [32m201[0m 239.617 ms - 276[0m
[0mPOST /api/vendor/login [33m403[0m 156.012 ms - 56[0m
[0mOPTIONS /api/admin/dashboard [32m204[0m 0.053 ms - 0[0m
[0mGET /api/admin/dashboard [33m401[0m 43.440 ms - 42[0m
[0mOPTIONS /api/admin/refresh-token [32m204[0m 0.103 ms - 0[0m
[0mPOST /api/admin/refresh-token [33m401[0m 38.652 ms - 36[0m
[0mOPTIONS /api/admin/login [32m204[0m 0.060 ms - 0[0m
[0mPOST /api/admin/login [32m200[0m 124.226 ms - 762[0m
[0mGET /api/admin/dashboard [32m200[0m 75.465 ms - 134[0m
[0mOPTIONS /api/admin/vendors?page=1&limit=5&search= [32m204[0m 0.069 ms - 0[0m
[0mGET /api/admin/vendors?page=1&limit=5&search= [32m200[0m 158.481 ms - 17401[0m
[0mGET /api/admin/vendors?page=1&limit=5&search= [32m200[0m 279.189 ms - 17401[0m
[0mGET /api/admin/vendors?page=1&limit=5&search= [32m200[0m 141.382 ms - 17401[0m
[0mOPTIONS /api/admin/vendors/69c4ff1391caa475d223d505/status [32m204[0m 0.055 ms - 0[0m
[0mPUT /api/admin/vendors/69c4ff1391caa475d223d505/status [32m200[0m 1040.960 ms - 61[0m
[0mPOST /api/vendor/login [32m200[0m 188.399 ms - 636[0m
[0mGET /api/vendor/profile [32m200[0m 81.766 ms - 274[0m
[0mGET /api/vendor/profile [36m304[0m 75.179 ms - -[0m
[0mOPTIONS /api/vendor/reapply [32m204[0m 0.067 ms - 0[0m
[0mPOST /api/vendor/reapply [32m200[0m 1421.830 ms - 95[0m
[0mGET /api/admin/vendors?page=1&limit=5&search= [32m200[0m 145.523 ms - 17612[0m
[0mGET /api/admin/vendors?page=1&limit=5&search= [32m200[0m 185.951 ms - 17612[0m
[0mGET /api/admin/vendors?page=1&limit=5&search= [32m200[0m 149.872 ms - 17612[0m
[0mOPTIONS /api/admin/users?page=1&limit=5&search= [32m204[0m 0.047 ms - 0[0m
[0mGET /api/admin/users?page=1&limit=5&search= [32m200[0m 219.354 ms - 1124[0m
[0mOPTIONS /api/admin/block-unblock?userId=69c4e9fa56abb1d8b44915ab [32m204[0m 0.046 ms - 0[0m
[0mPATCH /api/admin/block-unblock?userId=69c4e9fa56abb1d8b44915ab [32m200[0m 118.381 ms - 135[0m
[0mGET /api/admin/users?page=1&limit=5&search= [32m200[0m 108.259 ms - 1125[0m
[0mOPTIONS /api/user/login [32m204[0m 0.975 ms - 0[0m
[0mPOST /api/user/login [33m401[0m 142.258 ms - 32[0m
[0mPOST /api/user/login [33m401[0m 94.541 ms - 32[0m
[0mPOST /api/user/login [32m200[0m 182.672 ms - 951[0m
[0mOPTIONS /api/user/vendors?limit=5 [32m204[0m 0.171 ms - 0[0m
[0mGET /api/user/vendors?limit=5 [32m200[0m 131.361 ms - 17612[0m
[0mGET /api/user/vendors?limit=5 [32m200[0m 91.672 ms - 17612[0m
[0mGET /api/user/vendors?limit=5 [32m200[0m 159.565 ms - 17612[0m
[0mGET /api/user/vendors?limit=5 [32m200[0m 161.106 ms - 17612[0m
[0mOPTIONS /api/user/logout [32m204[0m 0.156 ms - 0[0m
[0mPOST /api/user/logout [32m200[0m 1.080 ms - 41[0m
[0mPOST /api/user/login [33m401[0m 68.461 ms - 32[0m
[0mPOST /api/user/login [32m200[0m 151.572 ms - 825[0m
[0mGET /api/user/vendors?limit=5 [32m200[0m 99.926 ms - 17612[0m
[0mPOST /api/user/logout [32m200[0m 0.568 ms - 41[0m
[0mPOST /api/user/login [32m200[0m 144.181 ms - 825[0m
[0mGET /api/user/vendors?limit=5 [32m200[0m 166.902 ms - 17612[0m
[0mOPTIONS /api/user/login [32m204[0m 0.112 ms - 0[0m
[0mPOST /api/user/login [32m200[0m 141.925 ms - 825[0m
[0mOPTIONS /api/user/vendors?limit=5 [32m204[0m 0.105 ms - 0[0m
[0mGET /api/user/vendors?limit=5 [32m200[0m 107.130 ms - 17612[0m
[0mOPTIONS /api/user/vendors?limit=5 [32m204[0m 2.057 ms - 0[0m
[0mGET /api/user/vendors?limit=5 [33m401[0m 32.413 ms - 42[0m
[0mOPTIONS /api/user/refresh-token [32m204[0m 0.069 ms - 0[0m
[0mPOST /api/user/refresh-token [0m-[0m - ms - -[0m
[0mOPTIONS /api/user/user/profile [32m204[0m 0.201 ms - 0[0m
[0mGET /api/user/user/profile [33m404[0m 8.373 ms - 160[0m
[0mGET /api/user/vendors?limit=5 [33m401[0m 4.674 ms - 42[0m
[0mPOST /api/user/refresh-token [32m200[0m 45.942 ms - 203[0m
[0mGET /api/user/vendors?limit=5 [32m200[0m 205.330 ms - 17612[0m
[0mOPTIONS /api/user/logout [32m204[0m 0.087 ms - 0[0m
[0mPOST /api/user/logout [32m200[0m 5.356 ms - 41[0m
[0mOPTIONS /api/user/login [32m204[0m 0.075 ms - 0[0m
[0mPOST /api/user/login [32m200[0m 171.188 ms - 825[0m
[0mGET /api/user/vendors?limit=5 [32m200[0m 89.257 ms - 17612[0m
[0mOPTIONS /api/user/logout [32m204[0m 0.082 ms - 0[0m
[0mPOST /api/user/logout [32m200[0m 0.579 ms - 41[0m
[0mOPTIONS /api/user/login [32m204[0m 0.080 ms - 0[0m
[0mPOST /api/user/login [32m200[0m 135.001 ms - 825[0m
[0mOPTIONS /api/user/vendors?limit=5 [32m204[0m 0.111 ms - 0[0m
[0mGET /api/user/vendors?limit=5 [32m200[0m 100.452 ms - 17612[0m
[0mOPTIONS /api/user/user/profile [32m204[0m 0.101 ms - 0[0m
[0mGET /api/user/user/profile [33m404[0m 2.898 ms - 160[0m
[0mOPTIONS /api/user/useprofile [32m204[0m 0.161 ms - 0[0m
[0mGET /api/user/useprofile [33m404[0m 1.341 ms - 158[0m
[0mOPTIONS /api/user/profile [32m204[0m 0.105 ms - 0[0m
[0mGET /api/user/profile [32m200[0m 43.314 ms - 668[0m
[0mOPTIONS /api/user/logout [32m204[0m 0.048 ms - 0[0m
[0mPOST /api/user/logout [32m200[0m 2.820 ms - 41[0m
[0mOPTIONS /api/user/login [32m204[0m 0.051 ms - 0[0m
[0mPOST /api/user/login [32m200[0m 156.956 ms - 825[0m
[0mOPTIONS /api/user/vendors?limit=5 [32m204[0m 0.073 ms - 0[0m
[0mGET /api/user/vendors?limit=5 [32m200[0m 85.585 ms - 17612[0m
[0mOPTIONS /api/user/profile [32m204[0m 0.064 ms - 0[0m
[0mGET /api/user/profile [32m200[0m 35.158 ms - 668[0m
[0mPOST /api/user/logout [32m200[0m 0.464 ms - 41[0m
[0mPOST /api/user/login [32m200[0m 190.505 ms - 825[0m
[0mGET /api/user/vendors?limit=5 [32m200[0m 210.124 ms - 17612[0m
[0mGET /api/user/profile [32m200[0m 35.757 ms - 668[0m
[0mPOST /api/user/logout [32m200[0m 5.902 ms - 41[0m
[0mPOST /api/user/login [32m200[0m 172.259 ms - 825[0m
[0mGET /api/user/vendors?limit=5 [32m200[0m 114.026 ms - 17612[0m
[0mGET /api/user/profile [32m200[0m 36.259 ms - 668[0m
[0mGET /api/user/vendors?limit=5 [32m200[0m 84.069 ms - 17612[0m
[0mGET /api/user/profile [32m200[0m 37.233 ms - 668[0m
[0mPUT /api/user/profile [32m200[0m 180.879 ms - 668[0m
[0mGET /api/user/profile [32m200[0m 142.000 ms - 668[0m
[0mGET /api/user/profile [32m200[0m 35.803 ms - 668[0m
[0mGET /api/user/profile [32m200[0m 55.632 ms - 668[0m
[0mGET /api/user/profile [32m200[0m 35.152 ms - 668[0m
[0mGET /api/user/profile [32m200[0m 52.387 ms - 668[0m
[0mGET /api/user/profile [32m200[0m 40.843 ms - 668[0m
[0mGET /api/user/profile [32m200[0m 38.203 ms - 668[0m
[0mGET /api/user/profile [32m200[0m 32.958 ms - 668[0m
[0mGET /api/user/profile [32m200[0m 33.276 ms - 668[0m
[0mGET /api/user/profile [32m200[0m 35.020 ms - 668[0m
[0mGET /api/user/profile [32m200[0m 36.521 ms - 668[0m
[0mPUT /api/user/profile [32m200[0m 694.540 ms - 668[0m
[0mGET /api/user/profile [32m200[0m 66.188 ms - 668[0m
[0mOPTIONS /api/user/vendors?limit=5 [32m204[0m 0.601 ms - 0[0m
[0mGET /api/user/vendors?limit=5 [33m401[0m 7.106 ms - 42[0m
[0mOPTIONS /api/user/refresh-token [32m204[0m 0.054 ms - 0[0m
[0mPOST /api/user/refresh-token [32m200[0m 64.261 ms - 203[0m
[0mGET /api/user/vendors?limit=5 [32m200[0m 106.700 ms - 17612[0m
[0mOPTIONS /api/user/logout [32m204[0m 0.073 ms - 0[0m
[0mPOST /api/user/logout [32m200[0m 0.849 ms - 41[0m
[0mOPTIONS /api/user/login [32m204[0m 0.083 ms - 0[0m
[0mPOST /api/user/login [32m200[0m 135.969 ms - 825[0m
[0mGET /api/user/vendors?limit=5 [32m200[0m 91.632 ms - 17612[0m
[0mPOST /api/user/logout [32m200[0m 0.426 ms - 41[0m
[0mOPTIONS /api/user/login [32m204[0m 0.088 ms - 0[0m
[0mPOST /api/user/login [32m200[0m 144.661 ms - 825[0m
[0mOPTIONS /api/user/vendors?limit=5 [32m204[0m 0.252 ms - 0[0m
[0mGET /api/user/vendors?limit=5 [32m200[0m 96.335 ms - 17612[0m
[0mOPTIONS /api/user/profile [32m204[0m 0.058 ms - 0[0m
[0mGET /api/user/profile [32m200[0m 49.611 ms - 668[0m
[0mOPTIONS /api/user/logout [32m204[0m 1.028 ms - 0[0m
[0mPOST /api/user/logout [32m200[0m 4.133 ms - 41[0m
[0mOPTIONS /api/user/login [32m204[0m 0.069 ms - 0[0m
[0mPOST /api/user/login [32m200[0m 154.842 ms - 825[0m
[0mOPTIONS /api/user/vendors?limit=5 [32m204[0m 0.266 ms - 0[0m
[0mGET /api/user/vendors?limit=5 [32m200[0m 109.657 ms - 17612[0m
[0mOPTIONS /api/user/profile [32m204[0m 0.095 ms - 0[0m
[0mGET /api/user/profile [32m200[0m 43.245 ms - 684[0m
[0mOPTIONS /api/user/profile [32m204[0m 0.138 ms - 0[0m
[0mPUT /api/user/profile [32m200[0m 163.428 ms - 684[0m
[0mOPTIONS /api/user/profile [32m204[0m 0.051 ms - 0[0m
[0mGET /api/user/profile [32m200[0m 37.135 ms - 684[0m
[0mOPTIONS /api/user/profile [32m204[0m 0.056 ms - 0[0m
[0mPUT /api/user/profile [32m200[0m 143.985 ms - 684[0m
[0mOPTIONS /api/user/profile [32m204[0m 0.048 ms - 0[0m
[0mGET /api/user/profile [32m200[0m 40.710 ms - 684[0m
[0mOPTIONS /api/user/logout [32m204[0m 0.050 ms - 0[0m
[0mPOST /api/user/logout [32m200[0m 0.453 ms - 41[0m
[0mOPTIONS /api/user/login [32m204[0m 0.261 ms - 0[0m
[0mPOST /api/user/login [32m200[0m 124.856 ms - 825[0m
[0mOPTIONS /api/user/vendors?limit=5 [32m204[0m 0.113 ms - 0[0m
[0mGET /api/user/vendors?limit=5 [32m200[0m 92.028 ms - 17612[0m
[0mOPTIONS /api/user/profile [32m204[0m 0.072 ms - 0[0m
[0mGET /api/user/profile [32m200[0m 37.834 ms - 684[0m
[0mOPTIONS /api/user/profile [32m204[0m 0.049 ms - 0[0m
[0mPUT /api/user/profile [32m200[0m 310.715 ms - 685[0m
[0mOPTIONS /api/user/profile [32m204[0m 0.079 ms - 0[0m
[0mGET /api/user/profile [32m200[0m 67.743 ms - 685[0m
[0mOPTIONS /api/user/profile [32m204[0m 0.105 ms - 0[0m
[0mGET /api/user/profile [32m200[0m 132.098 ms - 685[0m
[0mOPTIONS /api/user/profile [32m204[0m 0.056 ms - 0[0m
[0mGET /api/user/profile [32m200[0m 37.390 ms - 685[0m
[0mOPTIONS /api/user/profile [32m204[0m 0.036 ms - 0[0m
[0mGET /api/user/profile [32m200[0m 83.428 ms - 685[0m
[0mOPTIONS /api/user/logout [32m204[0m 0.053 ms - 0[0m
[0mPOST /api/user/logout [32m200[0m 0.424 ms - 41[0m
[0mOPTIONS /api/user/login [32m204[0m 0.041 ms - 0[0m
[0mPOST /api/user/login [32m200[0m 169.380 ms - 826[0m
[0mOPTIONS /api/user/vendors?limit=5 [32m204[0m 0.059 ms - 0[0m
[0mGET /api/user/vendors?limit=5 [32m200[0m 194.839 ms - 17612[0m
[0mOPTIONS /api/user/profile [32m204[0m 0.057 ms - 0[0m
[0mGET /api/user/profile [32m200[0m 50.731 ms - 685[0m
[0mOPTIONS /api/user/profile [32m204[0m 0.040 ms - 0[0m
[0mPUT /api/user/profile [32m200[0m 140.702 ms - 684[0m
[0mOPTIONS /api/user/logout [32m204[0m 0.042 ms - 0[0m
[0mPOST /api/user/logout [32m200[0m 0.397 ms - 41[0m
[0mOPTIONS /api/user/login [32m204[0m 0.038 ms - 0[0m
[0mPOST /api/user/login [32m200[0m 125.933 ms - 825[0m
[0mOPTIONS /api/user/vendors?limit=5 [32m204[0m 0.085 ms - 0[0m
[0mGET /api/user/vendors?limit=5 [32m200[0m 90.548 ms - 17612[0m
[0mOPTIONS /api/user/logout [32m204[0m 0.052 ms - 0[0m
[0mPOST /api/user/logout [32m200[0m 0.676 ms - 41[0m
[0mOPTIONS /api/user/login [32m204[0m 0.497 ms - 0[0m
[0mPOST /api/user/login [32m200[0m 147.993 ms - 825[0m
[0mOPTIONS /api/user/vendors?limit=5 [32m204[0m 0.052 ms - 0[0m
[0mGET /api/user/vendors?limit=5 [32m200[0m 102.949 ms - 17612[0m
[0mOPTIONS /api/user/profile [32m204[0m 0.056 ms - 0[0m
[0mGET /api/user/profile [32m200[0m 73.787 ms - 684[0m
[0mOPTIONS /api/user/vendors?limit=5 [32m204[0m 1.064 ms - 0[0m
[0mGET /api/user/vendors?limit=5 [33m401[0m 9.575 ms - 42[0m
[0mOPTIONS /api/user/refresh-token [32m204[0m 0.070 ms - 0[0m
[0mPOST /api/user/refresh-token [32m200[0m 70.838 ms - 203[0m
[0mGET /api/user/vendors?limit=5 [32m200[0m 150.735 ms - 17612[0m
[0mOPTIONS /api/user/logout [32m204[0m 0.086 ms - 0[0m
[0mPOST /api/user/logout [32m200[0m 1.778 ms - 41[0m
[0mOPTIONS /api/vendor/profile [32m204[0m 0.061 ms - 0[0m
[0mGET /api/vendor/profile [33m401[0m 1.247 ms - 42[0m
[0mOPTIONS /api/vendor/refresh-token [32m204[0m 0.068 ms - 0[0m
[0mPOST /api/vendor/refresh-token [32m200[0m 38.729 ms - 205[0m
[0mGET /api/vendor/profile [32m200[0m 35.869 ms - 274[0m
[0mOPTIONS /api/vendor/logout [32m204[0m 0.057 ms - 0[0m
[0mPOST /api/vendor/logout [32m200[0m 0.599 ms - 44[0m
[0mOPTIONS /api/vendor/login [32m204[0m 0.169 ms - 0[0m
[0mPOST /api/vendor/login [32m200[0m 195.019 ms - 2355[0m
[0mOPTIONS /api/vendor/profile [32m204[0m 0.120 ms - 0[0m
[0mOPTIONS /api/vendor/vendorDetails [32m204[0m 0.068 ms - 0[0m
[0mOPTIONS /api/vendor/profile [32m204[0m 0.101 ms - 0[0m
[0mGET /api/vendor/profile [32m200[0m 43.220 ms - 2025[0m
[0mGET /api/vendor/profile [32m200[0m 50.131 ms - 2025[0m
[0mGET /api/vendor/vendorDetails [32m200[0m 123.000 ms - 5862[0m
[0mOPTIONS /api/vendor/vendorDetails [32m204[0m 1.432 ms - 0[0m
[0mOPTIONS /api/vendor/profile [32m204[0m 0.245 ms - 0[0m
[0mGET /api/vendor/profile [32m200[0m 99.762 ms - 2025[0m
[0mGET /api/vendor/vendorDetails [32m200[0m 134.158 ms - 5862[0m
[0mOPTIONS /api/vendor/logout [32m204[0m 0.116 ms - 0[0m
[0mPOST /api/vendor/logout [32m200[0m 2.379 ms - 44[0m
[0mOPTIONS /api/vendor/login [32m204[0m 0.119 ms - 0[0m
[0mPOST /api/vendor/login [33m401[0m 129.629 ms - 43[0m
[0mOPTIONS /api/vendor/login [32m204[0m 0.085 ms - 0[0m
[0mPOST /api/vendor/login [32m200[0m 147.216 ms - 878[0m
[0mOPTIONS /api/vendor/profile [32m204[0m 0.111 ms - 0[0m
[0mOPTIONS /api/vendor/vendorDetails [32m204[0m 0.113 ms - 0[0m
[0mOPTIONS /api/vendor/profile [32m204[0m 0.119 ms - 0[0m
[0mGET /api/vendor/profile [32m200[0m 40.760 ms - 2025[0m
[0mGET /api/vendor/profile [32m200[0m 39.850 ms - 2025[0m
[0mGET /api/vendor/vendorDetails [32m200[0m 95.273 ms - 5862[0m
[0mOPTIONS /api/admin/dashboard [32m204[0m 0.083 ms - 0[0m
[0mGET /api/admin/dashboard [33m401[0m 1.530 ms - 42[0m
[0mOPTIONS /api/admin/refresh-token [32m204[0m 0.058 ms - 0[0m
[0mPOST /api/admin/refresh-token [33m401[0m 1.303 ms - 36[0m
[0mOPTIONS /api/admin/login [32m204[0m 0.079 ms - 0[0m
[0mPOST /api/admin/login [32m200[0m 76.028 ms - 762[0m
[0mGET /api/admin/dashboard [32m200[0m 44.902 ms - 134[0m
[0mOPTIONS /api/admin/vendors?page=1&limit=5&search= [32m204[0m 0.105 ms - 0[0m
[0mGET /api/admin/vendors?page=1&limit=5&search= [32m200[0m 95.108 ms - 17612[0m
[0mOPTIONS /api/admin/vendors?page=2&limit=5&search= [32m204[0m 0.039 ms - 0[0m
[0mGET /api/admin/vendors?page=2&limit=5&search= [32m200[0m 127.303 ms - 13363[0m
[0mOPTIONS /api/vendor/logout [32m204[0m 0.534 ms - 0[0m
[0mPOST /api/vendor/logout [32m200[0m 7.674 ms - 44[0m
[0mOPTIONS /api/vendor/login [32m204[0m 0.112 ms - 0[0m
[0mPOST /api/vendor/login [32m200[0m 201.231 ms - 896[0m
[0mOPTIONS /api/vendor/profile [32m204[0m 0.097 ms - 0[0m
[0mOPTIONS /api/vendor/vendorDetails [32m204[0m 0.119 ms - 0[0m
[0mOPTIONS /api/vendor/profile [32m204[0m 0.076 ms - 0[0m
[0mGET /api/vendor/profile [32m200[0m 51.477 ms - 2025[0m
[0mGET /api/vendor/profile [32m200[0m 46.103 ms - 2025[0m
[0mGET /api/vendor/vendorDetails [32m200[0m 102.956 ms - 5862[0m
[0mOPTIONS /api/vendor/logout [32m204[0m 0.101 ms - 0[0m
[0mPOST /api/vendor/logout [32m200[0m 0.568 ms - 44[0m
[0mOPTIONS /api/vendor/login [32m204[0m 0.965 ms - 0[0m
[0mPOST /api/vendor/login [32m200[0m 203.867 ms - 920[0m
[0mOPTIONS /api/vendor/profile [32m204[0m 0.269 ms - 0[0m
[0mOPTIONS /api/vendor/vendorDetails [32m204[0m 0.143 ms - 0[0m
[0mOPTIONS /api/vendor/profile [32m204[0m 0.106 ms - 0[0m
[0mGET /api/vendor/profile [32m200[0m 48.574 ms - 2025[0m
[0mGET /api/vendor/profile [32m200[0m 50.160 ms - 2025[0m
[0mGET /api/vendor/vendorDetails [32m200[0m 100.827 ms - 5862[0m
[0mOPTIONS /api/vendor/vendorDetails [32m204[0m 4.793 ms - 0[0m
[0mOPTIONS /api/vendor/profile [32m204[0m 0.107 ms - 0[0m
[0mGET /api/vendor/profile [32m200[0m 420.526 ms - 2025[0m
[0mGET /api/vendor/vendorDetails [32m200[0m 549.270 ms - 5862[0m
[0mOPTIONS /api/vendor/vendorDetails [32m204[0m 1.028 ms - 0[0m
[0mOPTIONS /api/vendor/profile [32m204[0m 0.112 ms - 0[0m
[0mGET /api/vendor/vendorDetails [33m401[0m 8.662 ms - 42[0m
[0mGET /api/vendor/profile [33m401[0m 10.381 ms - 42[0m
[0mOPTIONS /api/vendor/refresh-token [32m204[0m 0.084 ms - 0[0m
[0mOPTIONS /api/vendor/refresh-token [32m204[0m 0.085 ms - 0[0m
[0mPOST /api/vendor/refresh-token [32m200[0m 39.607 ms - 205[0m
[0mPOST /api/vendor/refresh-token [32m200[0m 64.628 ms - 205[0m
[0mGET /api/vendor/profile [32m200[0m 67.735 ms - 2025[0m
[0mGET /api/vendor/vendorDetails [32m200[0m 80.123 ms - 5862[0m
[0mOPTIONS /api/vendor/login [32m204[0m 0.080 ms - 0[0m
[0mPOST /api/vendor/login [32m200[0m 139.677 ms - 920[0m
[0mOPTIONS /api/vendor/profile [32m204[0m 0.069 ms - 0[0m
[0mGET /api/vendor/profile [32m200[0m 35.773 ms - 2025[0m
[0mOPTIONS /api/vendor/vendorDetails [32m204[0m 0.077 ms - 0[0m
[0mGET /api/vendor/profile [36m304[0m 46.975 ms - -[0m
[0mGET /api/vendor/vendorDetails [32m200[0m 85.140 ms - 5862[0m
[0mOPTIONS /api/vendor/logout [32m204[0m 0.066 ms - 0[0m
[0mPOST /api/vendor/logout [32m200[0m 0.778 ms - 44[0m
[0mOPTIONS /api/vendor/login [32m204[0m 6.481 ms - 0[0m
[0mPOST /api/vendor/login [32m200[0m 252.674 ms - 920[0m
[0mOPTIONS /api/vendor/profile [32m204[0m 0.099 ms - 0[0m
[0mGET /api/vendor/profile [32m200[0m 55.236 ms - 2025[0m
[0mOPTIONS /api/vendor/vendorDetails [32m204[0m 0.109 ms - 0[0m
[0mOPTIONS /api/vendor/profile [32m204[0m 0.064 ms - 0[0m
[0mGET /api/vendor/profile [32m200[0m 50.897 ms - 2025[0m
[0mGET /api/vendor/vendorDetails [32m200[0m 107.541 ms - 5862[0m
[0mOPTIONS /api/vendor/vendorDetails [32m204[0m 1.353 ms - 0[0m
[0mOPTIONS /api/vendor/profile [32m204[0m 0.193 ms - 0[0m
[0mGET /api/vendor/vendorDetails [33m401[0m 10.214 ms - 42[0m
[0mGET /api/vendor/profile [33m401[0m 11.958 ms - 42[0m
[0mOPTIONS /api/vendor/refresh-token [32m204[0m 0.155 ms - 0[0m
[0mPOST /api/vendor/refresh-token [33m401[0m 69.359 ms - 35[0m
[0mPOST /api/vendor/refresh-token [33m401[0m 39.721 ms - 35[0m
[0mOPTIONS /api/vendor/login [32m204[0m 0.074 ms - 0[0m
[0mPOST /api/vendor/login [33m401[0m 120.200 ms - 35[0m
[0mPOST /api/vendor/signup [32m200[0m 7722.746 ms - 134[0m
[0mOPTIONS /api/vendor/verify-email [32m204[0m 0.133 ms - 0[0m
[0mPOST /api/vendor/verify-email [32m201[0m 402.919 ms - 279[0m
[0mPOST /api/vendor/login [33m403[0m 137.520 ms - 56[0m
[0mOPTIONS /api/admin/login [32m204[0m 0.117 ms - 0[0m
[0mPOST /api/admin/login [32m200[0m 116.142 ms - 762[0m
[0mOPTIONS /api/admin/dashboard [32m204[0m 0.054 ms - 0[0m
[0mGET /api/admin/dashboard [32m200[0m 91.932 ms - 134[0m
[0mOPTIONS /api/admin/users?page=1&limit=5&search= [32m204[0m 0.050 ms - 0[0m
[0mGET /api/admin/users?page=1&limit=5&search= [32m200[0m 148.516 ms - 1125[0m
[0mOPTIONS /api/admin/vendors?page=1&limit=5&search= [32m204[0m 0.050 ms - 0[0m
[0mGET /api/admin/vendors?page=1&limit=5&search= [32m200[0m 105.213 ms - 17066[0m
[0mOPTIONS /api/admin/vendors/69cb5b2bccc702b3a3374922/status [32m204[0m 0.058 ms - 0[0m
[0mPUT /api/admin/vendors/69cb5b2bccc702b3a3374922/status [32m200[0m 3197.663 ms - 61[0m
[0mGET /api/admin/vendors?page=1&limit=5&search= [32m200[0m 86.081 ms - 17096[0m
[0mPOST /api/vendor/login [32m200[0m 178.379 ms - 405[0m
[0mOPTIONS /api/vendor/profile [32m204[0m 0.048 ms - 0[0m
[0mGET /api/vendor/profile [32m200[0m 76.078 ms - 277[0m
[0mGET /api/vendor/profile [36m304[0m 383.965 ms - -[0m
[0mOPTIONS /api/vendor/reapply [32m204[0m 0.071 ms - 0[0m
[0mPOST /api/vendor/reapply [32m200[0m 4196.489 ms - 95[0m
[0mGET /api/admin/vendors?page=1&limit=5&search= [32m200[0m 89.397 ms - 17277[0m
[0mGET /api/admin/vendors?page=1&limit=5&search= [32m200[0m 286.369 ms - 17277[0m
[0mGET /api/admin/vendors?page=1&limit=5&search= [32m200[0m 89.622 ms - 17277[0m
[0mGET /api/admin/vendors?page=1&limit=5&search= [32m200[0m 82.930 ms - 17277[0m
[0mGET /api/admin/vendors?page=1&limit=5&search= [32m200[0m 107.200 ms - 17277[0m
[0mGET /api/admin/vendors?page=1&limit=5&search= [32m200[0m 169.548 ms - 17277[0m
[0mPUT /api/admin/vendors/69cb5b2bccc702b3a3374922/status [32m200[0m 3008.870 ms - 61[0m
[0mOPTIONS /api/vendor/logout [32m204[0m 0.045 ms - 0[0m
[0mPOST /api/vendor/logout [32m200[0m 46.040 ms - 44[0m
[0mPOST /api/vendor/login [32m200[0m 160.778 ms - 404[0m
[0mOPTIONS /api/vendor/vendorDetails [32m204[0m 0.043 ms - 0[0m
[0mGET /api/vendor/profile [32m200[0m 71.150 ms - 276[0m
[0mGET /api/vendor/vendorDetails [32m200[0m 114.709 ms - 960[0m
[0mGET /api/vendor/profile [36m304[0m 79.323 ms - -[0m
[0mPOST /api/vendor/logout [32m200[0m 69.370 ms - 44[0m
[0mOPTIONS /api/vendor/login [32m204[0m 0.583 ms - 0[0m
[0mPOST /api/vendor/login [32m200[0m 253.653 ms - 404[0m
[0mOPTIONS /api/vendor/profile [32m204[0m 0.059 ms - 0[0m
[0mOPTIONS /api/vendor/vendorDetails [32m204[0m 0.060 ms - 0[0m
[0mOPTIONS /api/vendor/profile [32m204[0m 0.057 ms - 0[0m
[0mGET /api/vendor/profile [32m200[0m 142.219 ms - 276[0m
[0mGET /api/vendor/vendorDetails [32m200[0m 177.419 ms - 960[0m
[0mGET /api/vendor/profile [32m200[0m 538.768 ms - 276[0m
[0mOPTIONS /api/vendor/profile [32m204[0m 4.517 ms - 0[0m
[0mGET /api/vendor/profile [32m200[0m 125.822 ms - 276[0m
[0mOPTIONS /api/vendor/logout [32m204[0m 1.021 ms - 0[0m
[0mPOST /api/vendor/logout [32m200[0m 51.355 ms - 44[0m
[0mOPTIONS /api/vendor/login [32m204[0m 0.067 ms - 0[0m
[0mPOST /api/vendor/login [32m200[0m 192.282 ms - 404[0m
[0mOPTIONS /api/vendor/profile [32m204[0m 0.148 ms - 0[0m
[0mOPTIONS /api/vendor/vendorDetails [32m204[0m 0.081 ms - 0[0m
[0mOPTIONS /api/vendor/profile [32m204[0m 0.058 ms - 0[0m
[0mGET /api/vendor/profile [32m200[0m 99.076 ms - 331[0m
[0mGET /api/vendor/profile [32m200[0m 373.853 ms - 331[0m
[0mGET /api/vendor/vendorDetails [32m200[0m 402.908 ms - 960[0m
[0mOPTIONS /api/vendor/profile [32m204[0m 0.127 ms - 0[0m
[0mGET /api/vendor/profile [32m200[0m 74.357 ms - 331[0m
[0mOPTIONS /api/vendor/profile [32m204[0m 0.922 ms - 0[0m
[0mGET /api/vendor/profile [32m200[0m 83.628 ms - 331[0m
[0mOPTIONS /api/vendor/profile [32m204[0m 1.109 ms - 0[0m
[0mGET /api/vendor/profile [32m200[0m 90.969 ms - 331[0m
[0mOPTIONS /api/vendor/logout [32m204[0m 0.135 ms - 0[0m
[0mPOST /api/vendor/logout [32m200[0m 33.728 ms - 44[0m
[0mOPTIONS /api/vendor/login [32m204[0m 0.085 ms - 0[0m
[0mPOST /api/vendor/login [32m200[0m 184.175 ms - 404[0m
[0mOPTIONS /api/vendor/profile [32m204[0m 0.081 ms - 0[0m
[0mOPTIONS /api/vendor/vendorDetails [32m204[0m 0.071 ms - 0[0m
[0mOPTIONS /api/vendor/profile [32m204[0m 0.045 ms - 0[0m
[0mGET /api/vendor/vendorDetails [32m200[0m 106.798 ms - 960[0m
[0mGET /api/vendor/profile [32m200[0m 69.953 ms - 331[0m
[0mGET /api/vendor/profile [32m200[0m 387.061 ms - 331[0m
[0mOPTIONS /api/vendor/logout [32m204[0m 0.266 ms - 0[0m
[0mPOST /api/vendor/logout [32m200[0m 79.165 ms - 44[0m
[0mOPTIONS /api/vendor/login [32m204[0m 0.076 ms - 0[0m
[0mPOST /api/vendor/login [33m401[0m 142.304 ms - 35[0m
[0mOPTIONS /api/vendor/login [32m204[0m 0.201 ms - 0[0m
[0mPOST /api/vendor/login [33m401[0m 68.497 ms - 35[0m
[0mOPTIONS /api/vendor/login [32m204[0m 0.138 ms - 0[0m
[0mPOST /api/vendor/login [32m200[0m 214.136 ms - 403[0m
[0mOPTIONS /api/vendor/profile [32m204[0m 0.049 ms - 0[0m
[0mOPTIONS /api/vendor/profile [32m204[0m 0.038 ms - 0[0m
[0mGET /api/vendor/profile [32m200[0m 73.872 ms - 330[0m
[0mGET /api/vendor/profile [32m200[0m 68.459 ms - 330[0m
[0mOPTIONS /api/admin/vendors?page=1&limit=5&search= [32m204[0m 0.039 ms - 0[0m
[0mGET /api/admin/vendors?page=1&limit=5&search= [33m401[0m 9.641 ms - 42[0m
[0mOPTIONS /api/admin/refresh-token [32m204[0m 0.037 ms - 0[0m
[0mPOST /api/admin/refresh-token [33m401[0m 5.693 ms - 36[0m
[0mGET /api/admin/vendors?page=1&limit=5&search= [33m401[0m 0.807 ms - 37[0m
[0mGET /api/admin/logout [33m401[0m 0.991 ms - 37[0m
[0mOPTIONS /api/admin/login [32m204[0m 0.086 ms - 0[0m
[0mPOST /api/admin/login [32m200[0m 156.519 ms - 762[0m
[0mOPTIONS /api/admin/dashboard [32m204[0m 0.073 ms - 0[0m
[0mGET /api/admin/dashboard [32m200[0m 121.991 ms - 134[0m
[0mGET /api/admin/vendors?page=1&limit=5&search= [32m200[0m 153.357 ms - 17253[0m
[0mOPTIONS /api/admin/vendors/69c4ff1391caa475d223d505/status [32m204[0m 0.037 ms - 0[0m
[0mPUT /api/admin/vendors/69c4ff1391caa475d223d505/status [32m200[0m 3294.024 ms - 61[0m
[0mGET /api/admin/vendors?page=1&limit=5&search= [32m200[0m 84.794 ms - 17229[0m
[0mOPTIONS /api/vendor/logout [32m204[0m 0.052 ms - 0[0m
[0mPOST /api/vendor/logout [32m200[0m 44.170 ms - 44[0m
[0mOPTIONS /api/vendor/login [32m204[0m 0.061 ms - 0[0m
[0mPOST /api/vendor/login [32m200[0m 179.240 ms - 401[0m
[0mOPTIONS /api/vendor/profile [32m204[0m 0.135 ms - 0[0m
[0mOPTIONS /api/vendor/vendorDetails [32m204[0m 0.243 ms - 0[0m
[0mOPTIONS /api/vendor/profile [32m204[0m 0.096 ms - 0[0m
[0mGET /api/vendor/profile [32m200[0m 104.098 ms - 328[0m
[0mGET /api/vendor/profile [32m200[0m 86.676 ms - 328[0m
[0mGET /api/vendor/vendorDetails [32m200[0m 113.752 ms - 957[0m
[0mOPTIONS /api/vendor/logout [32m204[0m 6.726 ms - 0[0m
[0mPOST /api/vendor/logout [32m200[0m 57.753 ms - 44[0m
[0mOPTIONS /api/vendor/login [32m204[0m 0.054 ms - 0[0m
[0mPOST /api/vendor/login [32m200[0m 276.661 ms - 401[0m
[0mOPTIONS /api/vendor/vendorDetails [32m204[0m 0.066 ms - 0[0m
[0mOPTIONS /api/vendor/profile [32m204[0m 0.073 ms - 0[0m
[0mGET /api/vendor/profile [32m200[0m 146.113 ms - 328[0m
[0mGET /api/vendor/vendorDetails [32m200[0m 185.434 ms - 957[0m
[0mOPTIONS /api/vendor/profile [32m204[0m 0.441 ms - 0[0m
[0mGET /api/vendor/profile [32m200[0m 146.636 ms - 328[0m
[0mOPTIONS /api/vendor/profile [32m204[0m 0.055 ms - 0[0m
[0mGET /api/vendor/profile [0m-[0m - ms - -[0m
[0mOPTIONS /api/vendor/profile [32m204[0m 0.057 ms - 0[0m
[0mGET /api/vendor/profile [32m200[0m 81.173 ms - 328[0m
[0mOPTIONS /api/vendor/vendorDetails [32m204[0m 0.087 ms - 0[0m
[0mOPTIONS /api/vendor/profile [32m204[0m 0.077 ms - 0[0m
[0mGET /api/vendor/profile [32m200[0m 96.051 ms - 328[0m
[0mGET /api/vendor/vendorDetails [32m200[0m 145.972 ms - 957[0m
[0mOPTIONS /api/vendor/profile [32m204[0m 0.063 ms - 0[0m
[0mGET /api/vendor/profile [32m200[0m 117.097 ms - 328[0m
[0mOPTIONS /api/vendor/profile [32m204[0m 0.106 ms - 0[0m
[0mGET /api/vendor/profile [32m200[0m 75.223 ms - 328[0m
[0mOPTIONS /api/vendor/profile [32m204[0m 0.055 ms - 0[0m
[0mGET /api/vendor/profile [32m200[0m 71.396 ms - 328[0m
[0mOPTIONS /api/vendor/profile [32m204[0m 0.057 ms - 0[0m
[0mGET /api/vendor/profile [0m-[0m - ms - -[0m
[0mOPTIONS /api/vendor/profile [32m204[0m 0.039 ms - 0[0m
[0mGET /api/vendor/profile [0m-[0m - ms - -[0m
[0mOPTIONS /api/vendor/profile [32m204[0m 0.040 ms - 0[0m
[0mGET /api/vendor/profile [32m200[0m 83.166 ms - 328[0m
[0mOPTIONS /api/vendor/profile [32m204[0m 0.050 ms - 0[0m
[0mGET /api/vendor/profile [32m200[0m 75.272 ms - 328[0m
[0mOPTIONS /api/vendor/profile [32m204[0m 0.048 ms - 0[0m
[0mGET /api/vendor/profile [0m-[0m - ms - -[0m
[0mOPTIONS /api/vendor/profile [32m204[0m 0.048 ms - 0[0m
[0mGET /api/vendor/profile [32m200[0m 118.276 ms - 328[0m
[0mOPTIONS /api/vendor/profile [32m204[0m 0.041 ms - 0[0m
[0mGET /api/vendor/profile [32m200[0m 76.973 ms - 328[0m
[0mOPTIONS /api/vendor/profile [32m204[0m 0.047 ms - 0[0m
[0mGET /api/vendor/profile [32m200[0m 87.952 ms - 328[0m
[0mOPTIONS /api/vendor/profile [32m204[0m 0.043 ms - 0[0m
[0mGET /api/vendor/profile [32m200[0m 72.137 ms - 328[0m
[0mOPTIONS /api/vendor/profile [32m204[0m 1.598 ms - 0[0m
[0mGET /api/vendor/profile [32m200[0m 822.680 ms - 328[0m
[0mOPTIONS /api/vendor/logout [32m204[0m 0.051 ms - 0[0m
[0mPOST /api/vendor/logout [32m200[0m 36.823 ms - 44[0m
[0mOPTIONS /api/vendor/login [32m204[0m 0.040 ms - 0[0m
[0mPOST /api/vendor/login [32m200[0m 207.073 ms - 401[0m
[0mOPTIONS /api/vendor/vendorDetails [32m204[0m 0.038 ms - 0[0m
[0mOPTIONS /api/vendor/profile [32m204[0m 0.024 ms - 0[0m
[0mGET /api/vendor/vendorDetails [32m200[0m 146.172 ms - 957[0m
[0mGET /api/vendor/profile [32m200[0m 340.884 ms - 328[0m
[0mOPTIONS /api/vendor/vendorDetails [32m204[0m 0.444 ms - 0[0m
[0mGET /api/vendor/vendorDetails [32m200[0m 113.904 ms - 957[0m
[0mOPTIONS /api/vendor/logout [32m204[0m 0.078 ms - 0[0m
[0mPOST /api/vendor/logout [32m200[0m 34.465 ms - 44[0m
[0mOPTIONS /api/vendor/login [32m204[0m 0.054 ms - 0[0m
[0mPOST /api/vendor/login [32m200[0m 167.857 ms - 401[0m
[0mOPTIONS /api/vendor/vendorDetails [32m204[0m 0.071 ms - 0[0m
[0mOPTIONS /api/vendor/profile [32m204[0m 0.052 ms - 0[0m
[0mGET /api/vendor/vendorDetails [32m200[0m 114.978 ms - 957[0m
[0mGET /api/vendor/profile [32m200[0m 406.235 ms - 328[0m
[0mOPTIONS /api/vendor/logout [32m204[0m 1.959 ms - 0[0m
[0mPOST /api/vendor/logout [32m200[0m 131.226 ms - 44[0m
[0mOPTIONS /api/vendor/login [32m204[0m 0.049 ms - 0[0m
[0mPOST /api/vendor/login [32m200[0m 232.963 ms - 401[0m
[0mOPTIONS /api/vendor/vendorDetails [32m204[0m 0.076 ms - 0[0m
[0mOPTIONS /api/vendor/profile [32m204[0m 0.069 ms - 0[0m
[0mGET /api/vendor/profile [32m200[0m 83.707 ms - 328[0m
[0mGET /api/vendor/vendorDetails [32m200[0m 126.195 ms - 957[0m
[0mOPTIONS /api/user/login [32m204[0m 1.022 ms - 0[0m
[0mPOST /api/user/login [33m401[0m 73.040 ms - 32[0m
[0mOPTIONS /api/vendor/login [32m204[0m 0.122 ms - 0[0m
[0mPOST /api/vendor/login [32m200[0m 215.806 ms - 401[0m
[0mOPTIONS /api/vendor/vendorDetails [32m204[0m 0.179 ms - 0[0m
[0mGET /api/vendor/vendorDetails [32m200[0m 103.124 ms - 957[0m
[0mOPTIONS /api/vendor/logout [32m204[0m 0.111 ms - 0[0m
[0mPOST /api/vendor/logout [32m200[0m 0.996 ms - 44[0m
[0mOPTIONS /api/vendor/login [32m204[0m 0.084 ms - 0[0m
[0mPOST /api/vendor/login [32m200[0m 200.178 ms - 401[0m
[0mOPTIONS /api/vendor/vendorDetails [32m204[0m 0.102 ms - 0[0m
[0mGET /api/vendor/vendorDetails [32m200[0m 77.223 ms - 957[0m
[0mOPTIONS /api/vendor/vendorDetails [32m204[0m 0.126 ms - 0[0m
[0mGET /api/vendor/vendorDetails [32m200[0m 79.802 ms - 957[0m
[0mOPTIONS /api/vendor/vendorDetails [32m204[0m 0.055 ms - 0[0m
[0mGET /api/vendor/vendorDetails [32m200[0m 78.876 ms - 957[0m
[0mOPTIONS /api/vendor/vendorDetails [32m204[0m 0.123 ms - 0[0m
[0mGET /api/vendor/vendorDetails [32m200[0m 177.248 ms - 957[0m
[0mOPTIONS /api/vendor/vendorDetails [32m204[0m 0.127 ms - 0[0m
[0mGET /api/vendor/vendorDetails [32m200[0m 81.681 ms - 957[0m
[0mOPTIONS /api/vendor/vendorDetails [32m204[0m 0.070 ms - 0[0m
[0mGET /api/vendor/vendorDetails [32m200[0m 106.064 ms - 957[0m
[0mOPTIONS /api/vendor/vendorDetails [32m204[0m 0.079 ms - 0[0m
[0mGET /api/vendor/vendorDetails [32m200[0m 75.781 ms - 957[0m
[0mOPTIONS /api/vendor/vendorDetails [32m204[0m 0.095 ms - 0[0m
[0mGET /api/vendor/vendorDetails [32m200[0m 90.076 ms - 957[0m
[0mOPTIONS /api/vendor/logout [32m204[0m 0.062 ms - 0[0m
[0mPOST /api/vendor/logout [32m200[0m 0.859 ms - 44[0m
[0mOPTIONS /api/vendor/login [32m204[0m 0.080 ms - 0[0m
[0mPOST /api/vendor/login [32m200[0m 149.233 ms - 401[0m
[0mOPTIONS /api/vendor/vendorDetails [32m204[0m 0.089 ms - 0[0m
[0mGET /api/vendor/vendorDetails [32m200[0m 75.882 ms - 957[0m
[0mOPTIONS /api/vendor/logout [32m204[0m 0.524 ms - 0[0m
[0mPOST /api/vendor/logout [32m200[0m 2.587 ms - 44[0m
[0mOPTIONS /api/vendor/login [32m204[0m 0.056 ms - 0[0m
[0mPOST /api/vendor/login [32m200[0m 189.737 ms - 401[0m
[0mOPTIONS /api/vendor/vendorDetails [32m204[0m 0.085 ms - 0[0m
[0mGET /api/vendor/vendorDetails [32m200[0m 78.900 ms - 957[0m
[0mOPTIONS /api/vendor/profile [32m204[0m 0.074 ms - 0[0m
[0mGET /api/vendor/profile [32m200[0m 51.422 ms - 328[0m
[0mOPTIONS /api/vendor/vendorDetails [32m204[0m 0.073 ms - 0[0m
[0mGET /api/vendor/vendorDetails [32m200[0m 159.283 ms - 957[0m
[0mOPTIONS /api/vendor/logout [32m204[0m 0.057 ms - 0[0m
[0mPOST /api/vendor/logout [32m200[0m 0.538 ms - 44[0m
[0mOPTIONS /api/vendor/login [32m204[0m 2.449 ms - 0[0m
[0mPOST /api/vendor/login [32m200[0m 195.508 ms - 401[0m
[0mOPTIONS /api/vendor/vendorDetails [32m204[0m 0.102 ms - 0[0m
[0mGET /api/vendor/vendorDetails [32m200[0m 84.032 ms - 957[0m
[0mOPTIONS /api/vendor/profile [32m204[0m 0.091 ms - 0[0m
[0mGET /api/vendor/profile [32m200[0m 41.610 ms - 328[0m
[0mOPTIONS /api/vendor/logout [32m204[0m 0.075 ms - 0[0m
[0mPOST /api/vendor/logout [32m200[0m 0.595 ms - 44[0m
[0mOPTIONS /api/vendor/login [32m204[0m 0.081 ms - 0[0m
[0mPOST /api/vendor/login [32m200[0m 140.490 ms - 401[0m
[0mOPTIONS /api/vendor/vendorDetails [32m204[0m 0.114 ms - 0[0m
[0mGET /api/vendor/vendorDetails [32m200[0m 91.809 ms - 957[0m
[0mOPTIONS /api/vendor/profile [32m204[0m 0.601 ms - 0[0m
[0mGET /api/vendor/profile [32m200[0m 63.187 ms - 328[0m
[0mOPTIONS /api/vendor/vendorDetails [32m204[0m 0.108 ms - 0[0m
[0mGET /api/vendor/vendorDetails [32m200[0m 280.795 ms - 957[0m
[0mOPTIONS /api/vendor/dateAvailabilty [32m204[0m 0.227 ms - 0[0m
[0mOPTIONS /api/vendor/profile [32m204[0m 0.087 ms - 0[0m
[0mGET /api/vendor/profile [32m200[0m 37.698 ms - 328[0m
[0mGET /api/vendor/dateAvailabilty [32m200[0m 44.600 ms - 1094[0m
[0mOPTIONS /api/vendor/dateAvailabilty [32m204[0m 0.111 ms - 0[0m
[0mGET /api/vendor/dateAvailabilty [32m200[0m 38.934 ms - 1094[0m
[0mOPTIONS /api/vendor/dateAvailabilty [32m204[0m 0.058 ms - 0[0m
[0mPOST /api/vendor/dateAvailabilty [32m200[0m 97.149 ms - 107[0m
[0mOPTIONS /api/vendor/dateAvailabilty [32m204[0m 0.530 ms - 0[0m
[0mOPTIONS /api/vendor/profile [32m204[0m 0.081 ms - 0[0m
[0mGET /api/vendor/dateAvailabilty [32m200[0m 19987.475 ms - 1106[0m
[0mGET /api/vendor/profile [32m200[0m 19978.895 ms - 328[0m
[0mOPTIONS /api/vendor/dateAvailabilty [32m204[0m 0.107 ms - 0[0m
[0mGET /api/vendor/dateAvailabilty [32m200[0m 37.829 ms - 1106[0m
[0mOPTIONS /api/vendor/login [32m204[0m 6.235 ms - 0[0m
[0mPOST /api/vendor/login [32m200[0m 516.842 ms - 401[0m
[0mOPTIONS /api/vendor/vendorDetails [32m204[0m 0.167 ms - 0[0m
[0mGET /api/vendor/vendorDetails [32m200[0m 102.545 ms - 969[0m
[0mOPTIONS /api/vendor/profile [32m204[0m 0.797 ms - 0[0m
[0mGET /api/vendor/profile [32m200[0m 61.517 ms - 328[0m
[0mOPTIONS /api/vendor/logout [32m204[0m 0.699 ms - 0[0m
[0mPOST /api/vendor/logout [32m200[0m 2.862 ms - 44[0m
[0mPOST /api/vendor/signup [32m200[0m 5754.658 ms - 133[0m
[0mOPTIONS /api/vendor/verify-email [32m204[0m 0.082 ms - 0[0m
[0mPOST /api/vendor/verify-email [32m201[0m 191.580 ms - 279[0m
[0mOPTIONS /api/admin/login [32m204[0m 0.138 ms - 0[0m
[0mPOST /api/admin/login [32m200[0m 190.812 ms - 762[0m
[0mOPTIONS /api/admin/dashboard [32m204[0m 0.071 ms - 0[0m
[0mGET /api/admin/dashboard [32m200[0m 175.083 ms - 134[0m
[0mOPTIONS /api/admin/vendors?page=1&limit=5&search= [32m204[0m 0.050 ms - 0[0m
[0mGET /api/admin/vendors?page=1&limit=5&search= [32m200[0m 106.652 ms - 16317[0m
[0mGET /api/admin/vendors?page=1&limit=5&search= [32m200[0m 149.293 ms - 16317[0m
[0mGET /api/admin/vendors?page=1&limit=5&search= [32m200[0m 76.329 ms - 16317[0m
[0mOPTIONS /api/admin/vendors/69cd13fa178d7f8ba4da80d6/status [32m204[0m 0.054 ms - 0[0m
[0mPUT /api/admin/vendors/69cd13fa178d7f8ba4da80d6/status [32m200[0m 2681.345 ms - 61[0m
[0mGET /api/admin/vendors?page=1&limit=5&search= [32m200[0m 78.370 ms - 16334[0m
[0mPOST /api/vendor/login [32m200[0m 154.391 ms - 401[0m
[0mGET /api/vendor/profile [32m200[0m 64.179 ms - 332[0m
[0mOPTIONS /api/vendor/reapply [32m204[0m 0.064 ms - 0[0m
[0mPOST /api/vendor/reapply [32m200[0m 2098.526 ms - 95[0m
[0mGET /api/admin/vendors?page=1&limit=5&search= [32m200[0m 86.162 ms - 16528[0m
[0mGET /api/admin/vendors?page=1&limit=5&search= [32m200[0m 126.927 ms - 16528[0m
[0mGET /api/admin/vendors?page=1&limit=5&search= [32m200[0m 79.448 ms - 16528[0m
[0mPUT /api/admin/vendors/69cd13fa178d7f8ba4da80d6/status [32m200[0m 2942.609 ms - 61[0m
[0mGET /api/admin/vendors?page=1&limit=5&search= [32m200[0m 82.112 ms - 16504[0m
[0mPOST /api/vendor/logout [32m200[0m 30.327 ms - 44[0m
[0mPOST /api/vendor/login [32m200[0m 161.612 ms - 400[0m
[0mGET /api/vendor/vendorDetails [32m200[0m 100.032 ms - 960[0m
[0mPOST /api/vendor/logout [32m200[0m 37.021 ms - 44[0m
[0mPOST /api/vendor/signup [32m200[0m 9280.318 ms - 137[0m
[0mPOST /api/vendor/verify-email [32m201[0m 265.476 ms - 280[0m
[0mGET /api/admin/vendors?page=1&limit=5&search= [32m200[0m 87.822 ms - 16114[0m
[0mOPTIONS /api/admin/vendors/69cd1724178d7f8ba4da80fb/status [32m204[0m 0.085 ms - 0[0m
[0mPUT /api/admin/vendors/69cd1724178d7f8ba4da80fb/status [32m200[0m 2905.119 ms - 61[0m
[0mGET /api/admin/vendors?page=1&limit=5&search= [32m200[0m 82.997 ms - 16127[0m
[0mPOST /api/vendor/login [32m200[0m 156.736 ms - 407[0m
[0mPOST /api/vendor/signup [32m200[0m 5557.009 ms - 147[0m
[0mOPTIONS /api/vendor/verify-email [32m204[0m 0.162 ms - 0[0m
[0mPOST /api/vendor/verify-email [32m201[0m 220.087 ms - 308[0m
[0mOPTIONS /api/vendor/login [32m204[0m 0.074 ms - 0[0m
[0mPOST /api/vendor/login [33m403[0m 142.106 ms - 56[0m
[0mOPTIONS /api/admin/login [32m204[0m 0.081 ms - 0[0m
[0mPOST /api/admin/login [32m200[0m 98.130 ms - 762[0m
[0mOPTIONS /api/admin/dashboard [32m204[0m 0.073 ms - 0[0m
[0mGET /api/admin/dashboard [32m200[0m 44.502 ms - 134[0m
[0mOPTIONS /api/admin/vendors?page=1&limit=5&search= [32m204[0m 0.045 ms - 0[0m
[0mGET /api/admin/vendors?page=1&limit=5&search= [32m200[0m 108.712 ms - 16350[0m
[0mGET /api/admin/vendors?page=1&limit=5&search= [32m200[0m 91.921 ms - 16350[0m
[0mGET /api/admin/vendors?page=1&limit=5&search= [32m200[0m 211.492 ms - 16350[0m
[0mOPTIONS /api/admin/vendors/69cf344e4efa5a0433aa1b7d/status [32m204[0m 0.066 ms - 0[0m
[0mPUT /api/admin/vendors/69cf344e4efa5a0433aa1b7d/status [32m200[0m 2695.267 ms - 61[0m
[0mGET /api/admin/vendors?page=1&limit=5&search= [32m200[0m 95.527 ms - 16348[0m
[0mPOST /api/vendor/login [32m200[0m 195.861 ms - 427[0m
[0mOPTIONS /api/vendor/reapply [32m204[0m 0.085 ms - 0[0m
[0mPOST /api/vendor/reapply [32m200[0m 1816.163 ms - 95[0m
[0mGET /api/admin/vendors?page=1&limit=5&search= [32m200[0m 81.372 ms - 16561[0m
[0mPUT /api/admin/vendors/69cf344e4efa5a0433aa1b7d/status [32m200[0m 2842.034 ms - 61[0m
[0mGET /api/admin/vendors?page=1&limit=5&search= [32m200[0m 95.263 ms - 16537[0m
[0mOPTIONS /api/vendor/logout [32m204[0m 0.169 ms - 0[0m
[0mPOST /api/vendor/logout [32m200[0m 35.268 ms - 44[0m
[0mPOST /api/vendor/login [32m200[0m 221.851 ms - 426[0m
[0mOPTIONS /api/vendor/vendorDetails [32m204[0m 0.092 ms - 0[0m
[0mGET /api/vendor/vendorDetails [32m200[0m 307.497 ms - 989[0m
[0mGET /api/vendor/vendorDetails [36m304[0m 152.682 ms - -[0m
[0mPOST /api/vendor/logout [32m200[0m 40.834 ms - 44[0m
[0mOPTIONS /api/vendor/login [32m204[0m 0.184 ms - 0[0m
[0mPOST /api/vendor/login [32m200[0m 225.858 ms - 426[0m
[0mOPTIONS /api/vendor/vendorDetails [32m204[0m 0.141 ms - 0[0m
[0mGET /api/vendor/vendorDetails [32m200[0m 161.480 ms - 989[0m
[0mOPTIONS /api/vendor/vendorDetails [32m204[0m 14.394 ms - 0[0m
[0mGET /api/vendor/vendorDetails [32m200[0m 407.449 ms - 989[0m
[0mOPTIONS /api/vendor/vendorDetails [32m204[0m 0.066 ms - 0[0m
[0mGET /api/vendor/vendorDetails [32m200[0m 129.663 ms - 989[0m
[0mOPTIONS /api/vendor/logout [32m204[0m 0.074 ms - 0[0m
[0mPOST /api/vendor/logout [32m200[0m 43.481 ms - 44[0m
[0mOPTIONS /api/vendor/login [32m204[0m 0.078 ms - 0[0m
[0mPOST /api/vendor/login [32m200[0m 281.240 ms - 426[0m
[0mOPTIONS /api/vendor/vendorDetails [32m204[0m 0.078 ms - 0[0m
[0mGET /api/vendor/vendorDetails [32m200[0m 276.352 ms - 989[0m
[0mOPTIONS /api/admin/vendors?page=1&limit=5&search= [32m204[0m 1.438 ms - 0[0m
[0mGET /api/admin/vendors?page=1&limit=5&search= [33m401[0m 6.900 ms - 42[0m
[0mOPTIONS /api/admin/refresh-token [32m204[0m 0.054 ms - 0[0m
[0mPOST /api/admin/refresh-token [33m401[0m 13.447 ms - 36[0m
[0mOPTIONS /api/admin/login [32m204[0m 0.072 ms - 0[0m
[0mPOST /api/admin/login [33m401[0m 51.114 ms - 32[0m
[0mPOST /api/admin/login [32m200[0m 96.434 ms - 429[0m
[0mOPTIONS /api/admin/dashboard [32m204[0m 0.078 ms - 0[0m
[0mGET /api/admin/dashboard [32m200[0m 48.410 ms - 135[0m
[0mOPTIONS /api/admin/login [32m204[0m 0.067 ms - 0[0m
[0mPOST /api/admin/login [32m200[0m 140.802 ms - 429[0m
[0mOPTIONS /api/admin/dashboard [32m204[0m 0.054 ms - 0[0m
[0mGET /api/admin/dashboard [32m200[0m 80.750 ms - 135[0m
[0mOPTIONS /api/admin/users?page=1&limit=5&search= [32m204[0m 0.058 ms - 0[0m
[0mGET /api/admin/users?page=1&limit=5&search= [32m200[0m 204.508 ms - 1125[0m
[0mOPTIONS /api/admin/vendors?page=1&limit=5&search= [32m204[0m 0.054 ms - 0[0m
[0mGET /api/admin/vendors?page=1&limit=5&search= [32m200[0m 174.971 ms - 16537[0m
